#
# There is insufficient memory for the Java Runtime Environment to continue.
# Native memory allocation (malloc) failed to allocate 2236976 bytes for Chunk::new
# Possible reasons:
#   The system is out of physical RAM or swap space
#   The process is running with CompressedOops enabled, and the Java Heap may be blocking the growth of the native heap
# Possible solutions:
#   Reduce memory load on the system
#   Increase physical memory or swap space
#   Check if swap backing store is full
#   Decrease Java heap size (-Xmx/-Xms)
#   Decrease number of Java threads
#   Decrease Java thread stack sizes (-Xss)
#   Set larger code cache with -XX:ReservedCodeCacheSize=
#   JVM is running with Unscaled Compressed Oops mode in which the Java heap is
#     placed in the first 4GB address space. The Java Heap base address is the
#     maximum limit for the native heap growth. Please use -XX:HeapBaseMinAddress
#     to set the Java Heap base and to place the Java Heap above 4GB virtual address.
# This output file may be truncated or incomplete.
#
#  Out of Memory Error (arena.cpp:189), pid=20776, tid=9900
#
# JRE version: OpenJDK Runtime Environment (17.0.6) (build 17.0.6+0-b2043.56-9586694)
# Java VM: OpenJDK 64-Bit Server VM (17.0.6+0-b2043.56-9586694, mixed mode, tiered, compressed oops, compressed class ptrs, g1 gc, windows-amd64)
# No core dump will be written. Minidumps are not enabled by default on client versions of Windows
#

---------------  S U M M A R Y ------------

Command Line: --add-opens=java.base/java.util=ALL-UNNAMED --add-opens=java.base/java.lang=ALL-UNNAMED --add-opens=java.base/java.lang.invoke=ALL-UNNAMED --add-opens=java.prefs/java.util.prefs=ALL-UNNAMED --add-opens=java.base/java.nio.charset=ALL-UNNAMED --add-opens=java.base/java.net=ALL-UNNAMED --add-opens=java.base/java.util.concurrent.atomic=ALL-UNNAMED -Xmx2048m -Dfile.encoding=UTF-8 -Duser.country=US -Duser.language=en -Duser.variant org.gradle.launcher.daemon.bootstrap.GradleDaemon 8.0

Host: Intel(R) Core(TM) i7-7700HQ CPU @ 2.80GHz, 8 cores, 15G,  Windows 10 , 64 bit Build 19041 (10.0.19041.3031)
Time: Fri Jul 21 13:24:07 2023 Pakistan Standard Time elapsed time: 27.998776 seconds (0d 0h 0m 27s)

---------------  T H R E A D  ---------------

Current thread (0x000001c547863a40):  JavaThread "C2 CompilerThread0" daemon [_thread_in_native, id=9900, stack(0x0000007097200000,0x0000007097300000)]


Current CompileTask:
C2:  27998 9818   !   4       com.google.common.reflect.TypeVisitor::visit (244 bytes)

Stack: [0x0000007097200000,0x0000007097300000]
Native frames: (J=compiled Java code, j=interpreted, Vv=VM code, C=native code)
V  [jvm.dll+0x683b4a]
V  [jvm.dll+0x842654]
V  [jvm.dll+0x843dfe]
V  [jvm.dll+0x844463]
V  [jvm.dll+0x249b75]
V  [jvm.dll+0xabcac]
V  [jvm.dll+0xac27c]
V  [jvm.dll+0x368802]
V  [jvm.dll+0x332f31]
V  [jvm.dll+0x3323da]
V  [jvm.dll+0x21c201]
V  [jvm.dll+0x21b621]
V  [jvm.dll+0x1a4fdd]
V  [jvm.dll+0x22b098]
V  [jvm.dll+0x229159]
V  [jvm.dll+0x7f809c]
V  [jvm.dll+0x7f25fa]
V  [jvm.dll+0x682985]
C  [ucrtbase.dll+0x21bb2]
C  [KERNEL32.DLL+0x17614]
C  [ntdll.dll+0x526f1]


---------------  P R O C E S S  ---------------

Threads class SMR info:
_java_thread_list=0x000001c55142da80, length=126, elements={
0x000001c52cf5a2b0, 0x000001c54780cb90, 0x000001c54780e920, 0x000001c5478260d0,
0x000001c54785ef80, 0x000001c547861850, 0x000001c547862110, 0x000001c547863a40,
0x000001c547878d30, 0x000001c547886bf0, 0x000001c5479ff480, 0x000001c5479ffd60,
0x000001c5490b2810, 0x000001c54a269830, 0x000001c549046500, 0x000001c5490cc630,
0x000001c54a668810, 0x000001c54a162620, 0x000001c549e18020, 0x000001c54a0dda30,
0x000001c54a0daee0, 0x000001c54a0db880, 0x000001c54a0daa10, 0x000001c54a0da070,
0x000001c54a0dbd50, 0x000001c54a0dd090, 0x000001c54a0da540, 0x000001c54a0db3b0,
0x000001c54a0dc220, 0x000001c54a0dc6f0, 0x000001c54a0dcbc0, 0x000001c54a0dd560,
0x000001c54cf708f0, 0x000001c54cf6d8d0, 0x000001c54cf6f5b0, 0x000001c54cf70dc0,
0x000001c54cf6fa80, 0x000001c54cf69a40, 0x000001c54cf71290, 0x000001c54cf6e270,
0x000001c54cf69f10, 0x000001c54cf6f0e0, 0x000001c54cf6cf30, 0x000001c54cf6ec10,
0x000001c54cf6a8b0, 0x000001c54cf6ad80, 0x000001c54cf6b250, 0x000001c54cf70420,
0x000001c54cf6b720, 0x000001c54cf6bbf0, 0x000001c54b411640, 0x000001c54b411170,
0x000001c54b40eaf0, 0x000001c54b4137f0, 0x000001c54b414190, 0x000001c54b4124b0,
0x000001c54b411b10, 0x000001c54b411fe0, 0x000001c54b412980, 0x000001c54b412e50,
0x000001c54b413320, 0x000001c54b4107d0, 0x000001c54b414660, 0x000001c54b40f490,
0x000001c54b40e620, 0x000001c54b4154d0, 0x000001c54b414b30, 0x000001c54b4159a0,
0x000001c54b415e70, 0x000001c54b40efc0, 0x000001c54b40f960, 0x000001c54b40fe30,
0x000001c54b410300, 0x000001c54bb47e10, 0x000001c54bb45790, 0x000001c54bb44920,
0x000001c54bb46ad0, 0x000001c54bb45c60, 0x000001c54bb46130, 0x000001c54bb44df0,
0x000001c54bb48c80, 0x000001c54bb46fa0, 0x000001c54bb452c0, 0x000001c54bb487b0,
0x000001c54bb46600, 0x000001c54bb435e0, 0x000001c54bb49150, 0x000001c54bb47470,
0x000001c54bb4a490, 0x000001c54bb49620, 0x000001c54bb43ab0, 0x000001c54bb482e0,
0x000001c54bb49af0, 0x000001c54bb49fc0, 0x000001c54bb42c40, 0x000001c54bb43f80,
0x000001c54bb43110, 0x000001c54bb44450, 0x000001c54bb47940, 0x000001c54b1f2d30,
0x000001c54b1f5880, 0x000001c54b1f2860, 0x000001c54b1f1ec0, 0x000001c54b1f19f0,
0x000001c54b1f2390, 0x000001c54b1f3200, 0x000001c54b1f36d0, 0x000001c54b1f83d0,
0x000001c54b1f5d50, 0x000001c54b1f3ba0, 0x000001c54b1f4070, 0x000001c54b1f4540,
0x000001c54b1f6220, 0x000001c54b1f4a10, 0x000001c54b1f88a0, 0x000001c54b1f4ee0,
0x000001c54b1f7560, 0x000001c54b1f53b0, 0x000001c54b1f66f0, 0x000001c54b1f8d70,
0x000001c54b1f6bc0, 0x000001c54b1f7090, 0x000001c54b1f9240, 0x000001c54d49c4d0,
0x000001c54d49d400, 0x000001c54e25fc10
}

Java Threads: ( => current thread )
  0x000001c52cf5a2b0 JavaThread "main" [_thread_blocked, id=6268, stack(0x0000007096500000,0x0000007096600000)]
  0x000001c54780cb90 JavaThread "Reference Handler" daemon [_thread_blocked, id=3580, stack(0x0000007096c00000,0x0000007096d00000)]
  0x000001c54780e920 JavaThread "Finalizer" daemon [_thread_blocked, id=18480, stack(0x0000007096d00000,0x0000007096e00000)]
  0x000001c5478260d0 JavaThread "Signal Dispatcher" daemon [_thread_blocked, id=1472, stack(0x0000007096e00000,0x0000007096f00000)]
  0x000001c54785ef80 JavaThread "Attach Listener" daemon [_thread_blocked, id=15168, stack(0x0000007096f00000,0x0000007097000000)]
  0x000001c547861850 JavaThread "Service Thread" daemon [_thread_blocked, id=15808, stack(0x0000007097000000,0x0000007097100000)]
  0x000001c547862110 JavaThread "Monitor Deflation Thread" daemon [_thread_blocked, id=2068, stack(0x0000007097100000,0x0000007097200000)]
=>0x000001c547863a40 JavaThread "C2 CompilerThread0" daemon [_thread_in_native, id=9900, stack(0x0000007097200000,0x0000007097300000)]
  0x000001c547878d30 JavaThread "C1 CompilerThread0" daemon [_thread_blocked, id=2720, stack(0x0000007097300000,0x0000007097400000)]
  0x000001c547886bf0 JavaThread "Sweeper thread" daemon [_thread_blocked, id=4956, stack(0x0000007097400000,0x0000007097500000)]
  0x000001c5479ff480 JavaThread "Common-Cleaner" daemon [_thread_blocked, id=17552, stack(0x0000007097500000,0x0000007097600000)]
  0x000001c5479ffd60 JavaThread "Notification Thread" daemon [_thread_blocked, id=16064, stack(0x0000007097600000,0x0000007097700000)]
  0x000001c5490b2810 JavaThread "Daemon health stats" [_thread_blocked, id=16288, stack(0x0000007097f00000,0x0000007098000000)]
  0x000001c54a269830 JavaThread "Incoming local TCP Connector on port 51419" [_thread_in_native, id=16864, stack(0x0000007097900000,0x0000007097a00000)]
  0x000001c549046500 JavaThread "Daemon periodic checks" [_thread_blocked, id=21620, stack(0x0000007098000000,0x0000007098100000)]
  0x000001c5490cc630 JavaThread "Daemon" [_thread_blocked, id=16608, stack(0x0000007098100000,0x0000007098200000)]
  0x000001c54a668810 JavaThread "Handler for socket connection from /127.0.0.1:51419 to /127.0.0.1:51420" [_thread_in_native, id=2248, stack(0x0000007098200000,0x0000007098300000)]
  0x000001c54a162620 JavaThread "Cancel handler" [_thread_blocked, id=3804, stack(0x0000007098300000,0x0000007098400000)]
  0x000001c549e18020 JavaThread "Daemon worker" [_thread_in_Java, id=21092, stack(0x0000007098400000,0x0000007098500000)]
  0x000001c54a0dda30 JavaThread "Asynchronous log dispatcher for DefaultDaemonConnection: socket connection from /127.0.0.1:51419 to /127.0.0.1:51420" [_thread_blocked, id=14440, stack(0x0000007098500000,0x0000007098600000)]
  0x000001c54a0daee0 JavaThread "Stdin handler" [_thread_blocked, id=21160, stack(0x0000007098600000,0x0000007098700000)]
  0x000001c54a0db880 JavaThread "Daemon client event forwarder" [_thread_blocked, id=2772, stack(0x0000007098700000,0x0000007098800000)]
  0x000001c54a0daa10 JavaThread "Cache worker for journal cache (C:\Users\Anas\.gradle\caches\journal-1)" [_thread_blocked, id=16760, stack(0x0000007098b00000,0x0000007098c00000)]
  0x000001c54a0da070 JavaThread "File lock request listener" [_thread_in_native, id=3496, stack(0x0000007098c00000,0x0000007098d00000)]
  0x000001c54a0dbd50 JavaThread "Cache worker for file hash cache (C:\Users\Anas\.gradle\caches\8.0\fileHashes)" [_thread_blocked, id=15584, stack(0x0000007098d00000,0x0000007098e00000)]
  0x000001c54a0dd090 JavaThread "File watcher server" daemon [_thread_in_native, id=10892, stack(0x0000007098f00000,0x0000007099000000)]
  0x000001c54a0da540 JavaThread "File watcher consumer" daemon [_thread_blocked, id=10040, stack(0x0000007099000000,0x0000007099100000)]
  0x000001c54a0db3b0 JavaThread "jar transforms" [_thread_blocked, id=11868, stack(0x0000007099100000,0x0000007099200000)]
  0x000001c54a0dc220 JavaThread "jar transforms Thread 2" [_thread_blocked, id=19092, stack(0x0000007099200000,0x0000007099300000)]
  0x000001c54a0dc6f0 JavaThread "jar transforms Thread 3" [_thread_blocked, id=14088, stack(0x0000007099300000,0x0000007099400000)]
  0x000001c54a0dcbc0 JavaThread "jar transforms Thread 4" [_thread_blocked, id=20420, stack(0x0000007099400000,0x0000007099500000)]
  0x000001c54a0dd560 JavaThread "jar transforms Thread 5" [_thread_blocked, id=19588, stack(0x0000007099500000,0x0000007099600000)]
  0x000001c54cf708f0 JavaThread "jar transforms Thread 6" [_thread_blocked, id=10212, stack(0x0000007099600000,0x0000007099700000)]
  0x000001c54cf6d8d0 JavaThread "jar transforms Thread 7" [_thread_blocked, id=13508, stack(0x0000007099700000,0x0000007099800000)]
  0x000001c54cf6f5b0 JavaThread "jar transforms Thread 8" [_thread_blocked, id=21276, stack(0x0000007099800000,0x0000007099900000)]
  0x000001c54cf70dc0 JavaThread "Cache worker for checksums cache (D:\ViewModel2023\.gradle\8.0\checksums)" [_thread_blocked, id=14536, stack(0x0000007099900000,0x0000007099a00000)]
  0x000001c54cf6fa80 JavaThread "Cache worker for cache directory md-rule (C:\Users\Anas\.gradle\caches\8.0\md-rule)" [_thread_blocked, id=9080, stack(0x0000007099a00000,0x0000007099b00000)]
  0x000001c54cf69a40 JavaThread "Cache worker for file content cache (C:\Users\Anas\.gradle\caches\8.0\fileContent)" [_thread_blocked, id=18412, stack(0x0000007099b00000,0x0000007099c00000)]
  0x000001c54cf71290 JavaThread "Cache worker for file hash cache (D:\ViewModel2023\.gradle\8.0\fileHashes)" [_thread_blocked, id=17936, stack(0x0000007099c00000,0x0000007099d00000)]
  0x000001c54cf6e270 JavaThread "Cache worker for cache directory md-supplier (C:\Users\Anas\.gradle\caches\8.0\md-supplier)" [_thread_blocked, id=10628, stack(0x0000007099d00000,0x0000007099e00000)]
  0x000001c54cf69f10 JavaThread "Cache worker for execution history cache (C:\Users\Anas\.gradle\caches\8.0\executionHistory)" [_thread_blocked, id=19548, stack(0x0000007099e00000,0x0000007099f00000)]
  0x000001c54cf6f0e0 JavaThread "Cache worker for dependencies-accessors (D:\ViewModel2023\.gradle\8.0\dependencies-accessors)" [_thread_blocked, id=9416, stack(0x0000007099f00000,0x000000709a000000)]
  0x000001c54cf6cf30 JavaThread "Cache worker for Build Output Cleanup Cache (D:\ViewModel2023\.gradle\buildOutputCleanup)" [_thread_blocked, id=16004, stack(0x000000709a000000,0x000000709a100000)]
  0x000001c54cf6ec10 JavaThread "Unconstrained build operations" [_thread_blocked, id=4424, stack(0x0000007098e00000,0x0000007098f00000)]
  0x000001c54cf6a8b0 JavaThread "Unconstrained build operations Thread 2" [_thread_blocked, id=6004, stack(0x000000709a200000,0x000000709a300000)]
  0x000001c54cf6ad80 JavaThread "Unconstrained build operations Thread 3" [_thread_blocked, id=19048, stack(0x000000709a300000,0x000000709a400000)]
  0x000001c54cf6b250 JavaThread "Unconstrained build operations Thread 4" [_thread_blocked, id=10260, stack(0x000000709a400000,0x000000709a500000)]
  0x000001c54cf70420 JavaThread "Unconstrained build operations Thread 5" [_thread_blocked, id=19528, stack(0x000000709a500000,0x000000709a600000)]
  0x000001c54cf6b720 JavaThread "Unconstrained build operations Thread 6" [_thread_blocked, id=6188, stack(0x000000709a600000,0x000000709a700000)]
  0x000001c54cf6bbf0 JavaThread "Unconstrained build operations Thread 7" [_thread_blocked, id=19860, stack(0x000000709a700000,0x000000709a800000)]
  0x000001c54b411640 JavaThread "Unconstrained build operations Thread 8" [_thread_blocked, id=16264, stack(0x000000709a800000,0x000000709a900000)]
  0x000001c54b411170 JavaThread "Unconstrained build operations Thread 9" [_thread_blocked, id=14388, stack(0x000000709a900000,0x000000709aa00000)]
  0x000001c54b40eaf0 JavaThread "Unconstrained build operations Thread 10" [_thread_blocked, id=11980, stack(0x000000709aa00000,0x000000709ab00000)]
  0x000001c54b4137f0 JavaThread "Unconstrained build operations Thread 11" [_thread_blocked, id=19504, stack(0x000000709ab00000,0x000000709ac00000)]
  0x000001c54b414190 JavaThread "Unconstrained build operations Thread 12" [_thread_blocked, id=22384, stack(0x000000709ac00000,0x000000709ad00000)]
  0x000001c54b4124b0 JavaThread "Unconstrained build operations Thread 13" [_thread_blocked, id=10568, stack(0x000000709ad00000,0x000000709ae00000)]
  0x000001c54b411b10 JavaThread "Unconstrained build operations Thread 14" [_thread_blocked, id=7844, stack(0x000000709ae00000,0x000000709af00000)]
  0x000001c54b411fe0 JavaThread "Unconstrained build operations Thread 15" [_thread_blocked, id=9040, stack(0x000000709af00000,0x000000709b000000)]
  0x000001c54b412980 JavaThread "Unconstrained build operations Thread 16" [_thread_blocked, id=14464, stack(0x000000709b000000,0x000000709b100000)]
  0x000001c54b412e50 JavaThread "Unconstrained build operations Thread 17" [_thread_blocked, id=15076, stack(0x000000709b100000,0x000000709b200000)]
  0x000001c54b413320 JavaThread "Unconstrained build operations Thread 18" [_thread_blocked, id=21720, stack(0x0000007097800000,0x0000007097900000)]
  0x000001c54b4107d0 JavaThread "Unconstrained build operations Thread 19" [_thread_blocked, id=16668, stack(0x000000709b200000,0x000000709b300000)]
  0x000001c54b414660 JavaThread "Unconstrained build operations Thread 20" [_thread_blocked, id=8316, stack(0x000000709b300000,0x000000709b400000)]
  0x000001c54b40f490 JavaThread "Unconstrained build operations Thread 21" [_thread_blocked, id=15200, stack(0x000000709b400000,0x000000709b500000)]
  0x000001c54b40e620 JavaThread "Unconstrained build operations Thread 22" [_thread_blocked, id=12220, stack(0x000000709b500000,0x000000709b600000)]
  0x000001c54b4154d0 JavaThread "Unconstrained build operations Thread 23" [_thread_blocked, id=1416, stack(0x000000709b600000,0x000000709b700000)]
  0x000001c54b414b30 JavaThread "Unconstrained build operations Thread 24" [_thread_blocked, id=11720, stack(0x000000709b700000,0x000000709b800000)]
  0x000001c54b4159a0 JavaThread "Unconstrained build operations Thread 25" [_thread_blocked, id=3324, stack(0x000000709b800000,0x000000709b900000)]
  0x000001c54b415e70 JavaThread "Unconstrained build operations Thread 26" [_thread_blocked, id=12180, stack(0x000000709b900000,0x000000709ba00000)]
  0x000001c54b40efc0 JavaThread "Unconstrained build operations Thread 27" [_thread_blocked, id=11084, stack(0x000000709ba00000,0x000000709bb00000)]
  0x000001c54b40f960 JavaThread "Unconstrained build operations Thread 28" [_thread_blocked, id=2292, stack(0x000000709bb00000,0x000000709bc00000)]
  0x000001c54b40fe30 JavaThread "Unconstrained build operations Thread 29" [_thread_blocked, id=9936, stack(0x000000709bc00000,0x000000709bd00000)]
  0x000001c54b410300 JavaThread "Unconstrained build operations Thread 30" [_thread_blocked, id=9504, stack(0x000000709bd00000,0x000000709be00000)]
  0x000001c54bb47e10 JavaThread "Unconstrained build operations Thread 31" [_thread_blocked, id=2768, stack(0x000000709be00000,0x000000709bf00000)]
  0x000001c54bb45790 JavaThread "Unconstrained build operations Thread 32" [_thread_blocked, id=17688, stack(0x000000709bf00000,0x000000709c000000)]
  0x000001c54bb44920 JavaThread "Unconstrained build operations Thread 33" [_thread_blocked, id=13172, stack(0x000000709c000000,0x000000709c100000)]
  0x000001c54bb46ad0 JavaThread "Unconstrained build operations Thread 34" [_thread_blocked, id=21584, stack(0x000000709c100000,0x000000709c200000)]
  0x000001c54bb45c60 JavaThread "Unconstrained build operations Thread 35" [_thread_blocked, id=2524, stack(0x000000709c200000,0x000000709c300000)]
  0x000001c54bb46130 JavaThread "Unconstrained build operations Thread 36" [_thread_blocked, id=10024, stack(0x000000709c300000,0x000000709c400000)]
  0x000001c54bb44df0 JavaThread "Unconstrained build operations Thread 37" [_thread_blocked, id=20052, stack(0x000000709c400000,0x000000709c500000)]
  0x000001c54bb48c80 JavaThread "Unconstrained build operations Thread 38" [_thread_blocked, id=5092, stack(0x000000709c500000,0x000000709c600000)]
  0x000001c54bb46fa0 JavaThread "Unconstrained build operations Thread 39" [_thread_blocked, id=20676, stack(0x000000709c600000,0x000000709c700000)]
  0x000001c54bb452c0 JavaThread "Unconstrained build operations Thread 40" [_thread_blocked, id=7560, stack(0x000000709c700000,0x000000709c800000)]
  0x000001c54bb487b0 JavaThread "Unconstrained build operations Thread 41" [_thread_blocked, id=9624, stack(0x000000709c800000,0x000000709c900000)]
  0x000001c54bb46600 JavaThread "Unconstrained build operations Thread 42" [_thread_blocked, id=14680, stack(0x000000709c900000,0x000000709ca00000)]
  0x000001c54bb435e0 JavaThread "Unconstrained build operations Thread 43" [_thread_blocked, id=7728, stack(0x000000709ca00000,0x000000709cb00000)]
  0x000001c54bb49150 JavaThread "Unconstrained build operations Thread 44" [_thread_blocked, id=6336, stack(0x000000709cb00000,0x000000709cc00000)]
  0x000001c54bb47470 JavaThread "Unconstrained build operations Thread 45" [_thread_blocked, id=2236, stack(0x000000709cc00000,0x000000709cd00000)]
  0x000001c54bb4a490 JavaThread "Unconstrained build operations Thread 46" [_thread_blocked, id=14292, stack(0x000000709cd00000,0x000000709ce00000)]
  0x000001c54bb49620 JavaThread "Unconstrained build operations Thread 47" [_thread_blocked, id=10692, stack(0x000000709ce00000,0x000000709cf00000)]
  0x000001c54bb43ab0 JavaThread "Unconstrained build operations Thread 48" [_thread_blocked, id=22424, stack(0x000000709cf00000,0x000000709d000000)]
  0x000001c54bb482e0 JavaThread "Unconstrained build operations Thread 49" [_thread_blocked, id=11636, stack(0x000000709d000000,0x000000709d100000)]
  0x000001c54bb49af0 JavaThread "Unconstrained build operations Thread 50" [_thread_blocked, id=13200, stack(0x000000709d100000,0x000000709d200000)]
  0x000001c54bb49fc0 JavaThread "Unconstrained build operations Thread 51" [_thread_blocked, id=20980, stack(0x000000709d200000,0x000000709d300000)]
  0x000001c54bb42c40 JavaThread "Unconstrained build operations Thread 52" [_thread_blocked, id=19328, stack(0x000000709d300000,0x000000709d400000)]
  0x000001c54bb43f80 JavaThread "Unconstrained build operations Thread 53" [_thread_blocked, id=18032, stack(0x000000709d400000,0x000000709d500000)]
  0x000001c54bb43110 JavaThread "Unconstrained build operations Thread 54" [_thread_blocked, id=21168, stack(0x000000709d500000,0x000000709d600000)]
  0x000001c54bb44450 JavaThread "Unconstrained build operations Thread 55" [_thread_blocked, id=21408, stack(0x000000709d600000,0x000000709d700000)]
  0x000001c54bb47940 JavaThread "Unconstrained build operations Thread 56" [_thread_blocked, id=7656, stack(0x000000709d700000,0x000000709d800000)]
  0x000001c54b1f2d30 JavaThread "Unconstrained build operations Thread 57" [_thread_blocked, id=21772, stack(0x000000709d800000,0x000000709d900000)]
  0x000001c54b1f5880 JavaThread "Unconstrained build operations Thread 58" [_thread_blocked, id=3764, stack(0x000000709d900000,0x000000709da00000)]
  0x000001c54b1f2860 JavaThread "Unconstrained build operations Thread 59" [_thread_blocked, id=5400, stack(0x000000709da00000,0x000000709db00000)]
  0x000001c54b1f1ec0 JavaThread "Unconstrained build operations Thread 60" [_thread_blocked, id=13896, stack(0x000000709db00000,0x000000709dc00000)]
  0x000001c54b1f19f0 JavaThread "Unconstrained build operations Thread 61" [_thread_blocked, id=8900, stack(0x000000709dc00000,0x000000709dd00000)]
  0x000001c54b1f2390 JavaThread "Unconstrained build operations Thread 62" [_thread_blocked, id=8016, stack(0x000000709dd00000,0x000000709de00000)]
  0x000001c54b1f3200 JavaThread "Unconstrained build operations Thread 63" [_thread_blocked, id=15940, stack(0x000000709de00000,0x000000709df00000)]
  0x000001c54b1f36d0 JavaThread "Unconstrained build operations Thread 64" [_thread_blocked, id=11476, stack(0x000000709df00000,0x000000709e000000)]
  0x000001c54b1f83d0 JavaThread "Unconstrained build operations Thread 65" [_thread_blocked, id=4344, stack(0x000000709e000000,0x000000709e100000)]
  0x000001c54b1f5d50 JavaThread "Unconstrained build operations Thread 66" [_thread_blocked, id=17624, stack(0x000000709e100000,0x000000709e200000)]
  0x000001c54b1f3ba0 JavaThread "Unconstrained build operations Thread 67" [_thread_blocked, id=12572, stack(0x000000709e200000,0x000000709e300000)]
  0x000001c54b1f4070 JavaThread "Unconstrained build operations Thread 68" [_thread_blocked, id=15148, stack(0x000000709e300000,0x000000709e400000)]
  0x000001c54b1f4540 JavaThread "Unconstrained build operations Thread 69" [_thread_blocked, id=6052, stack(0x000000709e400000,0x000000709e500000)]
  0x000001c54b1f6220 JavaThread "Unconstrained build operations Thread 70" [_thread_blocked, id=18140, stack(0x000000709e500000,0x000000709e600000)]
  0x000001c54b1f4a10 JavaThread "Unconstrained build operations Thread 71" [_thread_blocked, id=11496, stack(0x000000709e600000,0x000000709e700000)]
  0x000001c54b1f88a0 JavaThread "Unconstrained build operations Thread 72" [_thread_blocked, id=18720, stack(0x000000709e700000,0x000000709e800000)]
  0x000001c54b1f4ee0 JavaThread "Unconstrained build operations Thread 73" [_thread_blocked, id=2800, stack(0x000000709e800000,0x000000709e900000)]
  0x000001c54b1f7560 JavaThread "Unconstrained build operations Thread 74" [_thread_blocked, id=17404, stack(0x000000709e900000,0x000000709ea00000)]
  0x000001c54b1f53b0 JavaThread "Unconstrained build operations Thread 75" [_thread_blocked, id=20932, stack(0x000000709ea00000,0x000000709eb00000)]
  0x000001c54b1f66f0 JavaThread "Unconstrained build operations Thread 76" [_thread_blocked, id=3440, stack(0x000000709eb00000,0x000000709ec00000)]
  0x000001c54b1f8d70 JavaThread "Unconstrained build operations Thread 77" [_thread_blocked, id=20892, stack(0x000000709ec00000,0x000000709ed00000)]
  0x000001c54b1f6bc0 JavaThread "Unconstrained build operations Thread 78" [_thread_blocked, id=17820, stack(0x000000709ed00000,0x000000709ee00000)]
  0x000001c54b1f7090 JavaThread "Unconstrained build operations Thread 79" [_thread_blocked, id=7996, stack(0x000000709ee00000,0x000000709ef00000)]
  0x000001c54b1f9240 JavaThread "Unconstrained build operations Thread 80" [_thread_blocked, id=11132, stack(0x000000709ef00000,0x000000709f000000)]
  0x000001c54d49c4d0 JavaThread "C2 CompilerThread1" daemon [_thread_blocked, id=21596, stack(0x000000709f000000,0x000000709f100000)]
  0x000001c54d49d400 JavaThread "C2 CompilerThread2" daemon [_thread_blocked, id=13772, stack(0x000000709f100000,0x000000709f200000)]
  0x000001c54e25fc10 JavaThread "Memory manager" [_thread_blocked, id=9868, stack(0x000000709f200000,0x000000709f300000)]

Other Threads:
  0x000001c546db97f0 VMThread "VM Thread" [stack: 0x0000007096b00000,0x0000007096c00000] [id=13488]
  0x000001c52cfdb6a0 WatcherThread [stack: 0x0000007097700000,0x0000007097800000] [id=16604]
  0x000001c52cfb9500 GCTaskThread "GC Thread#0" [stack: 0x0000007096600000,0x0000007096700000] [id=3296]
  0x000001c548764a20 GCTaskThread "GC Thread#1" [stack: 0x0000007097a00000,0x0000007097b00000] [id=7608]
  0x000001c54850e110 GCTaskThread "GC Thread#2" [stack: 0x0000007097b00000,0x0000007097c00000] [id=18152]
  0x000001c54850e3c0 GCTaskThread "GC Thread#3" [stack: 0x0000007097c00000,0x0000007097d00000] [id=11072]
  0x000001c54850e670 GCTaskThread "GC Thread#4" [stack: 0x0000007097d00000,0x0000007097e00000] [id=9940]
  0x000001c54850f0c0 GCTaskThread "GC Thread#5" [stack: 0x0000007097e00000,0x0000007097f00000] [id=12668]
  0x000001c5490d97b0 GCTaskThread "GC Thread#6" [stack: 0x0000007098800000,0x0000007098900000] [id=15160]
  0x000001c548cbd850 GCTaskThread "GC Thread#7" [stack: 0x0000007098900000,0x0000007098a00000] [id=12244]
  0x000001c52cfca350 ConcurrentGCThread "G1 Main Marker" [stack: 0x0000007096700000,0x0000007096800000] [id=19072]
  0x000001c52cfcac70 ConcurrentGCThread "G1 Conc#0" [stack: 0x0000007096800000,0x0000007096900000] [id=14932]
  0x000001c54a1cd650 ConcurrentGCThread "G1 Conc#1" [stack: 0x0000007098a00000,0x0000007098b00000] [id=15312]
  0x000001c52d02eaf0 ConcurrentGCThread "G1 Refine#0" [stack: 0x0000007096900000,0x0000007096a00000] [id=144]
  0x000001c546c6b700 ConcurrentGCThread "G1 Service" [stack: 0x0000007096a00000,0x0000007096b00000] [id=20496]

Threads with active compile tasks:
C2 CompilerThread0    28031 9818   !   4       com.google.common.reflect.TypeVisitor::visit (244 bytes)

VM state: not at safepoint (normal execution)

VM Mutex/Monitor currently owned by a thread: None

Heap address: 0x0000000080000000, size: 2048 MB, Compressed Oops mode: 32-bit

CDS archive(s) not mapped
Compressed class space mapped at: 0x0000000100000000-0x0000000140000000, reserved size: 1073741824
Narrow klass base: 0x0000000000000000, Narrow klass shift: 3, Narrow klass range: 0x140000000

GC Precious Log:
 CPUs: 8 total, 8 available
 Memory: 16259M
 Large Page Support: Disabled
 NUMA Support: Disabled
 Compressed Oops: Enabled (32-bit)
 Heap Region Size: 1M
 Heap Min Capacity: 8M
 Heap Initial Capacity: 256M
 Heap Max Capacity: 2G
 Pre-touch: Disabled
 Parallel Workers: 8
 Concurrent Workers: 2
 Concurrent Refinement Workers: 8
 Periodic GC: Disabled

Heap:
 garbage-first heap   total 301056K, used 202340K [0x0000000080000000, 0x0000000100000000)
  region size 1024K, 81 young (82944K), 1 survivors (1024K)
 Metaspace       used 77999K, committed 78656K, reserved 1122304K
  class space    used 10257K, committed 10560K, reserved 1048576K

Heap Regions: E=young(eden), S=young(survivor), O=old, HS=humongous(starts), HC=humongous(continues), CS=collection set, F=free, OA=open archive, CA=closed archive, TAMS=top-at-mark-start (previous, next)
|   0|0x0000000080000000, 0x0000000080100000, 0x0000000080100000|100%|HS|  |TAMS 0x0000000080100000, 0x0000000080000000| Complete 
|   1|0x0000000080100000, 0x0000000080200000, 0x0000000080200000|100%|HC|  |TAMS 0x0000000080200000, 0x0000000080100000| Complete 
|   2|0x0000000080200000, 0x0000000080300000, 0x0000000080300000|100%|HC|  |TAMS 0x0000000080300000, 0x0000000080200000| Complete 
|   3|0x0000000080300000, 0x0000000080400000, 0x0000000080400000|100%|HC|  |TAMS 0x0000000080400000, 0x0000000080300000| Complete 
|   4|0x0000000080400000, 0x0000000080500000, 0x0000000080500000|100%| O|  |TAMS 0x0000000080500000, 0x0000000080400000| Untracked 
|   5|0x0000000080500000, 0x0000000080600000, 0x0000000080600000|100%| O|  |TAMS 0x0000000080600000, 0x0000000080500000| Untracked 
|   6|0x0000000080600000, 0x0000000080700000, 0x0000000080700000|100%| O|  |TAMS 0x0000000080700000, 0x0000000080600000| Untracked 
|   7|0x0000000080700000, 0x0000000080800000, 0x0000000080800000|100%| O|  |TAMS 0x0000000080800000, 0x0000000080700000| Untracked 
|   8|0x0000000080800000, 0x0000000080900000, 0x0000000080900000|100%| O|  |TAMS 0x0000000080900000, 0x0000000080800000| Untracked 
|   9|0x0000000080900000, 0x0000000080a00000, 0x0000000080a00000|100%| O|  |TAMS 0x0000000080a00000, 0x0000000080900000| Untracked 
|  10|0x0000000080a00000, 0x0000000080b00000, 0x0000000080b00000|100%| O|  |TAMS 0x0000000080b00000, 0x0000000080a00000| Untracked 
|  11|0x0000000080b00000, 0x0000000080c00000, 0x0000000080c00000|100%| O|  |TAMS 0x0000000080c00000, 0x0000000080b00000| Untracked 
|  12|0x0000000080c00000, 0x0000000080d00000, 0x0000000080d00000|100%| O|  |TAMS 0x0000000080d00000, 0x0000000080c00000| Untracked 
|  13|0x0000000080d00000, 0x0000000080e00000, 0x0000000080e00000|100%| O|  |TAMS 0x0000000080e00000, 0x0000000080d00000| Untracked 
|  14|0x0000000080e00000, 0x0000000080f00000, 0x0000000080f00000|100%| O|  |TAMS 0x0000000080f00000, 0x0000000080e00000| Untracked 
|  15|0x0000000080f00000, 0x0000000081000000, 0x0000000081000000|100%| O|  |TAMS 0x0000000081000000, 0x0000000080f00000| Untracked 
|  16|0x0000000081000000, 0x0000000081100000, 0x0000000081100000|100%| O|  |TAMS 0x0000000081100000, 0x0000000081000000| Untracked 
|  17|0x0000000081100000, 0x0000000081200000, 0x0000000081200000|100%| O|  |TAMS 0x0000000081200000, 0x0000000081100000| Untracked 
|  18|0x0000000081200000, 0x0000000081300000, 0x0000000081300000|100%| O|  |TAMS 0x0000000081300000, 0x0000000081200000| Untracked 
|  19|0x0000000081300000, 0x0000000081400000, 0x0000000081400000|100%| O|  |TAMS 0x0000000081400000, 0x0000000081300000| Untracked 
|  20|0x0000000081400000, 0x0000000081500000, 0x0000000081500000|100%| O|  |TAMS 0x0000000081500000, 0x0000000081400000| Untracked 
|  21|0x0000000081500000, 0x0000000081600000, 0x0000000081600000|100%|HS|  |TAMS 0x0000000081600000, 0x0000000081500000| Complete 
|  22|0x0000000081600000, 0x0000000081700000, 0x0000000081700000|100%|HC|  |TAMS 0x0000000081700000, 0x0000000081600000| Complete 
|  23|0x0000000081700000, 0x0000000081800000, 0x0000000081800000|100%|HS|  |TAMS 0x0000000081800000, 0x0000000081700000| Complete 
|  24|0x0000000081800000, 0x0000000081900000, 0x0000000081900000|100%|HC|  |TAMS 0x0000000081900000, 0x0000000081800000| Complete 
|  25|0x0000000081900000, 0x0000000081a00000, 0x0000000081a00000|100%|HC|  |TAMS 0x0000000081a00000, 0x0000000081900000| Complete 
|  26|0x0000000081a00000, 0x0000000081b00000, 0x0000000081b00000|100%|HS|  |TAMS 0x0000000081b00000, 0x0000000081a00000| Complete 
|  27|0x0000000081b00000, 0x0000000081c00000, 0x0000000081c00000|100%|HC|  |TAMS 0x0000000081c00000, 0x0000000081b00000| Complete 
|  28|0x0000000081c00000, 0x0000000081d00000, 0x0000000081d00000|100%|HC|  |TAMS 0x0000000081d00000, 0x0000000081c00000| Complete 
|  29|0x0000000081d00000, 0x0000000081e00000, 0x0000000081e00000|100%|HS|  |TAMS 0x0000000081e00000, 0x0000000081d00000| Complete 
|  30|0x0000000081e00000, 0x0000000081f00000, 0x0000000081f00000|100%|HC|  |TAMS 0x0000000081f00000, 0x0000000081e00000| Complete 
|  31|0x0000000081f00000, 0x0000000082000000, 0x0000000082000000|100%|HS|  |TAMS 0x0000000082000000, 0x0000000081f00000| Complete 
|  32|0x0000000082000000, 0x0000000082100000, 0x0000000082100000|100%|HC|  |TAMS 0x0000000082100000, 0x0000000082000000| Complete 
|  33|0x0000000082100000, 0x0000000082200000, 0x0000000082200000|100%|HC|  |TAMS 0x0000000082200000, 0x0000000082100000| Complete 
|  34|0x0000000082200000, 0x0000000082300000, 0x0000000082300000|100%|HC|  |TAMS 0x0000000082300000, 0x0000000082200000| Complete 
|  35|0x0000000082300000, 0x0000000082400000, 0x0000000082400000|100%|HC|  |TAMS 0x0000000082400000, 0x0000000082300000| Complete 
|  36|0x0000000082400000, 0x0000000082500000, 0x0000000082500000|100%|HC|  |TAMS 0x0000000082500000, 0x0000000082400000| Complete 
|  37|0x0000000082500000, 0x0000000082600000, 0x0000000082600000|100%| O|  |TAMS 0x0000000082600000, 0x0000000082500000| Untracked 
|  38|0x0000000082600000, 0x0000000082700000, 0x0000000082700000|100%| O|  |TAMS 0x0000000082700000, 0x0000000082600000| Untracked 
|  39|0x0000000082700000, 0x0000000082800000, 0x0000000082800000|100%| O|  |TAMS 0x0000000082800000, 0x0000000082700000| Untracked 
|  40|0x0000000082800000, 0x0000000082900000, 0x0000000082900000|100%|HS|  |TAMS 0x0000000082900000, 0x0000000082800000| Complete 
|  41|0x0000000082900000, 0x0000000082a00000, 0x0000000082a00000|100%|HS|  |TAMS 0x0000000082a00000, 0x0000000082900000| Complete 
|  42|0x0000000082a00000, 0x0000000082b00000, 0x0000000082b00000|100%|HC|  |TAMS 0x0000000082b00000, 0x0000000082a00000| Complete 
|  43|0x0000000082b00000, 0x0000000082c00000, 0x0000000082c00000|100%|HC|  |TAMS 0x0000000082c00000, 0x0000000082b00000| Complete 
|  44|0x0000000082c00000, 0x0000000082d00000, 0x0000000082d00000|100%|HC|  |TAMS 0x0000000082d00000, 0x0000000082c00000| Complete 
|  45|0x0000000082d00000, 0x0000000082e00000, 0x0000000082e00000|100%|HC|  |TAMS 0x0000000082e00000, 0x0000000082d00000| Complete 
|  46|0x0000000082e00000, 0x0000000082f00000, 0x0000000082f00000|100%|HC|  |TAMS 0x0000000082f00000, 0x0000000082e00000| Complete 
|  47|0x0000000082f00000, 0x0000000083000000, 0x0000000083000000|100%|HC|  |TAMS 0x0000000083000000, 0x0000000082f00000| Complete 
|  48|0x0000000083000000, 0x0000000083100000, 0x0000000083100000|100%|HC|  |TAMS 0x0000000083100000, 0x0000000083000000| Complete 
|  49|0x0000000083100000, 0x0000000083200000, 0x0000000083200000|100%|HC|  |TAMS 0x0000000083200000, 0x0000000083100000| Complete 
|  50|0x0000000083200000, 0x0000000083300000, 0x0000000083300000|100%|HC|  |TAMS 0x0000000083300000, 0x0000000083200000| Complete 
|  51|0x0000000083300000, 0x0000000083400000, 0x0000000083400000|100%|HS|  |TAMS 0x0000000083400000, 0x0000000083300000| Complete 
|  52|0x0000000083400000, 0x0000000083500000, 0x0000000083500000|100%|HC|  |TAMS 0x0000000083500000, 0x0000000083400000| Complete 
|  53|0x0000000083500000, 0x0000000083600000, 0x0000000083600000|100%| O|  |TAMS 0x0000000083600000, 0x0000000083500000| Untracked 
|  54|0x0000000083600000, 0x0000000083700000, 0x0000000083700000|100%| O|  |TAMS 0x0000000083700000, 0x0000000083600000| Untracked 
|  55|0x0000000083700000, 0x0000000083800000, 0x0000000083800000|100%| O|  |TAMS 0x0000000083800000, 0x0000000083700000| Untracked 
|  56|0x0000000083800000, 0x0000000083900000, 0x0000000083900000|100%| O|  |TAMS 0x0000000083900000, 0x0000000083800000| Untracked 
|  57|0x0000000083900000, 0x0000000083a00000, 0x0000000083a00000|100%| O|  |TAMS 0x0000000083a00000, 0x0000000083900000| Untracked 
|  58|0x0000000083a00000, 0x0000000083b00000, 0x0000000083b00000|100%|HS|  |TAMS 0x0000000083b00000, 0x0000000083a00000| Complete 
|  59|0x0000000083b00000, 0x0000000083c00000, 0x0000000083c00000|100%|HC|  |TAMS 0x0000000083c00000, 0x0000000083b00000| Complete 
|  60|0x0000000083c00000, 0x0000000083d00000, 0x0000000083d00000|100%| O|  |TAMS 0x0000000083d00000, 0x0000000083c00000| Untracked 
|  61|0x0000000083d00000, 0x0000000083e00000, 0x0000000083e00000|100%| O|  |TAMS 0x0000000083e00000, 0x0000000083d00000| Untracked 
|  62|0x0000000083e00000, 0x0000000083f00000, 0x0000000083f00000|100%|HS|  |TAMS 0x0000000083f00000, 0x0000000083e00000| Complete 
|  63|0x0000000083f00000, 0x0000000084000000, 0x0000000084000000|100%|HS|  |TAMS 0x0000000084000000, 0x0000000083f00000| Complete 
|  64|0x0000000084000000, 0x0000000084100000, 0x0000000084100000|100%|HC|  |TAMS 0x0000000084100000, 0x0000000084000000| Complete 
|  65|0x0000000084100000, 0x0000000084200000, 0x0000000084200000|100%|HC|  |TAMS 0x0000000084200000, 0x0000000084100000| Complete 
|  66|0x0000000084200000, 0x0000000084300000, 0x0000000084300000|100%|HC|  |TAMS 0x0000000084300000, 0x0000000084200000| Complete 
|  67|0x0000000084300000, 0x0000000084400000, 0x0000000084400000|100%|HC|  |TAMS 0x0000000084400000, 0x0000000084300000| Complete 
|  68|0x0000000084400000, 0x0000000084500000, 0x0000000084500000|100%|HC|  |TAMS 0x0000000084500000, 0x0000000084400000| Complete 
|  69|0x0000000084500000, 0x0000000084600000, 0x0000000084600000|100%|HC|  |TAMS 0x0000000084600000, 0x0000000084500000| Complete 
|  70|0x0000000084600000, 0x0000000084700000, 0x0000000084700000|100%|HC|  |TAMS 0x0000000084700000, 0x0000000084600000| Complete 
|  71|0x0000000084700000, 0x0000000084800000, 0x0000000084800000|100%|HC|  |TAMS 0x0000000084800000, 0x0000000084700000| Complete 
|  72|0x0000000084800000, 0x0000000084900000, 0x0000000084900000|100%|HC|  |TAMS 0x0000000084900000, 0x0000000084800000| Complete 
|  73|0x0000000084900000, 0x0000000084a00000, 0x0000000084a00000|100%|HC|  |TAMS 0x0000000084a00000, 0x0000000084900000| Complete 
|  74|0x0000000084a00000, 0x0000000084b00000, 0x0000000084b00000|100%| O|  |TAMS 0x0000000084b00000, 0x0000000084a00000| Untracked 
|  75|0x0000000084b00000, 0x0000000084c00000, 0x0000000084c00000|100%| O|  |TAMS 0x0000000084c00000, 0x0000000084b00000| Untracked 
|  76|0x0000000084c00000, 0x0000000084d00000, 0x0000000084d00000|100%|HS|  |TAMS 0x0000000084d00000, 0x0000000084c00000| Complete 
|  77|0x0000000084d00000, 0x0000000084e00000, 0x0000000084e00000|100%|HC|  |TAMS 0x0000000084e00000, 0x0000000084d00000| Complete 
|  78|0x0000000084e00000, 0x0000000084f00000, 0x0000000084f00000|100%|HC|  |TAMS 0x0000000084f00000, 0x0000000084e00000| Complete 
|  79|0x0000000084f00000, 0x0000000085000000, 0x0000000085000000|100%|HS|  |TAMS 0x0000000085000000, 0x0000000084f00000| Complete 
|  80|0x0000000085000000, 0x0000000085100000, 0x0000000085100000|100%|HC|  |TAMS 0x0000000085100000, 0x0000000085000000| Complete 
|  81|0x0000000085100000, 0x0000000085200000, 0x0000000085200000|100%|HS|  |TAMS 0x0000000085200000, 0x0000000085100000| Complete 
|  82|0x0000000085200000, 0x0000000085300000, 0x0000000085300000|100%|HC|  |TAMS 0x0000000085300000, 0x0000000085200000| Complete 
|  83|0x0000000085300000, 0x0000000085400000, 0x0000000085400000|100%|HC|  |TAMS 0x0000000085400000, 0x0000000085300000| Complete 
|  84|0x0000000085400000, 0x0000000085500000, 0x0000000085500000|100%| O|  |TAMS 0x0000000085500000, 0x0000000085400000| Untracked 
|  85|0x0000000085500000, 0x0000000085600000, 0x0000000085600000|100%| O|  |TAMS 0x0000000085600000, 0x0000000085500000| Untracked 
|  86|0x0000000085600000, 0x0000000085700000, 0x0000000085700000|100%| O|  |TAMS 0x0000000085700000, 0x0000000085600000| Untracked 
|  87|0x0000000085700000, 0x0000000085800000, 0x0000000085800000|100%| O|  |TAMS 0x0000000085800000, 0x0000000085700000| Untracked 
|  88|0x0000000085800000, 0x0000000085900000, 0x0000000085900000|100%| O|  |TAMS 0x0000000085900000, 0x0000000085800000| Untracked 
|  89|0x0000000085900000, 0x0000000085a00000, 0x0000000085a00000|100%| O|  |TAMS 0x0000000085a00000, 0x0000000085900000| Untracked 
|  90|0x0000000085a00000, 0x0000000085b00000, 0x0000000085b00000|100%|HS|  |TAMS 0x0000000085b00000, 0x0000000085a00000| Complete 
|  91|0x0000000085b00000, 0x0000000085c00000, 0x0000000085c00000|100%|HC|  |TAMS 0x0000000085c00000, 0x0000000085b00000| Complete 
|  92|0x0000000085c00000, 0x0000000085d00000, 0x0000000085d00000|100%|HC|  |TAMS 0x0000000085d00000, 0x0000000085c00000| Complete 
|  93|0x0000000085d00000, 0x0000000085e00000, 0x0000000085e00000|100%|HC|  |TAMS 0x0000000085e00000, 0x0000000085d00000| Complete 
|  94|0x0000000085e00000, 0x0000000085f00000, 0x0000000085f00000|100%|HC|  |TAMS 0x0000000085f00000, 0x0000000085e00000| Complete 
|  95|0x0000000085f00000, 0x0000000086000000, 0x0000000086000000|100%|HC|  |TAMS 0x0000000086000000, 0x0000000085f00000| Complete 
|  96|0x0000000086000000, 0x0000000086100000, 0x0000000086100000|100%| O|  |TAMS 0x0000000086100000, 0x0000000086000000| Untracked 
|  97|0x0000000086100000, 0x0000000086200000, 0x0000000086200000|100%| O|  |TAMS 0x0000000086200000, 0x0000000086100000| Untracked 
|  98|0x0000000086200000, 0x0000000086300000, 0x0000000086300000|100%| O|  |TAMS 0x0000000086300000, 0x0000000086200000| Untracked 
|  99|0x0000000086300000, 0x0000000086400000, 0x0000000086400000|100%| O|  |TAMS 0x0000000086400000, 0x0000000086300000| Untracked 
| 100|0x0000000086400000, 0x0000000086500000, 0x0000000086500000|100%| O|  |TAMS 0x0000000086500000, 0x0000000086400000| Untracked 
| 101|0x0000000086500000, 0x0000000086600000, 0x0000000086600000|100%| O|  |TAMS 0x0000000086600000, 0x0000000086500000| Untracked 
| 102|0x0000000086600000, 0x0000000086700000, 0x0000000086700000|100%| O|  |TAMS 0x0000000086700000, 0x0000000086600000| Untracked 
| 103|0x0000000086700000, 0x0000000086800000, 0x0000000086800000|100%| O|  |TAMS 0x0000000086800000, 0x0000000086700000| Untracked 
| 104|0x0000000086800000, 0x0000000086900000, 0x0000000086900000|100%| O|  |TAMS 0x0000000086900000, 0x0000000086800000| Untracked 
| 105|0x0000000086900000, 0x0000000086a00000, 0x0000000086a00000|100%| O|  |TAMS 0x0000000086a00000, 0x0000000086900000| Untracked 
| 106|0x0000000086a00000, 0x0000000086b00000, 0x0000000086b00000|100%| O|  |TAMS 0x0000000086b00000, 0x0000000086a00000| Untracked 
| 107|0x0000000086b00000, 0x0000000086c00000, 0x0000000086c00000|100%| O|  |TAMS 0x0000000086c00000, 0x0000000086b00000| Untracked 
| 108|0x0000000086c00000, 0x0000000086d00000, 0x0000000086d00000|100%| O|  |TAMS 0x0000000086d00000, 0x0000000086c00000| Untracked 
| 109|0x0000000086d00000, 0x0000000086e00000, 0x0000000086e00000|100%| O|  |TAMS 0x0000000086e00000, 0x0000000086d00000| Complete 
| 110|0x0000000086e00000, 0x0000000086f00000, 0x0000000086f00000|100%|HS|  |TAMS 0x0000000086e00000, 0x0000000086e00000| Complete 
| 111|0x0000000086f00000, 0x0000000086f1fa00, 0x0000000087000000| 12%| O|  |TAMS 0x0000000086f1e000, 0x0000000086f00000| Untracked 
| 112|0x0000000087000000, 0x0000000087100000, 0x0000000087100000|100%|HS|  |TAMS 0x0000000087000000, 0x0000000087000000| Complete 
| 113|0x0000000087100000, 0x0000000087200000, 0x0000000087200000|100%|HC|  |TAMS 0x0000000087100000, 0x0000000087100000| Complete 
| 114|0x0000000087200000, 0x0000000087300000, 0x0000000087300000|100%|HS|  |TAMS 0x0000000087200000, 0x0000000087200000| Complete 
| 115|0x0000000087300000, 0x0000000087400000, 0x0000000087400000|100%|HS|  |TAMS 0x0000000087300000, 0x0000000087300000| Complete 
| 116|0x0000000087400000, 0x0000000087500000, 0x0000000087500000|100%|HC|  |TAMS 0x0000000087400000, 0x0000000087400000| Complete 
| 117|0x0000000087500000, 0x0000000087600000, 0x0000000087600000|100%|HC|  |TAMS 0x0000000087500000, 0x0000000087500000| Complete 
| 118|0x0000000087600000, 0x0000000087700000, 0x0000000087700000|100%|HC|  |TAMS 0x0000000087600000, 0x0000000087600000| Complete 
| 119|0x0000000087700000, 0x0000000087800000, 0x0000000087800000|100%|HS|  |TAMS 0x0000000087700000, 0x0000000087700000| Complete 
| 120|0x0000000087800000, 0x0000000087800000, 0x0000000087900000|  0%| F|  |TAMS 0x0000000087800000, 0x0000000087800000| Untracked 
| 121|0x0000000087900000, 0x0000000087900000, 0x0000000087a00000|  0%| F|  |TAMS 0x0000000087900000, 0x0000000087900000| Untracked 
| 122|0x0000000087a00000, 0x0000000087a00000, 0x0000000087b00000|  0%| F|  |TAMS 0x0000000087a00000, 0x0000000087a00000| Untracked 
| 123|0x0000000087b00000, 0x0000000087b00000, 0x0000000087c00000|  0%| F|  |TAMS 0x0000000087b00000, 0x0000000087b00000| Untracked 
| 124|0x0000000087c00000, 0x0000000087c00000, 0x0000000087d00000|  0%| F|  |TAMS 0x0000000087c00000, 0x0000000087c00000| Untracked 
| 125|0x0000000087d00000, 0x0000000087d00000, 0x0000000087e00000|  0%| F|  |TAMS 0x0000000087d00000, 0x0000000087d00000| Untracked 
| 126|0x0000000087e00000, 0x0000000087e00000, 0x0000000087f00000|  0%| F|  |TAMS 0x0000000087e00000, 0x0000000087e00000| Untracked 
| 127|0x0000000087f00000, 0x0000000087f00000, 0x0000000088000000|  0%| F|  |TAMS 0x0000000087f00000, 0x0000000087f00000| Untracked 
| 128|0x0000000088000000, 0x0000000088000000, 0x0000000088100000|  0%| F|  |TAMS 0x0000000088000000, 0x0000000088000000| Untracked 
| 129|0x0000000088100000, 0x0000000088100000, 0x0000000088200000|  0%| F|  |TAMS 0x0000000088100000, 0x0000000088100000| Untracked 
| 130|0x0000000088200000, 0x0000000088200000, 0x0000000088300000|  0%| F|  |TAMS 0x0000000088200000, 0x0000000088200000| Untracked 
| 131|0x0000000088300000, 0x0000000088300000, 0x0000000088400000|  0%| F|  |TAMS 0x0000000088300000, 0x0000000088300000| Untracked 
| 132|0x0000000088400000, 0x0000000088400000, 0x0000000088500000|  0%| F|  |TAMS 0x0000000088400000, 0x0000000088400000| Untracked 
| 133|0x0000000088500000, 0x0000000088500000, 0x0000000088600000|  0%| F|  |TAMS 0x0000000088500000, 0x0000000088500000| Untracked 
| 134|0x0000000088600000, 0x0000000088600000, 0x0000000088700000|  0%| F|  |TAMS 0x0000000088600000, 0x0000000088600000| Untracked 
| 135|0x0000000088700000, 0x0000000088700000, 0x0000000088800000|  0%| F|  |TAMS 0x0000000088700000, 0x0000000088700000| Untracked 
| 136|0x0000000088800000, 0x0000000088800000, 0x0000000088900000|  0%| F|  |TAMS 0x0000000088800000, 0x0000000088800000| Untracked 
| 137|0x0000000088900000, 0x0000000088900000, 0x0000000088a00000|  0%| F|  |TAMS 0x0000000088900000, 0x0000000088900000| Untracked 
| 138|0x0000000088a00000, 0x0000000088a00000, 0x0000000088b00000|  0%| F|  |TAMS 0x0000000088a00000, 0x0000000088a00000| Untracked 
| 139|0x0000000088b00000, 0x0000000088b00000, 0x0000000088c00000|  0%| F|  |TAMS 0x0000000088b00000, 0x0000000088b00000| Untracked 
| 140|0x0000000088c00000, 0x0000000088c00000, 0x0000000088d00000|  0%| F|  |TAMS 0x0000000088c00000, 0x0000000088c00000| Untracked 
| 141|0x0000000088d00000, 0x0000000088d00000, 0x0000000088e00000|  0%| F|  |TAMS 0x0000000088d00000, 0x0000000088d00000| Untracked 
| 142|0x0000000088e00000, 0x0000000088e00000, 0x0000000088f00000|  0%| F|  |TAMS 0x0000000088e00000, 0x0000000088e00000| Untracked 
| 143|0x0000000088f00000, 0x0000000088f00000, 0x0000000089000000|  0%| F|  |TAMS 0x0000000088f00000, 0x0000000088f00000| Untracked 
| 144|0x0000000089000000, 0x0000000089000000, 0x0000000089100000|  0%| F|  |TAMS 0x0000000089000000, 0x0000000089000000| Untracked 
| 145|0x0000000089100000, 0x0000000089100000, 0x0000000089200000|  0%| F|  |TAMS 0x0000000089100000, 0x0000000089100000| Untracked 
| 146|0x0000000089200000, 0x0000000089200000, 0x0000000089300000|  0%| F|  |TAMS 0x0000000089200000, 0x0000000089200000| Untracked 
| 147|0x0000000089300000, 0x0000000089300000, 0x0000000089400000|  0%| F|  |TAMS 0x0000000089300000, 0x0000000089300000| Untracked 
| 148|0x0000000089400000, 0x0000000089400000, 0x0000000089500000|  0%| F|  |TAMS 0x0000000089400000, 0x0000000089400000| Untracked 
| 149|0x0000000089500000, 0x0000000089500000, 0x0000000089600000|  0%| F|  |TAMS 0x0000000089500000, 0x0000000089500000| Untracked 
| 150|0x0000000089600000, 0x0000000089600000, 0x0000000089700000|  0%| F|  |TAMS 0x0000000089600000, 0x0000000089600000| Untracked 
| 151|0x0000000089700000, 0x0000000089700000, 0x0000000089800000|  0%| F|  |TAMS 0x0000000089700000, 0x0000000089700000| Untracked 
| 152|0x0000000089800000, 0x0000000089800000, 0x0000000089900000|  0%| F|  |TAMS 0x0000000089800000, 0x0000000089800000| Untracked 
| 153|0x0000000089900000, 0x0000000089900000, 0x0000000089a00000|  0%| F|  |TAMS 0x0000000089900000, 0x0000000089900000| Untracked 
| 154|0x0000000089a00000, 0x0000000089a00000, 0x0000000089b00000|  0%| F|  |TAMS 0x0000000089a00000, 0x0000000089a00000| Untracked 
| 155|0x0000000089b00000, 0x0000000089b00000, 0x0000000089c00000|  0%| F|  |TAMS 0x0000000089b00000, 0x0000000089b00000| Untracked 
| 156|0x0000000089c00000, 0x0000000089c00000, 0x0000000089d00000|  0%| F|  |TAMS 0x0000000089c00000, 0x0000000089c00000| Untracked 
| 157|0x0000000089d00000, 0x0000000089d00000, 0x0000000089e00000|  0%| F|  |TAMS 0x0000000089d00000, 0x0000000089d00000| Untracked 
| 158|0x0000000089e00000, 0x0000000089e00000, 0x0000000089f00000|  0%| F|  |TAMS 0x0000000089e00000, 0x0000000089e00000| Untracked 
| 159|0x0000000089f00000, 0x0000000089f00000, 0x000000008a000000|  0%| F|  |TAMS 0x0000000089f00000, 0x0000000089f00000| Untracked 
| 160|0x000000008a000000, 0x000000008a000000, 0x000000008a100000|  0%| F|  |TAMS 0x000000008a000000, 0x000000008a000000| Untracked 
| 161|0x000000008a100000, 0x000000008a100000, 0x000000008a200000|  0%| F|  |TAMS 0x000000008a100000, 0x000000008a100000| Untracked 
| 162|0x000000008a200000, 0x000000008a200000, 0x000000008a300000|  0%| F|  |TAMS 0x000000008a200000, 0x000000008a200000| Untracked 
| 163|0x000000008a300000, 0x000000008a300000, 0x000000008a400000|  0%| F|  |TAMS 0x000000008a300000, 0x000000008a300000| Untracked 
| 164|0x000000008a400000, 0x000000008a400000, 0x000000008a500000|  0%| F|  |TAMS 0x000000008a400000, 0x000000008a400000| Untracked 
| 165|0x000000008a500000, 0x000000008a500000, 0x000000008a600000|  0%| F|  |TAMS 0x000000008a500000, 0x000000008a500000| Untracked 
| 166|0x000000008a600000, 0x000000008a600000, 0x000000008a700000|  0%| F|  |TAMS 0x000000008a600000, 0x000000008a600000| Untracked 
| 167|0x000000008a700000, 0x000000008a700000, 0x000000008a800000|  0%| F|  |TAMS 0x000000008a700000, 0x000000008a700000| Untracked 
| 168|0x000000008a800000, 0x000000008a800000, 0x000000008a900000|  0%| F|  |TAMS 0x000000008a800000, 0x000000008a800000| Untracked 
| 169|0x000000008a900000, 0x000000008a900000, 0x000000008aa00000|  0%| F|  |TAMS 0x000000008a900000, 0x000000008a900000| Untracked 
| 170|0x000000008aa00000, 0x000000008aa00000, 0x000000008ab00000|  0%| F|  |TAMS 0x000000008aa00000, 0x000000008aa00000| Untracked 
| 171|0x000000008ab00000, 0x000000008ab00000, 0x000000008ac00000|  0%| F|  |TAMS 0x000000008ab00000, 0x000000008ab00000| Untracked 
| 172|0x000000008ac00000, 0x000000008ac00000, 0x000000008ad00000|  0%| F|  |TAMS 0x000000008ac00000, 0x000000008ac00000| Untracked 
| 173|0x000000008ad00000, 0x000000008ad00000, 0x000000008ae00000|  0%| F|  |TAMS 0x000000008ad00000, 0x000000008ad00000| Untracked 
| 174|0x000000008ae00000, 0x000000008ae00000, 0x000000008af00000|  0%| F|  |TAMS 0x000000008ae00000, 0x000000008ae00000| Untracked 
| 175|0x000000008af00000, 0x000000008af00000, 0x000000008b000000|  0%| F|  |TAMS 0x000000008af00000, 0x000000008af00000| Untracked 
| 176|0x000000008b000000, 0x000000008b000000, 0x000000008b100000|  0%| F|  |TAMS 0x000000008b000000, 0x000000008b000000| Untracked 
| 177|0x000000008b100000, 0x000000008b100000, 0x000000008b200000|  0%| F|  |TAMS 0x000000008b100000, 0x000000008b100000| Untracked 
| 178|0x000000008b200000, 0x000000008b200000, 0x000000008b300000|  0%| F|  |TAMS 0x000000008b200000, 0x000000008b200000| Untracked 
| 179|0x000000008b300000, 0x000000008b300000, 0x000000008b400000|  0%| F|  |TAMS 0x000000008b300000, 0x000000008b300000| Untracked 
| 180|0x000000008b400000, 0x000000008b400000, 0x000000008b500000|  0%| F|  |TAMS 0x000000008b400000, 0x000000008b400000| Untracked 
| 181|0x000000008b500000, 0x000000008b500000, 0x000000008b600000|  0%| F|  |TAMS 0x000000008b500000, 0x000000008b500000| Untracked 
| 182|0x000000008b600000, 0x000000008b600000, 0x000000008b700000|  0%| F|  |TAMS 0x000000008b600000, 0x000000008b600000| Untracked 
| 183|0x000000008b700000, 0x000000008b700000, 0x000000008b800000|  0%| F|  |TAMS 0x000000008b700000, 0x000000008b700000| Untracked 
| 184|0x000000008b800000, 0x000000008b800000, 0x000000008b900000|  0%| F|  |TAMS 0x000000008b800000, 0x000000008b800000| Untracked 
| 185|0x000000008b900000, 0x000000008b900000, 0x000000008ba00000|  0%| F|  |TAMS 0x000000008b900000, 0x000000008b900000| Untracked 
| 186|0x000000008ba00000, 0x000000008ba00000, 0x000000008bb00000|  0%| F|  |TAMS 0x000000008ba00000, 0x000000008ba00000| Untracked 
| 187|0x000000008bb00000, 0x000000008bb00000, 0x000000008bc00000|  0%| F|  |TAMS 0x000000008bb00000, 0x000000008bb00000| Untracked 
| 188|0x000000008bc00000, 0x000000008bc00000, 0x000000008bd00000|  0%| F|  |TAMS 0x000000008bc00000, 0x000000008bc00000| Untracked 
| 189|0x000000008bd00000, 0x000000008bd00000, 0x000000008be00000|  0%| F|  |TAMS 0x000000008bd00000, 0x000000008bd00000| Untracked 
| 190|0x000000008be00000, 0x000000008be00000, 0x000000008bf00000|  0%| F|  |TAMS 0x000000008be00000, 0x000000008be00000| Untracked 
| 191|0x000000008bf00000, 0x000000008bf00000, 0x000000008c000000|  0%| F|  |TAMS 0x000000008bf00000, 0x000000008bf00000| Untracked 
| 192|0x000000008c000000, 0x000000008c000000, 0x000000008c100000|  0%| F|  |TAMS 0x000000008c000000, 0x000000008c000000| Untracked 
| 193|0x000000008c100000, 0x000000008c100000, 0x000000008c200000|  0%| F|  |TAMS 0x000000008c100000, 0x000000008c100000| Untracked 
| 194|0x000000008c200000, 0x000000008c200000, 0x000000008c300000|  0%| F|  |TAMS 0x000000008c200000, 0x000000008c200000| Untracked 
| 195|0x000000008c300000, 0x000000008c300000, 0x000000008c400000|  0%| F|  |TAMS 0x000000008c300000, 0x000000008c300000| Untracked 
| 196|0x000000008c400000, 0x000000008c400000, 0x000000008c500000|  0%| F|  |TAMS 0x000000008c400000, 0x000000008c400000| Untracked 
| 197|0x000000008c500000, 0x000000008c500000, 0x000000008c600000|  0%| F|  |TAMS 0x000000008c500000, 0x000000008c500000| Untracked 
| 198|0x000000008c600000, 0x000000008c600000, 0x000000008c700000|  0%| F|  |TAMS 0x000000008c600000, 0x000000008c600000| Untracked 
| 199|0x000000008c700000, 0x000000008c700000, 0x000000008c800000|  0%| F|  |TAMS 0x000000008c700000, 0x000000008c700000| Untracked 
| 200|0x000000008c800000, 0x000000008c800000, 0x000000008c900000|  0%| F|  |TAMS 0x000000008c800000, 0x000000008c800000| Untracked 
| 201|0x000000008c900000, 0x000000008c900000, 0x000000008ca00000|  0%| F|  |TAMS 0x000000008c900000, 0x000000008c900000| Untracked 
| 202|0x000000008ca00000, 0x000000008ca00000, 0x000000008cb00000|  0%| F|  |TAMS 0x000000008ca00000, 0x000000008ca00000| Untracked 
| 203|0x000000008cb00000, 0x000000008cb79620, 0x000000008cc00000| 47%| S|CS|TAMS 0x000000008cb00000, 0x000000008cb00000| Complete 
| 204|0x000000008cc00000, 0x000000008cc00000, 0x000000008cd00000|  0%| F|  |TAMS 0x000000008cc00000, 0x000000008cc00000| Untracked 
| 205|0x000000008cd00000, 0x000000008cd00000, 0x000000008ce00000|  0%| F|  |TAMS 0x000000008cd00000, 0x000000008cd00000| Untracked 
| 206|0x000000008ce00000, 0x000000008ce00000, 0x000000008cf00000|  0%| F|  |TAMS 0x000000008ce00000, 0x000000008ce00000| Untracked 
| 207|0x000000008cf00000, 0x000000008cf00000, 0x000000008d000000|  0%| F|  |TAMS 0x000000008cf00000, 0x000000008cf00000| Untracked 
| 208|0x000000008d000000, 0x000000008d000000, 0x000000008d100000|  0%| F|  |TAMS 0x000000008d000000, 0x000000008d000000| Untracked 
| 209|0x000000008d100000, 0x000000008d100000, 0x000000008d200000|  0%| F|  |TAMS 0x000000008d100000, 0x000000008d100000| Untracked 
| 210|0x000000008d200000, 0x000000008d200000, 0x000000008d300000|  0%| F|  |TAMS 0x000000008d200000, 0x000000008d200000| Untracked 
| 211|0x000000008d300000, 0x000000008d300000, 0x000000008d400000|  0%| F|  |TAMS 0x000000008d300000, 0x000000008d300000| Untracked 
| 212|0x000000008d400000, 0x000000008d400000, 0x000000008d500000|  0%| F|  |TAMS 0x000000008d400000, 0x000000008d400000| Untracked 
| 213|0x000000008d500000, 0x000000008d500000, 0x000000008d600000|  0%| F|  |TAMS 0x000000008d500000, 0x000000008d500000| Untracked 
| 214|0x000000008d600000, 0x000000008d700000, 0x000000008d700000|100%| E|  |TAMS 0x000000008d600000, 0x000000008d600000| Complete 
| 215|0x000000008d700000, 0x000000008d800000, 0x000000008d800000|100%| E|CS|TAMS 0x000000008d700000, 0x000000008d700000| Complete 
| 216|0x000000008d800000, 0x000000008d900000, 0x000000008d900000|100%| E|CS|TAMS 0x000000008d800000, 0x000000008d800000| Complete 
| 217|0x000000008d900000, 0x000000008da00000, 0x000000008da00000|100%| E|CS|TAMS 0x000000008d900000, 0x000000008d900000| Complete 
| 218|0x000000008da00000, 0x000000008db00000, 0x000000008db00000|100%| E|CS|TAMS 0x000000008da00000, 0x000000008da00000| Complete 
| 219|0x000000008db00000, 0x000000008dc00000, 0x000000008dc00000|100%| E|CS|TAMS 0x000000008db00000, 0x000000008db00000| Complete 
| 220|0x000000008dc00000, 0x000000008dd00000, 0x000000008dd00000|100%| E|CS|TAMS 0x000000008dc00000, 0x000000008dc00000| Complete 
| 221|0x000000008dd00000, 0x000000008de00000, 0x000000008de00000|100%| E|CS|TAMS 0x000000008dd00000, 0x000000008dd00000| Complete 
| 222|0x000000008de00000, 0x000000008df00000, 0x000000008df00000|100%| E|CS|TAMS 0x000000008de00000, 0x000000008de00000| Complete 
| 223|0x000000008df00000, 0x000000008e000000, 0x000000008e000000|100%| E|CS|TAMS 0x000000008df00000, 0x000000008df00000| Complete 
| 224|0x000000008e000000, 0x000000008e100000, 0x000000008e100000|100%| E|CS|TAMS 0x000000008e000000, 0x000000008e000000| Complete 
| 225|0x000000008e100000, 0x000000008e200000, 0x000000008e200000|100%| E|CS|TAMS 0x000000008e100000, 0x000000008e100000| Complete 
| 226|0x000000008e200000, 0x000000008e300000, 0x000000008e300000|100%| E|CS|TAMS 0x000000008e200000, 0x000000008e200000| Complete 
| 227|0x000000008e300000, 0x000000008e400000, 0x000000008e400000|100%| E|CS|TAMS 0x000000008e300000, 0x000000008e300000| Complete 
| 228|0x000000008e400000, 0x000000008e500000, 0x000000008e500000|100%| E|CS|TAMS 0x000000008e400000, 0x000000008e400000| Complete 
| 229|0x000000008e500000, 0x000000008e600000, 0x000000008e600000|100%| E|CS|TAMS 0x000000008e500000, 0x000000008e500000| Complete 
| 230|0x000000008e600000, 0x000000008e700000, 0x000000008e700000|100%| E|CS|TAMS 0x000000008e600000, 0x000000008e600000| Complete 
| 231|0x000000008e700000, 0x000000008e800000, 0x000000008e800000|100%| E|CS|TAMS 0x000000008e700000, 0x000000008e700000| Complete 
| 232|0x000000008e800000, 0x000000008e900000, 0x000000008e900000|100%| E|CS|TAMS 0x000000008e800000, 0x000000008e800000| Complete 
| 233|0x000000008e900000, 0x000000008ea00000, 0x000000008ea00000|100%| E|CS|TAMS 0x000000008e900000, 0x000000008e900000| Complete 
| 234|0x000000008ea00000, 0x000000008eb00000, 0x000000008eb00000|100%| E|CS|TAMS 0x000000008ea00000, 0x000000008ea00000| Complete 
| 235|0x000000008eb00000, 0x000000008ec00000, 0x000000008ec00000|100%| E|CS|TAMS 0x000000008eb00000, 0x000000008eb00000| Complete 
| 236|0x000000008ec00000, 0x000000008ed00000, 0x000000008ed00000|100%| E|CS|TAMS 0x000000008ec00000, 0x000000008ec00000| Complete 
| 237|0x000000008ed00000, 0x000000008ee00000, 0x000000008ee00000|100%| E|CS|TAMS 0x000000008ed00000, 0x000000008ed00000| Complete 
| 238|0x000000008ee00000, 0x000000008ef00000, 0x000000008ef00000|100%| E|CS|TAMS 0x000000008ee00000, 0x000000008ee00000| Complete 
| 239|0x000000008ef00000, 0x000000008f000000, 0x000000008f000000|100%| E|CS|TAMS 0x000000008ef00000, 0x000000008ef00000| Complete 
| 240|0x000000008f000000, 0x000000008f100000, 0x000000008f100000|100%| E|CS|TAMS 0x000000008f000000, 0x000000008f000000| Complete 
| 241|0x000000008f100000, 0x000000008f200000, 0x000000008f200000|100%| E|CS|TAMS 0x000000008f100000, 0x000000008f100000| Complete 
| 242|0x000000008f200000, 0x000000008f300000, 0x000000008f300000|100%| E|CS|TAMS 0x000000008f200000, 0x000000008f200000| Complete 
| 243|0x000000008f300000, 0x000000008f400000, 0x000000008f400000|100%| E|CS|TAMS 0x000000008f300000, 0x000000008f300000| Complete 
| 244|0x000000008f400000, 0x000000008f500000, 0x000000008f500000|100%| E|CS|TAMS 0x000000008f400000, 0x000000008f400000| Complete 
| 245|0x000000008f500000, 0x000000008f600000, 0x000000008f600000|100%| E|CS|TAMS 0x000000008f500000, 0x000000008f500000| Complete 
| 246|0x000000008f600000, 0x000000008f700000, 0x000000008f700000|100%| E|CS|TAMS 0x000000008f600000, 0x000000008f600000| Complete 
| 247|0x000000008f700000, 0x000000008f800000, 0x000000008f800000|100%| E|CS|TAMS 0x000000008f700000, 0x000000008f700000| Complete 
| 248|0x000000008f800000, 0x000000008f900000, 0x000000008f900000|100%| E|CS|TAMS 0x000000008f800000, 0x000000008f800000| Complete 
| 249|0x000000008f900000, 0x000000008fa00000, 0x000000008fa00000|100%| E|CS|TAMS 0x000000008f900000, 0x000000008f900000| Complete 
| 250|0x000000008fa00000, 0x000000008fb00000, 0x000000008fb00000|100%| E|CS|TAMS 0x000000008fa00000, 0x000000008fa00000| Complete 
| 251|0x000000008fb00000, 0x000000008fc00000, 0x000000008fc00000|100%| E|CS|TAMS 0x000000008fb00000, 0x000000008fb00000| Complete 
| 252|0x000000008fc00000, 0x000000008fd00000, 0x000000008fd00000|100%| E|CS|TAMS 0x000000008fc00000, 0x000000008fc00000| Complete 
| 253|0x000000008fd00000, 0x000000008fe00000, 0x000000008fe00000|100%| E|CS|TAMS 0x000000008fd00000, 0x000000008fd00000| Complete 
| 254|0x000000008fe00000, 0x000000008ff00000, 0x000000008ff00000|100%| E|CS|TAMS 0x000000008fe00000, 0x000000008fe00000| Complete 
| 255|0x000000008ff00000, 0x0000000090000000, 0x0000000090000000|100%| E|CS|TAMS 0x000000008ff00000, 0x000000008ff00000| Complete 
| 256|0x0000000090000000, 0x0000000090100000, 0x0000000090100000|100%| E|CS|TAMS 0x0000000090000000, 0x0000000090000000| Complete 
| 257|0x0000000090100000, 0x0000000090200000, 0x0000000090200000|100%| E|CS|TAMS 0x0000000090100000, 0x0000000090100000| Complete 
| 258|0x0000000090200000, 0x0000000090300000, 0x0000000090300000|100%| E|CS|TAMS 0x0000000090200000, 0x0000000090200000| Complete 
| 259|0x0000000090300000, 0x0000000090400000, 0x0000000090400000|100%| E|CS|TAMS 0x0000000090300000, 0x0000000090300000| Complete 
| 260|0x0000000090400000, 0x0000000090500000, 0x0000000090500000|100%| E|CS|TAMS 0x0000000090400000, 0x0000000090400000| Complete 
| 261|0x0000000090500000, 0x0000000090600000, 0x0000000090600000|100%| E|CS|TAMS 0x0000000090500000, 0x0000000090500000| Complete 
| 262|0x0000000090600000, 0x0000000090700000, 0x0000000090700000|100%| E|CS|TAMS 0x0000000090600000, 0x0000000090600000| Complete 
| 263|0x0000000090700000, 0x0000000090800000, 0x0000000090800000|100%| E|CS|TAMS 0x0000000090700000, 0x0000000090700000| Complete 
| 264|0x0000000090800000, 0x0000000090900000, 0x0000000090900000|100%| E|CS|TAMS 0x0000000090800000, 0x0000000090800000| Complete 
| 265|0x0000000090900000, 0x0000000090a00000, 0x0000000090a00000|100%| E|CS|TAMS 0x0000000090900000, 0x0000000090900000| Complete 
| 266|0x0000000090a00000, 0x0000000090b00000, 0x0000000090b00000|100%| E|CS|TAMS 0x0000000090a00000, 0x0000000090a00000| Complete 
| 267|0x0000000090b00000, 0x0000000090c00000, 0x0000000090c00000|100%| E|CS|TAMS 0x0000000090b00000, 0x0000000090b00000| Complete 
| 268|0x0000000090c00000, 0x0000000090d00000, 0x0000000090d00000|100%| E|CS|TAMS 0x0000000090c00000, 0x0000000090c00000| Complete 
| 269|0x0000000090d00000, 0x0000000090e00000, 0x0000000090e00000|100%| E|CS|TAMS 0x0000000090d00000, 0x0000000090d00000| Complete 
| 270|0x0000000090e00000, 0x0000000090f00000, 0x0000000090f00000|100%| E|CS|TAMS 0x0000000090e00000, 0x0000000090e00000| Complete 
| 271|0x0000000090f00000, 0x0000000091000000, 0x0000000091000000|100%| E|CS|TAMS 0x0000000090f00000, 0x0000000090f00000| Complete 
| 272|0x0000000091000000, 0x0000000091100000, 0x0000000091100000|100%| E|CS|TAMS 0x0000000091000000, 0x0000000091000000| Complete 
| 273|0x0000000091100000, 0x0000000091200000, 0x0000000091200000|100%| E|CS|TAMS 0x0000000091100000, 0x0000000091100000| Complete 
| 274|0x0000000091200000, 0x0000000091300000, 0x0000000091300000|100%| E|CS|TAMS 0x0000000091200000, 0x0000000091200000| Complete 
| 275|0x0000000091300000, 0x0000000091400000, 0x0000000091400000|100%| E|CS|TAMS 0x0000000091300000, 0x0000000091300000| Complete 
| 276|0x0000000091400000, 0x0000000091500000, 0x0000000091500000|100%| E|CS|TAMS 0x0000000091400000, 0x0000000091400000| Complete 
| 277|0x0000000091500000, 0x0000000091600000, 0x0000000091600000|100%| E|CS|TAMS 0x0000000091500000, 0x0000000091500000| Complete 
| 278|0x0000000091600000, 0x0000000091700000, 0x0000000091700000|100%| E|CS|TAMS 0x0000000091600000, 0x0000000091600000| Complete 
| 279|0x0000000091700000, 0x0000000091800000, 0x0000000091800000|100%| E|CS|TAMS 0x0000000091700000, 0x0000000091700000| Complete 
| 280|0x0000000091800000, 0x0000000091900000, 0x0000000091900000|100%| E|CS|TAMS 0x0000000091800000, 0x0000000091800000| Complete 
| 281|0x0000000091900000, 0x0000000091a00000, 0x0000000091a00000|100%| E|CS|TAMS 0x0000000091900000, 0x0000000091900000| Complete 
| 282|0x0000000091a00000, 0x0000000091b00000, 0x0000000091b00000|100%| E|CS|TAMS 0x0000000091a00000, 0x0000000091a00000| Complete 
| 283|0x0000000091b00000, 0x0000000091c00000, 0x0000000091c00000|100%| E|CS|TAMS 0x0000000091b00000, 0x0000000091b00000| Complete 
| 284|0x0000000091c00000, 0x0000000091d00000, 0x0000000091d00000|100%| E|CS|TAMS 0x0000000091c00000, 0x0000000091c00000| Complete 
| 285|0x0000000091d00000, 0x0000000091e00000, 0x0000000091e00000|100%| E|CS|TAMS 0x0000000091d00000, 0x0000000091d00000| Complete 
| 286|0x0000000091e00000, 0x0000000091f00000, 0x0000000091f00000|100%| E|CS|TAMS 0x0000000091e00000, 0x0000000091e00000| Complete 
| 287|0x0000000091f00000, 0x0000000092000000, 0x0000000092000000|100%| E|CS|TAMS 0x0000000091f00000, 0x0000000091f00000| Complete 
| 288|0x0000000092000000, 0x0000000092100000, 0x0000000092100000|100%| E|  |TAMS 0x0000000092000000, 0x0000000092000000| Complete 
| 289|0x0000000092100000, 0x0000000092200000, 0x0000000092200000|100%| E|CS|TAMS 0x0000000092100000, 0x0000000092100000| Complete 
| 290|0x0000000092200000, 0x0000000092300000, 0x0000000092300000|100%| E|CS|TAMS 0x0000000092200000, 0x0000000092200000| Complete 
| 291|0x0000000092300000, 0x0000000092400000, 0x0000000092400000|100%| E|CS|TAMS 0x0000000092300000, 0x0000000092300000| Complete 
| 292|0x0000000092400000, 0x0000000092500000, 0x0000000092500000|100%| E|CS|TAMS 0x0000000092400000, 0x0000000092400000| Complete 
| 293|0x0000000092500000, 0x0000000092600000, 0x0000000092600000|100%| E|CS|TAMS 0x0000000092500000, 0x0000000092500000| Complete 

Card table byte_map: [0x000001c53fb60000,0x000001c53ff60000] _byte_map_base: 0x000001c53f760000

Marking Bits (Prev, Next): (CMBitMap*) 0x000001c52cfb9a20, (CMBitMap*) 0x000001c52cfb9a60
 Prev Bits: [0x000001c540360000, 0x000001c542360000)
 Next Bits: [0x000001c542360000, 0x000001c544360000)

Polling page: 0x000001c52aef0000

Metaspace:

Usage:
  Non-class:     66.20 MB used.
      Class:     10.03 MB used.
       Both:     76.23 MB used.

Virtual space:
  Non-class space:       72.00 MB reserved,      66.50 MB ( 92%) committed,  9 nodes.
      Class space:        1.00 GB reserved,      10.31 MB (  1%) committed,  1 nodes.
             Both:        1.07 GB reserved,      76.81 MB (  7%) committed. 

Chunk freelists:
   Non-Class:  832.00 KB
       Class:  1.66 MB
        Both:  2.47 MB

MaxMetaspaceSize: unlimited
CompressedClassSpaceSize: 1.00 GB
Initial GC threshold: 21.00 MB
Current GC threshold: 114.38 MB
CDS: off
MetaspaceReclaimPolicy: balanced
 - commit_granule_bytes: 65536.
 - commit_granule_words: 8192.
 - virtual_space_node_default_size: 1048576.
 - enlarge_chunks_in_place: 1.
 - new_chunks_are_fully_committed: 0.
 - uncommit_free_chunks: 1.
 - use_allocation_guard: 0.
 - handle_deallocations: 1.


Internal statistics:

num_allocs_failed_limit: 3.
num_arena_births: 740.
num_arena_deaths: 2.
num_vsnodes_births: 10.
num_vsnodes_deaths: 0.
num_space_committed: 1229.
num_space_uncommitted: 0.
num_chunks_returned_to_freelist: 5.
num_chunks_taken_from_freelist: 3222.
num_chunk_merges: 3.
num_chunk_splits: 2120.
num_chunks_enlarged: 1435.
num_purges: 2.
num_inconsistent_stats: 0.

CodeHeap 'non-profiled nmethods': size=120000Kb used=6267Kb max_used=6267Kb free=113732Kb
 bounds [0x000001c537f00000, 0x000001c538520000, 0x000001c53f430000]
CodeHeap 'profiled nmethods': size=120000Kb used=16393Kb max_used=16393Kb free=103606Kb
 bounds [0x000001c530430000, 0x000001c531440000, 0x000001c537960000]
CodeHeap 'non-nmethods': size=5760Kb used=2403Kb max_used=2537Kb free=3357Kb
 bounds [0x000001c537960000, 0x000001c537bf0000, 0x000001c537f00000]
 total_blobs=9507 nmethods=8567 adapters=852
 compilation: enabled
              stopped_count=0, restarted_count=0
 full_count=0

Compilation events (20 events):
Event: 27.989 Thread 0x000001c547878d30 nmethod 9963 0x000001c538516790 code [0x000001c538516920, 0x000001c5385169f8]
Event: 27.989 Thread 0x000001c547878d30 9964       3       javax.management.ImmutableDescriptor::isEmpty (46 bytes)
Event: 27.989 Thread 0x000001c547878d30 nmethod 9964 0x000001c531425b90 code [0x000001c531425d80, 0x000001c531426428]
Event: 27.989 Thread 0x000001c547878d30 9965       3       javax.management.ObjectName::<init> (15 bytes)
Event: 27.989 Thread 0x000001c547878d30 nmethod 9965 0x000001c531426610 code [0x000001c5314267c0, 0x000001c531426968]
Event: 27.990 Thread 0x000001c54d49c4d0 nmethod 9962 0x000001c538516a90 code [0x000001c538516c00, 0x000001c538516cf8]
Event: 27.990 Thread 0x000001c54d49c4d0 9961       4       java.util.TreeMap$PrivateEntryIterator::nextEntry (54 bytes)
Event: 27.992 Thread 0x000001c54d49d400 nmethod 9892 0x000001c538516e10 code [0x000001c538517080, 0x000001c538519950]
Event: 27.994 Thread 0x000001c54d49c4d0 nmethod 9961 0x000001c53851a890 code [0x000001c53851aa20, 0x000001c53851ad58]
Event: 27.994 Thread 0x000001c547878d30 9966       3       java.util.stream.AbstractPipeline::evaluateToArrayNode (78 bytes)
Event: 27.995 Thread 0x000001c547878d30 nmethod 9966 0x000001c531426a10 code [0x000001c531426c20, 0x000001c5314271b8]
Event: 27.995 Thread 0x000001c547878d30 9967       3       java.lang.StringLatin1$LinesSpliterator::indexOfLineSeparator (44 bytes)
Event: 27.995 Thread 0x000001c547878d30 nmethod 9967 0x000001c531427390 code [0x000001c531427540, 0x000001c531427838]
Event: 27.995 Thread 0x000001c54d49c4d0 9968       4       java.lang.String::indexOf (29 bytes)
Event: 27.995 Thread 0x000001c547878d30 9969       3       java.util.stream.Nodes::flatten (70 bytes)
Event: 27.996 Thread 0x000001c547878d30 nmethod 9969 0x000001c531427990 code [0x000001c531427bc0, 0x000001c5314283f8]
Event: 27.996 Thread 0x000001c547878d30 9970       3       java.util.TreeMap::keySet (5 bytes)
Event: 27.996 Thread 0x000001c547878d30 nmethod 9970 0x000001c531428710 code [0x000001c5314288c0, 0x000001c531428a08]
Event: 27.996 Thread 0x000001c54d49d400 9971       4       java.util.TreeMap$ValueIterator::next (8 bytes)
Event: 27.996 Thread 0x000001c547878d30 9972       3       javax.management.ImmutableDescriptor::<init> (195 bytes)

GC Heap History (20 events):
Event: 22.864 GC heap before
{Heap before GC invocations=61 (full 0):
 garbage-first heap   total 301056K, used 261651K [0x0000000080000000, 0x0000000100000000)
  region size 1024K, 142 young (145408K), 8 survivors (8192K)
 Metaspace       used 69533K, committed 70144K, reserved 1114112K
  class space    used 9123K, committed 9408K, reserved 1048576K
}
Event: 22.869 GC heap after
{Heap after GC invocations=62 (full 0):
 garbage-first heap   total 301056K, used 125368K [0x0000000080000000, 0x0000000100000000)
  region size 1024K, 9 young (9216K), 9 survivors (9216K)
 Metaspace       used 69533K, committed 70144K, reserved 1114112K
  class space    used 9123K, committed 9408K, reserved 1048576K
}
Event: 23.264 GC heap before
{Heap before GC invocations=62 (full 0):
 garbage-first heap   total 301056K, used 259512K [0x0000000080000000, 0x0000000100000000)
  region size 1024K, 140 young (143360K), 9 survivors (9216K)
 Metaspace       used 69534K, committed 70144K, reserved 1114112K
  class space    used 9123K, committed 9408K, reserved 1048576K
}
Event: 23.269 GC heap after
{Heap after GC invocations=63 (full 0):
 garbage-first heap   total 301056K, used 126131K [0x0000000080000000, 0x0000000100000000)
  region size 1024K, 9 young (9216K), 9 survivors (9216K)
 Metaspace       used 69534K, committed 70144K, reserved 1114112K
  class space    used 9123K, committed 9408K, reserved 1048576K
}
Event: 23.711 GC heap before
{Heap before GC invocations=64 (full 0):
 garbage-first heap   total 301056K, used 260275K [0x0000000080000000, 0x0000000100000000)
  region size 1024K, 140 young (143360K), 9 survivors (9216K)
 Metaspace       used 69534K, committed 70144K, reserved 1114112K
  class space    used 9123K, committed 9408K, reserved 1048576K
}
Event: 23.716 GC heap after
{Heap after GC invocations=65 (full 0):
 garbage-first heap   total 301056K, used 126896K [0x0000000080000000, 0x0000000100000000)
  region size 1024K, 10 young (10240K), 10 survivors (10240K)
 Metaspace       used 69534K, committed 70144K, reserved 1114112K
  class space    used 9123K, committed 9408K, reserved 1048576K
}
Event: 24.032 GC heap before
{Heap before GC invocations=65 (full 0):
 garbage-first heap   total 301056K, used 258992K [0x0000000080000000, 0x0000000100000000)
  region size 1024K, 139 young (142336K), 10 survivors (10240K)
 Metaspace       used 69534K, committed 70144K, reserved 1114112K
  class space    used 9123K, committed 9408K, reserved 1048576K
}
Event: 24.038 GC heap after
{Heap after GC invocations=66 (full 0):
 garbage-first heap   total 301056K, used 128638K [0x0000000080000000, 0x0000000100000000)
  region size 1024K, 11 young (11264K), 11 survivors (11264K)
 Metaspace       used 69534K, committed 70144K, reserved 1114112K
  class space    used 9123K, committed 9408K, reserved 1048576K
}
Event: 25.036 GC heap before
{Heap before GC invocations=67 (full 0):
 garbage-first heap   total 301056K, used 193150K [0x0000000080000000, 0x0000000100000000)
  region size 1024K, 75 young (76800K), 11 survivors (11264K)
 Metaspace       used 69628K, committed 70208K, reserved 1114112K
  class space    used 9140K, committed 9408K, reserved 1048576K
}
Event: 25.038 GC heap after
{Heap after GC invocations=68 (full 0):
 garbage-first heap   total 301056K, used 116073K [0x0000000080000000, 0x0000000100000000)
  region size 1024K, 3 young (3072K), 3 survivors (3072K)
 Metaspace       used 69628K, committed 70208K, reserved 1114112K
  class space    used 9140K, committed 9408K, reserved 1048576K
}
Event: 25.528 GC heap before
{Heap before GC invocations=69 (full 0):
 garbage-first heap   total 301056K, used 270697K [0x0000000080000000, 0x0000000100000000)
  region size 1024K, 149 young (152576K), 3 survivors (3072K)
 Metaspace       used 69655K, committed 70208K, reserved 1114112K
  class space    used 9141K, committed 9408K, reserved 1048576K
}
Event: 25.529 GC heap after
{Heap after GC invocations=70 (full 0):
 garbage-first heap   total 301056K, used 118728K [0x0000000080000000, 0x0000000100000000)
  region size 1024K, 1 young (1024K), 1 survivors (1024K)
 Metaspace       used 69655K, committed 70208K, reserved 1114112K
  class space    used 9141K, committed 9408K, reserved 1048576K
}
Event: 25.562 GC heap before
{Heap before GC invocations=70 (full 0):
 garbage-first heap   total 301056K, used 131016K [0x0000000080000000, 0x0000000100000000)
  region size 1024K, 14 young (14336K), 1 survivors (1024K)
 Metaspace       used 69655K, committed 70208K, reserved 1114112K
  class space    used 9141K, committed 9408K, reserved 1048576K
}
Event: 25.563 GC heap after
{Heap after GC invocations=71 (full 0):
 garbage-first heap   total 301056K, used 117630K [0x0000000080000000, 0x0000000100000000)
  region size 1024K, 1 young (1024K), 1 survivors (1024K)
 Metaspace       used 69655K, committed 70208K, reserved 1114112K
  class space    used 9141K, committed 9408K, reserved 1048576K
}
Event: 25.954 GC heap before
{Heap before GC invocations=71 (full 0):
 garbage-first heap   total 301056K, used 266110K [0x0000000080000000, 0x0000000100000000)
  region size 1024K, 146 young (149504K), 1 survivors (1024K)
 Metaspace       used 69655K, committed 70208K, reserved 1114112K
  class space    used 9141K, committed 9408K, reserved 1048576K
}
Event: 25.957 GC heap after
{Heap after GC invocations=72 (full 0):
 garbage-first heap   total 301056K, used 119409K [0x0000000080000000, 0x0000000100000000)
  region size 1024K, 3 young (3072K), 3 survivors (3072K)
 Metaspace       used 69655K, committed 70208K, reserved 1114112K
  class space    used 9141K, committed 9408K, reserved 1048576K
}
Event: 26.328 GC heap before
{Heap before GC invocations=72 (full 0):
 garbage-first heap   total 301056K, used 264817K [0x0000000080000000, 0x0000000100000000)
  region size 1024K, 145 young (148480K), 3 survivors (3072K)
 Metaspace       used 69657K, committed 70208K, reserved 1114112K
  class space    used 9141K, committed 9408K, reserved 1048576K
}
Event: 26.331 GC heap after
{Heap after GC invocations=73 (full 0):
 garbage-first heap   total 301056K, used 121286K [0x0000000080000000, 0x0000000100000000)
  region size 1024K, 5 young (5120K), 5 survivors (5120K)
 Metaspace       used 69657K, committed 70208K, reserved 1114112K
  class space    used 9141K, committed 9408K, reserved 1048576K
}
Event: 26.642 GC heap before
{Heap before GC invocations=73 (full 0):
 garbage-first heap   total 301056K, used 212422K [0x0000000080000000, 0x0000000100000000)
  region size 1024K, 95 young (97280K), 5 survivors (5120K)
 Metaspace       used 69661K, committed 70208K, reserved 1114112K
  class space    used 9141K, committed 9408K, reserved 1048576K
}
Event: 26.644 GC heap after
{Heap after GC invocations=74 (full 0):
 garbage-first heap   total 301056K, used 113252K [0x0000000080000000, 0x0000000100000000)
  region size 1024K, 1 young (1024K), 1 survivors (1024K)
 Metaspace       used 69661K, committed 70208K, reserved 1114112K
  class space    used 9141K, committed 9408K, reserved 1048576K
}

Dll operation events (2 events):
Event: 0.006 Loaded shared library C:\Program Files\Android\Android Studio\jbr\bin\java.dll
Event: 0.345 Loaded shared library C:\Program Files\Android\Android Studio\jbr\bin\verify.dll

Deoptimization events (20 events):
Event: 27.973 Thread 0x000001c549e18020 Uncommon trap: trap_request=0xffffffbe fr.pc=0x000001c53818b338 relative=0x0000000000000338
Event: 27.973 Thread 0x000001c549e18020 Uncommon trap: reason=profile_predicate action=maybe_recompile pc=0x000001c53818b338 method=java.util.Arrays.binarySearch0([Ljava/lang/Object;IILjava/lang/Object;Ljava/util/Comparator;)I @ 25 c2
Event: 27.973 Thread 0x000001c549e18020 DEOPT PACKING pc=0x000001c53818b338 sp=0x00000070984f3630
Event: 27.973 Thread 0x000001c549e18020 DEOPT UNPACKING pc=0x000001c5379b69a3 sp=0x00000070984f3550 mode 2
Event: 27.973 Thread 0x000001c549e18020 Uncommon trap: trap_request=0xffffffbe fr.pc=0x000001c53818b338 relative=0x0000000000000338
Event: 27.973 Thread 0x000001c549e18020 Uncommon trap: reason=profile_predicate action=maybe_recompile pc=0x000001c53818b338 method=java.util.Arrays.binarySearch0([Ljava/lang/Object;IILjava/lang/Object;Ljava/util/Comparator;)I @ 25 c2
Event: 27.973 Thread 0x000001c549e18020 DEOPT PACKING pc=0x000001c53818b338 sp=0x00000070984f3630
Event: 27.973 Thread 0x000001c549e18020 DEOPT UNPACKING pc=0x000001c5379b69a3 sp=0x00000070984f3550 mode 2
Event: 27.973 Thread 0x000001c549e18020 Uncommon trap: trap_request=0xffffffbe fr.pc=0x000001c53818b338 relative=0x0000000000000338
Event: 27.973 Thread 0x000001c549e18020 Uncommon trap: reason=profile_predicate action=maybe_recompile pc=0x000001c53818b338 method=java.util.Arrays.binarySearch0([Ljava/lang/Object;IILjava/lang/Object;Ljava/util/Comparator;)I @ 25 c2
Event: 27.973 Thread 0x000001c549e18020 DEOPT PACKING pc=0x000001c53818b338 sp=0x00000070984f36c0
Event: 27.973 Thread 0x000001c549e18020 DEOPT UNPACKING pc=0x000001c5379b69a3 sp=0x00000070984f35e0 mode 2
Event: 27.973 Thread 0x000001c549e18020 Uncommon trap: trap_request=0xffffffbe fr.pc=0x000001c53818bef0 relative=0x0000000000000370
Event: 27.973 Thread 0x000001c549e18020 Uncommon trap: reason=profile_predicate action=maybe_recompile pc=0x000001c53818bef0 method=java.util.Arrays.binarySearch0([Ljava/lang/Object;IILjava/lang/Object;Ljava/util/Comparator;)I @ 25 c2
Event: 27.973 Thread 0x000001c549e18020 DEOPT PACKING pc=0x000001c53818bef0 sp=0x00000070984f3620
Event: 27.973 Thread 0x000001c549e18020 DEOPT UNPACKING pc=0x000001c5379b69a3 sp=0x00000070984f35c0 mode 2
Event: 27.994 Thread 0x000001c549e18020 Uncommon trap: trap_request=0xffffff45 fr.pc=0x000001c538151f9c relative=0x000000000000007c
Event: 27.994 Thread 0x000001c549e18020 Uncommon trap: reason=unstable_if action=reinterpret pc=0x000001c538151f9c method=java.util.Spliterator.getExactSizeIfKnown()J @ 9 c2
Event: 27.994 Thread 0x000001c549e18020 DEOPT PACKING pc=0x000001c538151f9c sp=0x00000070984f2dc0
Event: 27.994 Thread 0x000001c549e18020 DEOPT UNPACKING pc=0x000001c5379b69a3 sp=0x00000070984f2d58 mode 2

Classes unloaded (2 events):
Event: 16.360 Thread 0x000001c546db97f0 Unloading class 0x00000001007d0560 '_BuildScript_$_run_closure1'
Event: 16.360 Thread 0x000001c546db97f0 Unloading class 0x00000001007d0000 '_BuildScript_'

Classes redefined (0 events):
No events

Internal exceptions (20 events):
Event: 16.895 Thread 0x000001c54cf6d8d0 Exception <a 'sun/nio/fs/WindowsException'{0x000000008c81bb80}> (0x000000008c81bb80) 
thrown [s\src\hotspot\share\prims\jni.cpp, line 517]
Event: 16.903 Thread 0x000001c54a0db3b0 Exception <a 'sun/nio/fs/WindowsException'{0x000000008c2148b8}> (0x000000008c2148b8) 
thrown [s\src\hotspot\share\prims\jni.cpp, line 517]
Event: 16.928 Thread 0x000001c54cf708f0 Exception <a 'sun/nio/fs/WindowsException'{0x000000008b0273d0}> (0x000000008b0273d0) 
thrown [s\src\hotspot\share\prims\jni.cpp, line 517]
Event: 16.932 Thread 0x000001c54a0db3b0 Exception <a 'sun/nio/fs/WindowsException'{0x000000008c214a80}> (0x000000008c214a80) 
thrown [s\src\hotspot\share\prims\jni.cpp, line 517]
Event: 16.943 Thread 0x000001c54cf708f0 Exception <a 'sun/nio/fs/WindowsException'{0x000000008b0680e0}> (0x000000008b0680e0) 
thrown [s\src\hotspot\share\prims\jni.cpp, line 517]
Event: 16.973 Thread 0x000001c54a0dd560 Exception <a 'sun/nio/fs/WindowsException'{0x000000008a063930}> (0x000000008a063930) 
thrown [s\src\hotspot\share\prims\jni.cpp, line 517]
Event: 16.976 Thread 0x000001c54a0dd560 Exception <a 'sun/nio/fs/WindowsException'{0x000000008ff32800}> (0x000000008ff32800) 
thrown [s\src\hotspot\share\prims\jni.cpp, line 517]
Event: 17.459 Thread 0x000001c54a0dcbc0 Exception <a 'sun/nio/fs/WindowsException'{0x000000008b7e60b8}> (0x000000008b7e60b8) 
thrown [s\src\hotspot\share\prims\jni.cpp, line 517]
Event: 17.465 Thread 0x000001c54a0dcbc0 Exception <a 'sun/nio/fs/WindowsException'{0x000000008b7e62a8}> (0x000000008b7e62a8) 
thrown [s\src\hotspot\share\prims\jni.cpp, line 517]
Event: 20.111 Thread 0x000001c54a0dc220 Exception <a 'sun/nio/fs/WindowsException'{0x0000000090a7bda8}> (0x0000000090a7bda8) 
thrown [s\src\hotspot\share\prims\jni.cpp, line 517]
Event: 20.113 Thread 0x000001c54a0dc220 Exception <a 'sun/nio/fs/WindowsException'{0x0000000090a7bf90}> (0x0000000090a7bf90) 
thrown [s\src\hotspot\share\prims\jni.cpp, line 517]
Event: 24.185 Thread 0x000001c54cf6f5b0 Exception <a 'sun/nio/fs/WindowsException'{0x000000008eccc7b8}> (0x000000008eccc7b8) 
thrown [s\src\hotspot\share\prims\jni.cpp, line 517]
Event: 24.188 Thread 0x000001c54cf6f5b0 Exception <a 'sun/nio/fs/WindowsException'{0x000000008eccc990}> (0x000000008eccc990) 
thrown [s\src\hotspot\share\prims\jni.cpp, line 517]
Event: 27.005 Thread 0x000001c549e18020 Exception <a 'java/lang/ClassNotFoundException'{0x0000000090969e98}: build_bbaarcguzkfd6rugprxxukr6jBeanInfo> (0x0000000090969e98) 
thrown [s\src\hotspot\share\classfile\systemDictionary.cpp, line 256]
Event: 27.005 Thread 0x000001c549e18020 Exception <a 'java/lang/ClassNotFoundException'{0x0000000090970718}: build_bbaarcguzkfd6rugprxxukr6jCustomizer> (0x0000000090970718) 
thrown [s\src\hotspot\share\classfile\systemDictionary.cpp, line 256]
Event: 27.316 Thread 0x000001c549e18020 Exception <a 'java/lang/NoSuchMethodError'{0x000000008fedd2b0}: 'java.lang.Object java.lang.invoke.DirectMethodHandle$Holder.newInvokeSpecial(java.lang.Object, java.lang.Object, java.lang.Object, java.lang.Object, int)'> (0x000000008fedd2b0) 
thrown [s\src\hotspot\share\interpreter\linkResolver.cpp, line 771]
Event: 27.316 Thread 0x000001c549e18020 Exception <a 'java/lang/NoSuchMethodError'{0x000000008fee26b0}: 'java.lang.Object java.lang.invoke.DirectMethodHandle$Holder.invokeSpecial(java.lang.Object, java.lang.Object, java.lang.Object, java.lang.Object, java.lang.Object, int)'> (0x000000008fee26b0) 
thrown [s\src\hotspot\share\interpreter\linkResolver.cpp, line 771]
Event: 27.317 Thread 0x000001c549e18020 Exception <a 'java/lang/NoSuchMethodError'{0x000000008fee73e8}: 'java.lang.Object java.lang.invoke.Invokers$Holder.linkToTargetMethod(java.lang.Object, java.lang.Object, java.lang.Object, int, java.lang.Object)'> (0x000000008fee73e8) 
thrown [s\src\hotspot\share\interpreter\linkResolver.cpp, line 771]
Event: 27.588 Thread 0x000001c549e18020 Exception <a 'java/lang/NoSuchMethodError'{0x000000008f074340}: 'int java.lang.invoke.DirectMethodHandle$Holder.invokeInterface(java.lang.Object, java.lang.Object, java.lang.Object, java.lang.Object)'> (0x000000008f074340) 
thrown [s\src\hotspot\share\interpreter\linkResolver.cpp, line 771]
Event: 27.963 Thread 0x000001c549e18020 Exception <a 'java/lang/IncompatibleClassChangeError'{0x000000008d905370}: Found class java.lang.Object, but interface was expected> (0x000000008d905370) 
thrown [s\src\hotspot\share\interpreter\linkResolver.cpp, line 838]

VM Operations (20 events):
Event: 25.954 Executing VM operation: G1CollectForAllocation
Event: 25.957 Executing VM operation: G1CollectForAllocation done
Event: 26.328 Executing VM operation: G1CollectForAllocation
Event: 26.331 Executing VM operation: G1CollectForAllocation done
Event: 26.642 Executing VM operation: G1TryInitiateConcMark
Event: 26.644 Executing VM operation: G1TryInitiateConcMark done
Event: 26.718 Executing VM operation: G1Concurrent
Event: 26.726 Executing VM operation: G1Concurrent done
Event: 26.755 Executing VM operation: G1Concurrent
Event: 26.755 Executing VM operation: G1Concurrent done
Event: 27.010 Executing VM operation: ICBufferFull
Event: 27.010 Executing VM operation: ICBufferFull done
Event: 27.578 Executing VM operation: HandshakeAllThreads
Event: 27.579 Executing VM operation: HandshakeAllThreads done
Event: 27.585 Executing VM operation: HandshakeAllThreads
Event: 27.586 Executing VM operation: HandshakeAllThreads done
Event: 27.587 Executing VM operation: HandshakeAllThreads
Event: 27.587 Executing VM operation: HandshakeAllThreads done
Event: 27.887 Executing VM operation: ICBufferFull
Event: 27.887 Executing VM operation: ICBufferFull done

Events (20 events):
Event: 27.989 loading class com/sun/management/internal/DiagnosticCommandInfo
Event: 27.990 loading class com/sun/management/internal/DiagnosticCommandInfo done
Event: 27.990 loading class com/sun/management/internal/DiagnosticCommandArgumentInfo
Event: 27.990 loading class com/sun/management/internal/DiagnosticCommandArgumentInfo done
Event: 27.990 loading class jdk/jfr/internal/dcmd/DCmdStop
Event: 27.990 loading class jdk/jfr/internal/dcmd/AbstractDCmd
Event: 27.990 loading class jdk/jfr/internal/dcmd/AbstractDCmd done
Event: 27.991 loading class jdk/jfr/internal/dcmd/DCmdStop done
Event: 27.991 loading class jdk/jfr/internal/dcmd/Argument
Event: 27.991 loading class jdk/jfr/internal/dcmd/Argument done
Event: 27.991 loading class jdk/jfr/internal/dcmd/DCmdStart
Event: 27.991 loading class jdk/jfr/internal/dcmd/DCmdStart done
Event: 27.992 loading class jdk/jfr/internal/dcmd/DCmdDump
Event: 27.992 loading class jdk/jfr/internal/dcmd/DCmdDump done
Event: 27.992 loading class jdk/jfr/internal/dcmd/DCmdCheck
Event: 27.992 loading class jdk/jfr/internal/dcmd/DCmdCheck done
Event: 27.993 loading class com/sun/management/internal/DiagnosticCommandImpl$Wrapper
Event: 27.993 loading class com/sun/management/internal/DiagnosticCommandImpl$Wrapper done
Event: 27.993 loading class java/lang/StringLatin1$LinesSpliterator
Event: 27.993 loading class java/lang/StringLatin1$LinesSpliterator done


Dynamic libraries:
0x00007ff70c970000 - 0x00007ff70c97a000 	C:\Program Files\Android\Android Studio\jbr\bin\java.exe
0x00007ffadbc70000 - 0x00007ffadbe68000 	C:\WINDOWS\SYSTEM32\ntdll.dll
0x00007ffadb0a0000 - 0x00007ffadb15f000 	C:\WINDOWS\System32\KERNEL32.DLL
0x00007ffad9870000 - 0x00007ffad9b66000 	C:\WINDOWS\System32\KERNELBASE.dll
0x00007ffad95e0000 - 0x00007ffad96e0000 	C:\WINDOWS\System32\ucrtbase.dll
0x00007ffad1590000 - 0x00007ffad15ab000 	C:\Program Files\Android\Android Studio\jbr\bin\VCRUNTIME140.dll
0x00007ffad0770000 - 0x00007ffad0787000 	C:\Program Files\Android\Android Studio\jbr\bin\jli.dll
0x00007ffad9f10000 - 0x00007ffada0ad000 	C:\WINDOWS\System32\USER32.dll
0x00007ffad95b0000 - 0x00007ffad95d2000 	C:\WINDOWS\System32\win32u.dll
0x00007ffac74c0000 - 0x00007ffac775a000 	C:\WINDOWS\WinSxS\amd64_microsoft.windows.common-controls_6595b64144ccf1df_6.0.19041.1110_none_60b5254171f9507e\COMCTL32.dll
0x00007ffadbb50000 - 0x00007ffadbb7c000 	C:\WINDOWS\System32\GDI32.dll
0x00007ffad9dc0000 - 0x00007ffad9e5e000 	C:\WINDOWS\System32\msvcrt.dll
0x00007ffad96e0000 - 0x00007ffad97f5000 	C:\WINDOWS\System32\gdi32full.dll
0x00007ffad93d0000 - 0x00007ffad946d000 	C:\WINDOWS\System32\msvcp_win.dll
0x00007ffada240000 - 0x00007ffada270000 	C:\WINDOWS\System32\IMM32.DLL
0x00007ffad3cb0000 - 0x00007ffad3cbc000 	C:\Program Files\Android\Android Studio\jbr\bin\vcruntime140_1.dll
0x00007ffab5a40000 - 0x00007ffab5acd000 	C:\Program Files\Android\Android Studio\jbr\bin\msvcp140.dll
0x00007ffa5f570000 - 0x00007ffa601dd000 	C:\Program Files\Android\Android Studio\jbr\bin\server\jvm.dll
0x00007ffadaef0000 - 0x00007ffadaf9f000 	C:\WINDOWS\System32\ADVAPI32.dll
0x00007ffadb000000 - 0x00007ffadb09c000 	C:\WINDOWS\System32\sechost.dll
0x00007ffadabb0000 - 0x00007ffadacd6000 	C:\WINDOWS\System32\RPCRT4.dll
0x00007ffad3e70000 - 0x00007ffad3e79000 	C:\WINDOWS\SYSTEM32\WSOCK32.dll
0x00007ffabd0d0000 - 0x00007ffabd0f7000 	C:\WINDOWS\SYSTEM32\WINMM.dll
0x00007ffad12b0000 - 0x00007ffad12ba000 	C:\WINDOWS\SYSTEM32\VERSION.dll
0x00007ffadb280000 - 0x00007ffadb2eb000 	C:\WINDOWS\System32\WS2_32.dll
0x00007ffad7b90000 - 0x00007ffad7ba2000 	C:\WINDOWS\SYSTEM32\kernel.appcore.dll
0x00007ffad3e60000 - 0x00007ffad3e6a000 	C:\Program Files\Android\Android Studio\jbr\bin\jimage.dll
0x00007ffad71d0000 - 0x00007ffad73b4000 	C:\WINDOWS\SYSTEM32\DBGHELP.DLL
0x00007ffacfe70000 - 0x00007ffacfea4000 	C:\WINDOWS\SYSTEM32\dbgcore.DLL
0x00007ffad9470000 - 0x00007ffad94f2000 	C:\WINDOWS\System32\bcryptPrimitives.dll
0x00007ffad3b40000 - 0x00007ffad3b65000 	C:\Program Files\Android\Android Studio\jbr\bin\java.dll
0x00007ffad3b20000 - 0x00007ffad3b38000 	C:\Program Files\Android\Android Studio\jbr\bin\zip.dll
0x00007ffada450000 - 0x00007ffadab94000 	C:\WINDOWS\System32\SHELL32.dll
0x00007ffad73e0000 - 0x00007ffad7b73000 	C:\WINDOWS\SYSTEM32\windows.storage.dll
0x00007ffadb380000 - 0x00007ffadb6d4000 	C:\WINDOWS\System32\combase.dll
0x00007ffad8da0000 - 0x00007ffad8dce000 	C:\WINDOWS\SYSTEM32\Wldp.dll
0x00007ffadbb80000 - 0x00007ffadbc2d000 	C:\WINDOWS\System32\SHCORE.dll
0x00007ffada3f0000 - 0x00007ffada445000 	C:\WINDOWS\System32\shlwapi.dll
0x00007ffad9290000 - 0x00007ffad92af000 	C:\WINDOWS\SYSTEM32\profapi.dll
0x00007ffad3b00000 - 0x00007ffad3b19000 	C:\Program Files\Android\Android Studio\jbr\bin\net.dll
0x00007ffad0640000 - 0x00007ffad074a000 	C:\WINDOWS\SYSTEM32\WINHTTP.dll
0x00007ffad8b00000 - 0x00007ffad8b6a000 	C:\WINDOWS\system32\mswsock.dll
0x00007ffad36f0000 - 0x00007ffad3706000 	C:\Program Files\Android\Android Studio\jbr\bin\nio.dll
0x00007ffad36e0000 - 0x00007ffad36f0000 	C:\Program Files\Android\Android Studio\jbr\bin\verify.dll
0x00007ffad1270000 - 0x00007ffad1297000 	C:\Users\Anas\.gradle\native\68d5fa5c4cc2d200863cafc0d521ce42e7d3e7ee720ec0a83991735586a16f82\windows-amd64\native-platform.dll
0x00007ffa92e40000 - 0x00007ffa92f84000 	C:\Users\Anas\.gradle\native\e376f236ea51e6404a007f0833ffe2c6e607c4080706a723a18a27aeea778392\windows-amd64\native-platform-file-events.dll
0x00007ffad3e20000 - 0x00007ffad3e29000 	C:\Program Files\Android\Android Studio\jbr\bin\management.dll
0x00007ffad39b0000 - 0x00007ffad39bb000 	C:\Program Files\Android\Android Studio\jbr\bin\management_ext.dll
0x00007ffad9cd0000 - 0x00007ffad9cd8000 	C:\WINDOWS\System32\PSAPI.DLL
0x00007ffad8cf0000 - 0x00007ffad8d08000 	C:\WINDOWS\SYSTEM32\CRYPTSP.dll
0x00007ffad83b0000 - 0x00007ffad83e4000 	C:\WINDOWS\system32\rsaenh.dll
0x00007ffad9350000 - 0x00007ffad9377000 	C:\WINDOWS\System32\bcrypt.dll
0x00007ffad9210000 - 0x00007ffad923e000 	C:\WINDOWS\SYSTEM32\USERENV.dll
0x00007ffad8d10000 - 0x00007ffad8d1c000 	C:\WINDOWS\SYSTEM32\CRYPTBASE.dll
0x00007ffad87a0000 - 0x00007ffad87dc000 	C:\WINDOWS\SYSTEM32\IPHLPAPI.DLL
0x00007ffadaba0000 - 0x00007ffadaba8000 	C:\WINDOWS\System32\NSI.dll
0x00007ffad14a0000 - 0x00007ffad14b7000 	C:\WINDOWS\SYSTEM32\dhcpcsvc6.DLL
0x00007ffad2300000 - 0x00007ffad231d000 	C:\WINDOWS\SYSTEM32\dhcpcsvc.DLL
0x00007ffad87f0000 - 0x00007ffad88ba000 	C:\WINDOWS\SYSTEM32\DNSAPI.dll
0x00007ffacddb0000 - 0x00007ffacddb7000 	C:\WINDOWS\system32\wshunix.dll
0x00007ffac9780000 - 0x00007ffac978a000 	C:\Windows\System32\rasadhlp.dll
0x00007ffac9e40000 - 0x00007ffac9ec2000 	C:\WINDOWS\System32\fwpuclnt.dll

dbghelp: loaded successfully - version: 4.0.5 - missing functions: none
symbol engine: initialized successfully - sym options: 0x614 - pdb path: .;C:\Program Files\Android\Android Studio\jbr\bin;C:\WINDOWS\SYSTEM32;C:\WINDOWS\WinSxS\amd64_microsoft.windows.common-controls_6595b64144ccf1df_6.0.19041.1110_none_60b5254171f9507e;C:\Program Files\Android\Android Studio\jbr\bin\server;C:\Users\Anas\.gradle\native\68d5fa5c4cc2d200863cafc0d521ce42e7d3e7ee720ec0a83991735586a16f82\windows-amd64;C:\Users\Anas\.gradle\native\e376f236ea51e6404a007f0833ffe2c6e607c4080706a723a18a27aeea778392\windows-amd64

VM Arguments:
jvm_args: --add-opens=java.base/java.util=ALL-UNNAMED --add-opens=java.base/java.lang=ALL-UNNAMED --add-opens=java.base/java.lang.invoke=ALL-UNNAMED --add-opens=java.prefs/java.util.prefs=ALL-UNNAMED --add-opens=java.base/java.nio.charset=ALL-UNNAMED --add-opens=java.base/java.net=ALL-UNNAMED --add-opens=java.base/java.util.concurrent.atomic=ALL-UNNAMED -Xmx2048m -Dfile.encoding=UTF-8 -Duser.country=US -Duser.language=en -Duser.variant 
java_command: org.gradle.launcher.daemon.bootstrap.GradleDaemon 8.0
java_class_path (initial): C:\Users\Anas\.gradle\wrapper\dists\gradle-8.0-bin\ca5e32bp14vu59qr306oxotwh\gradle-8.0\lib\gradle-launcher-8.0.jar
Launcher Type: SUN_STANDARD

[Global flags]
     intx CICompilerCount                          = 4                                         {product} {ergonomic}
     uint ConcGCThreads                            = 2                                         {product} {ergonomic}
     uint G1ConcRefinementThreads                  = 8                                         {product} {ergonomic}
   size_t G1HeapRegionSize                         = 1048576                                   {product} {ergonomic}
    uintx GCDrainStackTargetSize                   = 64                                        {product} {ergonomic}
   size_t InitialHeapSize                          = 268435456                                 {product} {ergonomic}
   size_t MarkStackSize                            = 4194304                                   {product} {ergonomic}
   size_t MaxHeapSize                              = 2147483648                                {product} {command line}
   size_t MaxNewSize                               = 1287651328                                {product} {ergonomic}
   size_t MinHeapDeltaBytes                        = 1048576                                   {product} {ergonomic}
   size_t MinHeapSize                              = 8388608                                   {product} {ergonomic}
    uintx NonNMethodCodeHeapSize                   = 5839372                                {pd product} {ergonomic}
    uintx NonProfiledCodeHeapSize                  = 122909434                              {pd product} {ergonomic}
    uintx ProfiledCodeHeapSize                     = 122909434                              {pd product} {ergonomic}
    uintx ReservedCodeCacheSize                    = 251658240                              {pd product} {ergonomic}
     bool SegmentedCodeCache                       = true                                      {product} {ergonomic}
   size_t SoftMaxHeapSize                          = 2147483648                             {manageable} {ergonomic}
     bool UseCompressedClassPointers               = true                           {product lp64_product} {ergonomic}
     bool UseCompressedOops                        = true                           {product lp64_product} {ergonomic}
     bool UseG1GC                                  = true                                      {product} {ergonomic}
     bool UseLargePagesIndividualAllocation        = false                                  {pd product} {ergonomic}

Logging:
Log output configuration:
 #0: stdout all=warning uptime,level,tags
 #1: stderr all=off uptime,level,tags

Environment Variables:
JAVA_HOME=C:\Program Files\Java\jdk1.8.0_291
PATH=C:\Program Files\Eclipse Adoptium\jdk-17.0.2.8-hotspot\bin;C:\Program Files (x86)\Intel\iCLS Client\;C:\Program Files\Intel\iCLS Client\;C:\Windows\system32;C:\Windows;C:\Windows\System32\Wbem;C:\Windows\System32\WindowsPowerShell\v1.0\;C:\Program Files (x86)\NVIDIA Corporation\PhysX\Common;C:\Program Files (x86)\Intel\Intel(R) Management Engine Components\DAL;C:\Program Files\Intel\Intel(R) Management Engine Components\DAL;C:\Program Files (x86)\Intel\Intel(R) Management Engine Components\IPT;C:\Program Files\Intel\Intel(R) Management Engine Components\IPT;C:\WINDOWS\system32;C:\WINDOWS;C:\WINDOWS\System32\Wbem;C:\WINDOWS\System32\WindowsPowerShell\v1.0\;C:\WINDOWS\System32\OpenSSH\;C:\Program Files\NVIDIA Corporation\NVIDIA NvDLISR;C:\Program Files\kotlinc\bin;C:\Program Files\Git\cmd;C:\Windows\System32;C:\Program Files\Git\git-cmd.exe;D:\Flutter\flutter\bin;C:\Users\Anas\AppData\Local\Programs\Microsoft VS Code\bin;C:\Users\Anas\AppData\Local\GitHubDesktop\bin
USERNAME=Anas
OS=Windows_NT
PROCESSOR_IDENTIFIER=Intel64 Family 6 Model 158 Stepping 9, GenuineIntel
TMP=C:\Users\Anas\AppData\Local\Temp
TEMP=C:\Users\Anas\AppData\Local\Temp



---------------  S Y S T E M  ---------------

OS:
 Windows 10 , 64 bit Build 19041 (10.0.19041.3031)
OS uptime: 4 days 10:18 hours

CPU: total 8 (initial active 8) (4 cores per cpu, 2 threads per core) family 6 model 158 stepping 9 microcode 0xb4, cx8, cmov, fxsr, ht, mmx, 3dnowpref, sse, sse2, sse3, ssse3, sse4.1, sse4.2, popcnt, lzcnt, tsc, tscinvbit, avx, avx2, aes, erms, clmul, bmi1, bmi2, adx, fma, vzeroupper, clflush, clflushopt

Memory: 4k page, system-wide physical 16259M (2525M free)
TotalPageFile size 18307M (AvailPageFile size 6M)
current process WorkingSet (physical memory assigned to process): 550M, peak: 566M
current process commit charge ("private bytes"): 584M, peak: 603M

vm_info: OpenJDK 64-Bit Server VM (17.0.6+0-b2043.56-9586694) for windows-amd64 JRE (17.0.6+0-b2043.56-9586694), built on Feb  9 2023 20:06:20 by "androidbuild" with MS VC++ 16.10 / 16.11 (VS2019)

END.
