#
# There is insufficient memory for the Java Runtime Environment to continue.
# Native memory allocation (mmap) failed to map 13631488 bytes for G1 virtual space
# Possible reasons:
#   The system is out of physical RAM or swap space
#   The process is running with CompressedOops enabled, and the Java Heap may be blocking the growth of the native heap
# Possible solutions:
#   Reduce memory load on the system
#   Increase physical memory or swap space
#   Check if swap backing store is full
#   Decrease Java heap size (-Xmx/-Xms)
#   Decrease number of Java threads
#   Decrease Java thread stack sizes (-Xss)
#   Set larger code cache with -XX:ReservedCodeCacheSize=
#   JVM is running with Unscaled Compressed Oops mode in which the Java heap is
#     placed in the first 4GB address space. The Java Heap base address is the
#     maximum limit for the native heap growth. Please use -XX:HeapBaseMinAddress
#     to set the Java Heap base and to place the Java Heap above 4GB virtual address.
# This output file may be truncated or incomplete.
#
#  Out of Memory Error (os_windows.cpp:3769), pid=20116, tid=21200
#
# JRE version: OpenJDK Runtime Environment (17.0.6) (build 17.0.6+0-b2043.56-9586694)
# Java VM: OpenJDK 64-Bit Server VM (17.0.6+0-b2043.56-9586694, mixed mode, tiered, compressed oops, compressed class ptrs, g1 gc, windows-amd64)
# No core dump will be written. Minidumps are not enabled by default on client versions of Windows
#

---------------  S U M M A R Y ------------

Command Line: --add-opens=java.base/java.util=ALL-UNNAMED --add-opens=java.base/java.lang=ALL-UNNAMED --add-opens=java.base/java.lang.invoke=ALL-UNNAMED --add-opens=java.prefs/java.util.prefs=ALL-UNNAMED --add-opens=java.base/java.nio.charset=ALL-UNNAMED --add-opens=java.base/java.net=ALL-UNNAMED --add-opens=java.base/java.util.concurrent.atomic=ALL-UNNAMED -Xmx2048m -Dfile.encoding=UTF-8 -Duser.country=US -Duser.language=en -Duser.variant org.gradle.launcher.daemon.bootstrap.GradleDaemon 8.0

Host: Intel(R) Core(TM) i7-7700HQ CPU @ 2.80GHz, 8 cores, 15G,  Windows 10 , 64 bit Build 19041 (10.0.19041.3031)
Time: Fri Jul 21 13:23:05 2023 Pakistan Standard Time elapsed time: 15.107742 seconds (0d 0h 0m 15s)

---------------  T H R E A D  ---------------

Current thread (0x000001ca41022040):  VMThread "VM Thread" [stack: 0x0000003445c00000,0x0000003445d00000] [id=21200]

Stack: [0x0000003445c00000,0x0000003445d00000]
Native frames: (J=compiled Java code, j=interpreted, Vv=VM code, C=native code)
V  [jvm.dll+0x683b4a]
V  [jvm.dll+0x842654]
V  [jvm.dll+0x843dfe]
V  [jvm.dll+0x844463]
V  [jvm.dll+0x249b75]
V  [jvm.dll+0x680a19]
V  [jvm.dll+0x674f0a]
V  [jvm.dll+0x309acb]
V  [jvm.dll+0x310f86]
V  [jvm.dll+0x3608ee]
V  [jvm.dll+0x360b1f]
V  [jvm.dll+0x2dfbf8]
V  [jvm.dll+0x2e2ce6]
V  [jvm.dll+0x2ed478]
V  [jvm.dll+0x322150]
V  [jvm.dll+0x84893b]
V  [jvm.dll+0x849674]
V  [jvm.dll+0x849b8d]
V  [jvm.dll+0x849f64]
V  [jvm.dll+0x84a030]
V  [jvm.dll+0x7f25fa]
V  [jvm.dll+0x682985]
C  [ucrtbase.dll+0x21bb2]
C  [KERNEL32.DLL+0x17614]
C  [ntdll.dll+0x526f1]

VM_Operation (0x00000034458ffa40): G1Concurrent, mode: safepoint, requested by thread 0x000001ca26778220


---------------  P R O C E S S  ---------------

Threads class SMR info:
_java_thread_list=0x000001ca43d237d0, length=125, elements={
0x000001ca26707f10, 0x000001ca41045620, 0x000001ca41046d70, 0x000001ca41031d40,
0x000001ca4104b310, 0x000001ca4106e020, 0x000001ca41071090, 0x000001ca410724d0,
0x000001ca41073710, 0x000001ca4107f600, 0x000001ca4120a390, 0x000001ca4120fc90,
0x000001ca43e2dae0, 0x000001ca437bbb50, 0x000001ca44122810, 0x000001ca42976ac0,
0x000001ca43564ee0, 0x000001ca438133c0, 0x000001ca429d2520, 0x000001ca43c22080,
0x000001ca43c24230, 0x000001ca43c250a0, 0x000001ca43c22a20, 0x000001ca43c233c0,
0x000001ca43c25a40, 0x000001ca43c23d60, 0x000001ca43c24bd0, 0x000001ca43c24700,
0x000001ca43c25570, 0x000001ca43c22550, 0x000001ca43c23890, 0x000001ca43c22ef0,
0x000001ca478668d0, 0x000001ca478620a0, 0x000001ca47864bf0, 0x000001ca4785fef0,
0x000001ca47865590, 0x000001ca47866da0, 0x000001ca47865a60, 0x000001ca47866400,
0x000001ca478650c0, 0x000001ca47861230, 0x000001ca4785fa20, 0x000001ca47861bd0,
0x000001ca478638b0, 0x000001ca47863d80, 0x000001ca47864720, 0x000001ca478603c0,
0x000001ca478633e0, 0x000001ca47860d60, 0x000001ca47861700, 0x000001ca47862570,
0x000001ca43f6fd00, 0x000001ca43f6e4f0, 0x000001ca43f6d1b0, 0x000001ca43f6a660,
0x000001ca43f6e020, 0x000001ca43f6cce0, 0x000001ca43f6d680, 0x000001ca43f6ab30,
0x000001ca43f6c810, 0x000001ca43f701d0, 0x000001ca43f6a190, 0x000001ca43f6b4d0,
0x000001ca43f6e9c0, 0x000001ca43f70b70, 0x000001ca43f6b000, 0x000001ca43f71040,
0x000001ca43f71510, 0x000001ca43f6ee90, 0x000001ca43f6f360, 0x000001ca43f6db50,
0x000001ca43f719e0, 0x000001ca43f6f830, 0x000001ca43f6be70, 0x000001ca43f6b9a0,
0x000001ca43f6c340, 0x000001ca42112a00, 0x000001ca4210f510, 0x000001ca42112530,
0x000001ca42113d40, 0x000001ca42112060, 0x000001ca42110d20, 0x000001ca4210e6a0,
0x000001ca42112ed0, 0x000001ca421133a0, 0x000001ca42114210, 0x000001ca4210eb70,
0x000001ca4210f040, 0x000001ca4210c9c0, 0x000001ca4210f9e0, 0x000001ca42113870,
0x000001ca4210feb0, 0x000001ca4210ce90, 0x000001ca4210d360, 0x000001ca4210d830,
0x000001ca4210dd00, 0x000001ca4210e1d0, 0x000001ca42110380, 0x000001ca42110850,
0x000001ca421111f0, 0x000001ca421116c0, 0x000001ca42111b90, 0x000001ca45eb1690,
0x000001ca45eb2ea0, 0x000001ca45eb7200, 0x000001ca45eb4b80, 0x000001ca45eb3370,
0x000001ca45eb76d0, 0x000001ca45eb11c0, 0x000001ca45eb7ba0, 0x000001ca45eb3840,
0x000001ca45eb41e0, 0x000001ca45eb1b60, 0x000001ca45eb8070, 0x000001ca45eb8540,
0x000001ca45eb59f0, 0x000001ca45eb46b0, 0x000001ca45eb2500, 0x000001ca45eb29d0,
0x000001ca45eb2030, 0x000001ca45eb3d10, 0x000001ca45eb5ec0, 0x000001ca41a98ec0,
0x000001ca41565390
}

Java Threads: ( => current thread )
  0x000001ca26707f10 JavaThread "main" [_thread_blocked, id=14644, stack(0x0000003445600000,0x0000003445700000)]
  0x000001ca41045620 JavaThread "Reference Handler" daemon [_thread_blocked, id=15576, stack(0x0000003445d00000,0x0000003445e00000)]
  0x000001ca41046d70 JavaThread "Finalizer" daemon [_thread_blocked, id=14428, stack(0x0000003445e00000,0x0000003445f00000)]
  0x000001ca41031d40 JavaThread "Signal Dispatcher" daemon [_thread_blocked, id=6212, stack(0x0000003445f00000,0x0000003446000000)]
  0x000001ca4104b310 JavaThread "Attach Listener" daemon [_thread_blocked, id=7240, stack(0x0000003446000000,0x0000003446100000)]
  0x000001ca4106e020 JavaThread "Service Thread" daemon [_thread_blocked, id=12548, stack(0x0000003446100000,0x0000003446200000)]
  0x000001ca41071090 JavaThread "Monitor Deflation Thread" daemon [_thread_blocked, id=2924, stack(0x0000003446200000,0x0000003446300000)]
  0x000001ca410724d0 JavaThread "C2 CompilerThread0" daemon [_thread_in_native, id=3956, stack(0x0000003446300000,0x0000003446400000)]
  0x000001ca41073710 JavaThread "C1 CompilerThread0" daemon [_thread_blocked, id=12076, stack(0x0000003446400000,0x0000003446500000)]
  0x000001ca4107f600 JavaThread "Sweeper thread" daemon [_thread_blocked, id=16892, stack(0x0000003446500000,0x0000003446600000)]
  0x000001ca4120a390 JavaThread "Common-Cleaner" daemon [_thread_blocked, id=4588, stack(0x0000003446600000,0x0000003446700000)]
  0x000001ca4120fc90 JavaThread "Notification Thread" daemon [_thread_blocked, id=3480, stack(0x0000003446700000,0x0000003446800000)]
  0x000001ca43e2dae0 JavaThread "Daemon health stats" [_thread_blocked, id=18808, stack(0x0000003447000000,0x0000003447100000)]
  0x000001ca437bbb50 JavaThread "Incoming local TCP Connector on port 51347" [_thread_in_native, id=13580, stack(0x0000003447100000,0x0000003447200000)]
  0x000001ca44122810 JavaThread "Daemon periodic checks" [_thread_blocked, id=5924, stack(0x0000003447200000,0x0000003447300000)]
  0x000001ca42976ac0 JavaThread "Daemon" [_thread_blocked, id=10764, stack(0x0000003447300000,0x0000003447400000)]
  0x000001ca43564ee0 JavaThread "Handler for socket connection from /127.0.0.1:51347 to /127.0.0.1:51348" [_thread_in_native, id=11016, stack(0x0000003447400000,0x0000003447500000)]
  0x000001ca438133c0 JavaThread "Cancel handler" [_thread_blocked, id=7424, stack(0x0000003447500000,0x0000003447600000)]
  0x000001ca429d2520 JavaThread "Daemon worker" [_thread_blocked, id=22036, stack(0x0000003447600000,0x0000003447700000)]
  0x000001ca43c22080 JavaThread "Asynchronous log dispatcher for DefaultDaemonConnection: socket connection from /127.0.0.1:51347 to /127.0.0.1:51348" [_thread_blocked, id=18336, stack(0x0000003447700000,0x0000003447800000)]
  0x000001ca43c24230 JavaThread "Stdin handler" [_thread_blocked, id=8792, stack(0x0000003447800000,0x0000003447900000)]
  0x000001ca43c250a0 JavaThread "Daemon client event forwarder" [_thread_blocked, id=5736, stack(0x0000003447900000,0x0000003447a00000)]
  0x000001ca43c22a20 JavaThread "Cache worker for journal cache (C:\Users\Anas\.gradle\caches\journal-1)" [_thread_blocked, id=15660, stack(0x0000003447d00000,0x0000003447e00000)]
  0x000001ca43c233c0 JavaThread "File lock request listener" [_thread_in_native, id=22104, stack(0x0000003447e00000,0x0000003447f00000)]
  0x000001ca43c25a40 JavaThread "Cache worker for file hash cache (C:\Users\Anas\.gradle\caches\8.0\fileHashes)" [_thread_blocked, id=16196, stack(0x0000003447f00000,0x0000003448000000)]
  0x000001ca43c23d60 JavaThread "File watcher server" daemon [_thread_in_native, id=8196, stack(0x0000003448000000,0x0000003448100000)]
  0x000001ca43c24bd0 JavaThread "File watcher consumer" daemon [_thread_blocked, id=14200, stack(0x0000003448100000,0x0000003448200000)]
  0x000001ca43c24700 JavaThread "jar transforms" [_thread_blocked, id=17784, stack(0x0000003448200000,0x0000003448300000)]
  0x000001ca43c25570 JavaThread "jar transforms Thread 2" [_thread_blocked, id=9856, stack(0x0000003448300000,0x0000003448400000)]
  0x000001ca43c22550 JavaThread "jar transforms Thread 3" [_thread_blocked, id=17892, stack(0x0000003448400000,0x0000003448500000)]
  0x000001ca43c23890 JavaThread "jar transforms Thread 4" [_thread_blocked, id=10000, stack(0x0000003448500000,0x0000003448600000)]
  0x000001ca43c22ef0 JavaThread "jar transforms Thread 5" [_thread_blocked, id=10436, stack(0x0000003448600000,0x0000003448700000)]
  0x000001ca478668d0 JavaThread "jar transforms Thread 6" [_thread_blocked, id=21764, stack(0x0000003448700000,0x0000003448800000)]
  0x000001ca478620a0 JavaThread "jar transforms Thread 7" [_thread_blocked, id=15740, stack(0x0000003448800000,0x0000003448900000)]
  0x000001ca47864bf0 JavaThread "jar transforms Thread 8" [_thread_blocked, id=22196, stack(0x0000003448900000,0x0000003448a00000)]
  0x000001ca4785fef0 JavaThread "Cache worker for checksums cache (D:\ViewModel2023\.gradle\8.0\checksums)" [_thread_blocked, id=16996, stack(0x0000003448a00000,0x0000003448b00000)]
  0x000001ca47865590 JavaThread "Cache worker for cache directory md-rule (C:\Users\Anas\.gradle\caches\8.0\md-rule)" [_thread_blocked, id=6496, stack(0x0000003448b00000,0x0000003448c00000)]
  0x000001ca47866da0 JavaThread "Cache worker for file content cache (C:\Users\Anas\.gradle\caches\8.0\fileContent)" [_thread_blocked, id=20508, stack(0x0000003448c00000,0x0000003448d00000)]
  0x000001ca47865a60 JavaThread "Cache worker for file hash cache (D:\ViewModel2023\.gradle\8.0\fileHashes)" [_thread_blocked, id=19944, stack(0x0000003448d00000,0x0000003448e00000)]
  0x000001ca47866400 JavaThread "Cache worker for cache directory md-supplier (C:\Users\Anas\.gradle\caches\8.0\md-supplier)" [_thread_blocked, id=18164, stack(0x0000003448e00000,0x0000003448f00000)]
  0x000001ca478650c0 JavaThread "Cache worker for execution history cache (C:\Users\Anas\.gradle\caches\8.0\executionHistory)" [_thread_blocked, id=19612, stack(0x0000003448f00000,0x0000003449000000)]
  0x000001ca47861230 JavaThread "Cache worker for dependencies-accessors (D:\ViewModel2023\.gradle\8.0\dependencies-accessors)" [_thread_blocked, id=15852, stack(0x0000003449000000,0x0000003449100000)]
  0x000001ca4785fa20 JavaThread "Cache worker for Build Output Cleanup Cache (D:\ViewModel2023\.gradle\buildOutputCleanup)" [_thread_blocked, id=11304, stack(0x0000003449100000,0x0000003449200000)]
  0x000001ca47861bd0 JavaThread "Unconstrained build operations" [_thread_blocked, id=19280, stack(0x0000003446a00000,0x0000003446b00000)]
  0x000001ca478638b0 JavaThread "Unconstrained build operations Thread 2" [_thread_blocked, id=10404, stack(0x0000003449300000,0x0000003449400000)]
  0x000001ca47863d80 JavaThread "Unconstrained build operations Thread 3" [_thread_blocked, id=16992, stack(0x0000003449400000,0x0000003449500000)]
  0x000001ca47864720 JavaThread "Unconstrained build operations Thread 4" [_thread_blocked, id=14176, stack(0x0000003449500000,0x0000003449600000)]
  0x000001ca478603c0 JavaThread "Unconstrained build operations Thread 5" [_thread_blocked, id=17292, stack(0x0000003449600000,0x0000003449700000)]
  0x000001ca478633e0 JavaThread "Unconstrained build operations Thread 6" [_thread_blocked, id=21056, stack(0x0000003449700000,0x0000003449800000)]
  0x000001ca47860d60 JavaThread "Unconstrained build operations Thread 7" [_thread_blocked, id=7796, stack(0x0000003449800000,0x0000003449900000)]
  0x000001ca47861700 JavaThread "Unconstrained build operations Thread 8" [_thread_blocked, id=3224, stack(0x0000003449900000,0x0000003449a00000)]
  0x000001ca47862570 JavaThread "Unconstrained build operations Thread 9" [_thread_blocked, id=15780, stack(0x0000003449a00000,0x0000003449b00000)]
  0x000001ca43f6fd00 JavaThread "Unconstrained build operations Thread 10" [_thread_blocked, id=8504, stack(0x0000003449b00000,0x0000003449c00000)]
  0x000001ca43f6e4f0 JavaThread "Unconstrained build operations Thread 11" [_thread_blocked, id=18544, stack(0x0000003449c00000,0x0000003449d00000)]
  0x000001ca43f6d1b0 JavaThread "Unconstrained build operations Thread 12" [_thread_blocked, id=19524, stack(0x0000003449d00000,0x0000003449e00000)]
  0x000001ca43f6a660 JavaThread "Unconstrained build operations Thread 13" [_thread_blocked, id=9876, stack(0x0000003449e00000,0x0000003449f00000)]
  0x000001ca43f6e020 JavaThread "Unconstrained build operations Thread 14" [_thread_blocked, id=9576, stack(0x0000003449f00000,0x000000344a000000)]
  0x000001ca43f6cce0 JavaThread "Unconstrained build operations Thread 15" [_thread_blocked, id=22368, stack(0x0000003446900000,0x0000003446a00000)]
  0x000001ca43f6d680 JavaThread "Unconstrained build operations Thread 16" [_thread_blocked, id=6836, stack(0x000000344a000000,0x000000344a100000)]
  0x000001ca43f6ab30 JavaThread "Unconstrained build operations Thread 17" [_thread_blocked, id=16512, stack(0x000000344a100000,0x000000344a200000)]
  0x000001ca43f6c810 JavaThread "Unconstrained build operations Thread 18" [_thread_blocked, id=15580, stack(0x000000344a200000,0x000000344a300000)]
  0x000001ca43f701d0 JavaThread "Unconstrained build operations Thread 19" [_thread_blocked, id=5308, stack(0x000000344a300000,0x000000344a400000)]
  0x000001ca43f6a190 JavaThread "Unconstrained build operations Thread 20" [_thread_blocked, id=16664, stack(0x000000344a400000,0x000000344a500000)]
  0x000001ca43f6b4d0 JavaThread "Unconstrained build operations Thread 21" [_thread_blocked, id=21980, stack(0x000000344a500000,0x000000344a600000)]
  0x000001ca43f6e9c0 JavaThread "Unconstrained build operations Thread 22" [_thread_blocked, id=11764, stack(0x000000344a600000,0x000000344a700000)]
  0x000001ca43f70b70 JavaThread "Unconstrained build operations Thread 23" [_thread_blocked, id=20692, stack(0x000000344a700000,0x000000344a800000)]
  0x000001ca43f6b000 JavaThread "Unconstrained build operations Thread 24" [_thread_blocked, id=15532, stack(0x000000344a800000,0x000000344a900000)]
  0x000001ca43f71040 JavaThread "Unconstrained build operations Thread 25" [_thread_blocked, id=14752, stack(0x000000344a900000,0x000000344aa00000)]
  0x000001ca43f71510 JavaThread "Unconstrained build operations Thread 26" [_thread_blocked, id=7768, stack(0x000000344aa00000,0x000000344ab00000)]
  0x000001ca43f6ee90 JavaThread "Unconstrained build operations Thread 27" [_thread_blocked, id=5824, stack(0x000000344ab00000,0x000000344ac00000)]
  0x000001ca43f6f360 JavaThread "Unconstrained build operations Thread 28" [_thread_blocked, id=20400, stack(0x000000344ac00000,0x000000344ad00000)]
  0x000001ca43f6db50 JavaThread "Unconstrained build operations Thread 29" [_thread_blocked, id=20640, stack(0x000000344ad00000,0x000000344ae00000)]
  0x000001ca43f719e0 JavaThread "Unconstrained build operations Thread 30" [_thread_blocked, id=1372, stack(0x000000344ae00000,0x000000344af00000)]
  0x000001ca43f6f830 JavaThread "Unconstrained build operations Thread 31" [_thread_blocked, id=16136, stack(0x000000344af00000,0x000000344b000000)]
  0x000001ca43f6be70 JavaThread "Unconstrained build operations Thread 32" [_thread_blocked, id=18200, stack(0x000000344b000000,0x000000344b100000)]
  0x000001ca43f6b9a0 JavaThread "Unconstrained build operations Thread 33" [_thread_blocked, id=11896, stack(0x000000344b100000,0x000000344b200000)]
  0x000001ca43f6c340 JavaThread "Unconstrained build operations Thread 34" [_thread_blocked, id=5768, stack(0x000000344b200000,0x000000344b300000)]
  0x000001ca42112a00 JavaThread "Unconstrained build operations Thread 35" [_thread_blocked, id=15264, stack(0x000000344b300000,0x000000344b400000)]
  0x000001ca4210f510 JavaThread "Unconstrained build operations Thread 36" [_thread_blocked, id=16596, stack(0x000000344b400000,0x000000344b500000)]
  0x000001ca42112530 JavaThread "Unconstrained build operations Thread 37" [_thread_blocked, id=13364, stack(0x000000344b500000,0x000000344b600000)]
  0x000001ca42113d40 JavaThread "Unconstrained build operations Thread 38" [_thread_blocked, id=17868, stack(0x000000344b600000,0x000000344b700000)]
  0x000001ca42112060 JavaThread "Unconstrained build operations Thread 39" [_thread_blocked, id=22412, stack(0x000000344b700000,0x000000344b800000)]
  0x000001ca42110d20 JavaThread "Unconstrained build operations Thread 40" [_thread_blocked, id=1148, stack(0x000000344b800000,0x000000344b900000)]
  0x000001ca4210e6a0 JavaThread "Unconstrained build operations Thread 41" [_thread_blocked, id=1128, stack(0x000000344b900000,0x000000344ba00000)]
  0x000001ca42112ed0 JavaThread "Unconstrained build operations Thread 42" [_thread_blocked, id=22472, stack(0x000000344ba00000,0x000000344bb00000)]
  0x000001ca421133a0 JavaThread "Unconstrained build operations Thread 43" [_thread_blocked, id=4968, stack(0x000000344bb00000,0x000000344bc00000)]
  0x000001ca42114210 JavaThread "Unconstrained build operations Thread 44" [_thread_blocked, id=16784, stack(0x000000344bc00000,0x000000344bd00000)]
  0x000001ca4210eb70 JavaThread "Unconstrained build operations Thread 45" [_thread_blocked, id=20076, stack(0x000000344bd00000,0x000000344be00000)]
  0x000001ca4210f040 JavaThread "Unconstrained build operations Thread 46" [_thread_blocked, id=3488, stack(0x000000344be00000,0x000000344bf00000)]
  0x000001ca4210c9c0 JavaThread "Unconstrained build operations Thread 47" [_thread_blocked, id=8520, stack(0x000000344bf00000,0x000000344c000000)]
  0x000001ca4210f9e0 JavaThread "Unconstrained build operations Thread 48" [_thread_blocked, id=13808, stack(0x000000344c000000,0x000000344c100000)]
  0x000001ca42113870 JavaThread "Unconstrained build operations Thread 49" [_thread_blocked, id=5740, stack(0x000000344c100000,0x000000344c200000)]
  0x000001ca4210feb0 JavaThread "Unconstrained build operations Thread 50" [_thread_blocked, id=19264, stack(0x000000344c200000,0x000000344c300000)]
  0x000001ca4210ce90 JavaThread "Unconstrained build operations Thread 51" [_thread_blocked, id=17612, stack(0x000000344c300000,0x000000344c400000)]
  0x000001ca4210d360 JavaThread "Unconstrained build operations Thread 52" [_thread_blocked, id=9304, stack(0x000000344c400000,0x000000344c500000)]
  0x000001ca4210d830 JavaThread "Unconstrained build operations Thread 53" [_thread_blocked, id=8276, stack(0x000000344c500000,0x000000344c600000)]
  0x000001ca4210dd00 JavaThread "Unconstrained build operations Thread 54" [_thread_blocked, id=9596, stack(0x000000344c600000,0x000000344c700000)]
  0x000001ca4210e1d0 JavaThread "Unconstrained build operations Thread 55" [_thread_blocked, id=5044, stack(0x000000344c700000,0x000000344c800000)]
  0x000001ca42110380 JavaThread "Unconstrained build operations Thread 56" [_thread_blocked, id=11740, stack(0x000000344c800000,0x000000344c900000)]
  0x000001ca42110850 JavaThread "Unconstrained build operations Thread 57" [_thread_blocked, id=15892, stack(0x000000344c900000,0x000000344ca00000)]
  0x000001ca421111f0 JavaThread "Unconstrained build operations Thread 58" [_thread_blocked, id=6860, stack(0x000000344ca00000,0x000000344cb00000)]
  0x000001ca421116c0 JavaThread "Unconstrained build operations Thread 59" [_thread_blocked, id=3816, stack(0x000000344cb00000,0x000000344cc00000)]
  0x000001ca42111b90 JavaThread "Unconstrained build operations Thread 60" [_thread_blocked, id=2300, stack(0x000000344cc00000,0x000000344cd00000)]
  0x000001ca45eb1690 JavaThread "Unconstrained build operations Thread 61" [_thread_blocked, id=14020, stack(0x000000344cd00000,0x000000344ce00000)]
  0x000001ca45eb2ea0 JavaThread "Unconstrained build operations Thread 62" [_thread_blocked, id=3732, stack(0x000000344ce00000,0x000000344cf00000)]
  0x000001ca45eb7200 JavaThread "Unconstrained build operations Thread 63" [_thread_blocked, id=20736, stack(0x000000344cf00000,0x000000344d000000)]
  0x000001ca45eb4b80 JavaThread "Unconstrained build operations Thread 64" [_thread_blocked, id=4572, stack(0x000000344d000000,0x000000344d100000)]
  0x000001ca45eb3370 JavaThread "Unconstrained build operations Thread 65" [_thread_blocked, id=10008, stack(0x000000344d100000,0x000000344d200000)]
  0x000001ca45eb76d0 JavaThread "Unconstrained build operations Thread 66" [_thread_blocked, id=9228, stack(0x000000344d200000,0x000000344d300000)]
  0x000001ca45eb11c0 JavaThread "Unconstrained build operations Thread 67" [_thread_blocked, id=22048, stack(0x000000344d300000,0x000000344d400000)]
  0x000001ca45eb7ba0 JavaThread "Unconstrained build operations Thread 68" [_thread_blocked, id=21268, stack(0x000000344d400000,0x000000344d500000)]
  0x000001ca45eb3840 JavaThread "Unconstrained build operations Thread 69" [_thread_blocked, id=5076, stack(0x000000344d500000,0x000000344d600000)]
  0x000001ca45eb41e0 JavaThread "Unconstrained build operations Thread 70" [_thread_blocked, id=18216, stack(0x000000344d600000,0x000000344d700000)]
  0x000001ca45eb1b60 JavaThread "Unconstrained build operations Thread 71" [_thread_blocked, id=3712, stack(0x000000344d700000,0x000000344d800000)]
  0x000001ca45eb8070 JavaThread "Unconstrained build operations Thread 72" [_thread_blocked, id=5292, stack(0x000000344d800000,0x000000344d900000)]
  0x000001ca45eb8540 JavaThread "Unconstrained build operations Thread 73" [_thread_blocked, id=21112, stack(0x000000344d900000,0x000000344da00000)]
  0x000001ca45eb59f0 JavaThread "Unconstrained build operations Thread 74" [_thread_blocked, id=7720, stack(0x000000344da00000,0x000000344db00000)]
  0x000001ca45eb46b0 JavaThread "Unconstrained build operations Thread 75" [_thread_blocked, id=10832, stack(0x000000344db00000,0x000000344dc00000)]
  0x000001ca45eb2500 JavaThread "Unconstrained build operations Thread 76" [_thread_blocked, id=20976, stack(0x000000344dc00000,0x000000344dd00000)]
  0x000001ca45eb29d0 JavaThread "Unconstrained build operations Thread 77" [_thread_blocked, id=14532, stack(0x000000344dd00000,0x000000344de00000)]
  0x000001ca45eb2030 JavaThread "Unconstrained build operations Thread 78" [_thread_blocked, id=21344, stack(0x000000344de00000,0x000000344df00000)]
  0x000001ca45eb3d10 JavaThread "Unconstrained build operations Thread 79" [_thread_blocked, id=19876, stack(0x000000344df00000,0x000000344e000000)]
  0x000001ca45eb5ec0 JavaThread "Unconstrained build operations Thread 80" [_thread_blocked, id=3312, stack(0x000000344e000000,0x000000344e100000)]
  0x000001ca41a98ec0 JavaThread "C2 CompilerThread1" daemon [_thread_in_native, id=7260, stack(0x000000344e100000,0x000000344e200000)]
  0x000001ca41565390 JavaThread "C2 CompilerThread2" daemon [_thread_blocked, id=20584, stack(0x000000344e200000,0x000000344e300000)]

Other Threads:
=>0x000001ca41022040 VMThread "VM Thread" [stack: 0x0000003445c00000,0x0000003445d00000] [id=21200]
  0x000001ca41204c50 WatcherThread [stack: 0x0000003446800000,0x0000003446900000] [id=21232]
  0x000001ca267672e0 GCTaskThread "GC Thread#0" [stack: 0x0000003445700000,0x0000003445800000] [id=15928]
  0x000001ca41f5dab0 GCTaskThread "GC Thread#1" [stack: 0x0000003446b00000,0x0000003446c00000] [id=13660]
  0x000001ca41f5dd60 GCTaskThread "GC Thread#2" [stack: 0x0000003446c00000,0x0000003446d00000] [id=10588]
  0x000001ca41e8fcd0 GCTaskThread "GC Thread#3" [stack: 0x0000003446d00000,0x0000003446e00000] [id=1260]
  0x000001ca41e90350 GCTaskThread "GC Thread#4" [stack: 0x0000003446e00000,0x0000003446f00000] [id=2976]
  0x000001ca41f5a520 GCTaskThread "GC Thread#5" [stack: 0x0000003446f00000,0x0000003447000000] [id=21376]
  0x000001ca4284fb10 GCTaskThread "GC Thread#6" [stack: 0x0000003447a00000,0x0000003447b00000] [id=15388]
  0x000001ca43b7bf10 GCTaskThread "GC Thread#7" [stack: 0x0000003447b00000,0x0000003447c00000] [id=15656]
  0x000001ca26778220 ConcurrentGCThread "G1 Main Marker" [stack: 0x0000003445800000,0x0000003445900000] [id=9896]
  0x000001ca26779c40 ConcurrentGCThread "G1 Conc#0" [stack: 0x0000003445900000,0x0000003445a00000] [id=18308]
  0x000001ca43813ca0 ConcurrentGCThread "G1 Conc#1" [stack: 0x0000003447c00000,0x0000003447d00000] [id=3784]
  0x000001ca267de490 ConcurrentGCThread "G1 Refine#0" [stack: 0x0000003445a00000,0x0000003445b00000] [id=11724]
  0x000001ca40408590 ConcurrentGCThread "G1 Service" [stack: 0x0000003445b00000,0x0000003445c00000] [id=9352]

Threads with active compile tasks:
C2 CompilerThread0    15133 8090       4       org.objectweb.asm.ClassReader::readCode (5109 bytes)
C2 CompilerThread1    15133 8078       4       org.objectweb.asm.SymbolTable::addConstantMemberReference (147 bytes)
C2 CompilerThread2    15133 8404       4       org.objectweb.asm.ClassVisitor::visitMethod (24 bytes)

VM state: at safepoint (normal execution)

VM Mutex/Monitor currently owned by a thread:  ([mutex/lock_event])
[0x000001ca26702720] Threads_lock - owner thread: 0x000001ca41022040
[0x000001ca267039b0] Heap_lock - owner thread: 0x000001ca26778220

Heap address: 0x0000000080000000, size: 2048 MB, Compressed Oops mode: 32-bit

CDS archive(s) not mapped
Compressed class space mapped at: 0x0000000100000000-0x0000000140000000, reserved size: 1073741824
Narrow klass base: 0x0000000000000000, Narrow klass shift: 3, Narrow klass range: 0x140000000

GC Precious Log:
 CPUs: 8 total, 8 available
 Memory: 16259M
 Large Page Support: Disabled
 NUMA Support: Disabled
 Compressed Oops: Enabled (32-bit)
 Heap Region Size: 1M
 Heap Min Capacity: 8M
 Heap Initial Capacity: 256M
 Heap Max Capacity: 2G
 Pre-touch: Disabled
 Parallel Workers: 8
 Concurrent Workers: 2
 Concurrent Refinement Workers: 8
 Periodic GC: Disabled

Heap:
 garbage-first heap   total 234496K, used 145700K [0x0000000080000000, 0x0000000100000000)
  region size 1024K, 31 young (31744K), 3 survivors (3072K)
 Metaspace       used 69378K, committed 69952K, reserved 1114112K
  class space    used 9121K, committed 9408K, reserved 1048576K

Heap Regions: E=young(eden), S=young(survivor), O=old, HS=humongous(starts), HC=humongous(continues), CS=collection set, F=free, OA=open archive, CA=closed archive, TAMS=top-at-mark-start (previous, next)
|   0|0x0000000080000000, 0x0000000080100000, 0x0000000080100000|100%|HS|  |TAMS 0x0000000080100000, 0x0000000080000000| Complete 
|   1|0x0000000080100000, 0x0000000080200000, 0x0000000080200000|100%|HC|  |TAMS 0x0000000080200000, 0x0000000080100000| Complete 
|   2|0x0000000080200000, 0x0000000080300000, 0x0000000080300000|100%|HC|  |TAMS 0x0000000080300000, 0x0000000080200000| Complete 
|   3|0x0000000080300000, 0x0000000080400000, 0x0000000080400000|100%|HC|  |TAMS 0x0000000080400000, 0x0000000080300000| Complete 
|   4|0x0000000080400000, 0x0000000080500000, 0x0000000080500000|100%| O|  |TAMS 0x0000000080500000, 0x0000000080400000| Untracked 
|   5|0x0000000080500000, 0x0000000080600000, 0x0000000080600000|100%| O|  |TAMS 0x0000000080600000, 0x0000000080500000| Untracked 
|   6|0x0000000080600000, 0x0000000080700000, 0x0000000080700000|100%| O|  |TAMS 0x0000000080700000, 0x0000000080600000| Untracked 
|   7|0x0000000080700000, 0x0000000080800000, 0x0000000080800000|100%| O|  |TAMS 0x0000000080800000, 0x0000000080700000| Untracked 
|   8|0x0000000080800000, 0x0000000080900000, 0x0000000080900000|100%| O|  |TAMS 0x0000000080900000, 0x0000000080800000| Untracked 
|   9|0x0000000080900000, 0x0000000080a00000, 0x0000000080a00000|100%| O|  |TAMS 0x0000000080a00000, 0x0000000080900000| Untracked 
|  10|0x0000000080a00000, 0x0000000080b00000, 0x0000000080b00000|100%| O|  |TAMS 0x0000000080b00000, 0x0000000080a00000| Untracked 
|  11|0x0000000080b00000, 0x0000000080c00000, 0x0000000080c00000|100%| O|  |TAMS 0x0000000080c00000, 0x0000000080b00000| Untracked 
|  12|0x0000000080c00000, 0x0000000080d00000, 0x0000000080d00000|100%| O|  |TAMS 0x0000000080d00000, 0x0000000080c00000| Untracked 
|  13|0x0000000080d00000, 0x0000000080e00000, 0x0000000080e00000|100%| O|  |TAMS 0x0000000080e00000, 0x0000000080d00000| Untracked 
|  14|0x0000000080e00000, 0x0000000080f00000, 0x0000000080f00000|100%| O|  |TAMS 0x0000000080f00000, 0x0000000080e00000| Untracked 
|  15|0x0000000080f00000, 0x0000000081000000, 0x0000000081000000|100%| O|  |TAMS 0x0000000081000000, 0x0000000080f00000| Untracked 
|  16|0x0000000081000000, 0x0000000081100000, 0x0000000081100000|100%| O|  |TAMS 0x0000000081100000, 0x0000000081000000| Untracked 
|  17|0x0000000081100000, 0x0000000081200000, 0x0000000081200000|100%| O|  |TAMS 0x0000000081200000, 0x0000000081100000| Untracked 
|  18|0x0000000081200000, 0x0000000081300000, 0x0000000081300000|100%| O|  |TAMS 0x0000000081300000, 0x0000000081200000| Untracked 
|  19|0x0000000081300000, 0x0000000081400000, 0x0000000081400000|100%| O|  |TAMS 0x0000000081400000, 0x0000000081300000| Untracked 
|  20|0x0000000081400000, 0x0000000081500000, 0x0000000081500000|100%| O|  |TAMS 0x0000000081500000, 0x0000000081400000| Untracked 
|  21|0x0000000081500000, 0x0000000081600000, 0x0000000081600000|100%|HS|  |TAMS 0x0000000081600000, 0x0000000081500000| Complete 
|  22|0x0000000081600000, 0x0000000081700000, 0x0000000081700000|100%|HC|  |TAMS 0x0000000081700000, 0x0000000081600000| Complete 
|  23|0x0000000081700000, 0x0000000081800000, 0x0000000081800000|100%|HS|  |TAMS 0x0000000081800000, 0x0000000081700000| Complete 
|  24|0x0000000081800000, 0x0000000081900000, 0x0000000081900000|100%|HC|  |TAMS 0x0000000081900000, 0x0000000081800000| Complete 
|  25|0x0000000081900000, 0x0000000081a00000, 0x0000000081a00000|100%|HC|  |TAMS 0x0000000081a00000, 0x0000000081900000| Complete 
|  26|0x0000000081a00000, 0x0000000081b00000, 0x0000000081b00000|100%|HS|  |TAMS 0x0000000081b00000, 0x0000000081a00000| Complete 
|  27|0x0000000081b00000, 0x0000000081c00000, 0x0000000081c00000|100%|HC|  |TAMS 0x0000000081c00000, 0x0000000081b00000| Complete 
|  28|0x0000000081c00000, 0x0000000081d00000, 0x0000000081d00000|100%|HC|  |TAMS 0x0000000081d00000, 0x0000000081c00000| Complete 
|  29|0x0000000081d00000, 0x0000000081e00000, 0x0000000081e00000|100%|HS|  |TAMS 0x0000000081e00000, 0x0000000081d00000| Complete 
|  30|0x0000000081e00000, 0x0000000081f00000, 0x0000000081f00000|100%|HC|  |TAMS 0x0000000081f00000, 0x0000000081e00000| Complete 
|  31|0x0000000081f00000, 0x0000000082000000, 0x0000000082000000|100%|HS|  |TAMS 0x0000000082000000, 0x0000000081f00000| Complete 
|  32|0x0000000082000000, 0x0000000082100000, 0x0000000082100000|100%|HC|  |TAMS 0x0000000082100000, 0x0000000082000000| Complete 
|  33|0x0000000082100000, 0x0000000082200000, 0x0000000082200000|100%|HC|  |TAMS 0x0000000082200000, 0x0000000082100000| Complete 
|  34|0x0000000082200000, 0x0000000082300000, 0x0000000082300000|100%|HC|  |TAMS 0x0000000082300000, 0x0000000082200000| Complete 
|  35|0x0000000082300000, 0x0000000082400000, 0x0000000082400000|100%|HC|  |TAMS 0x0000000082400000, 0x0000000082300000| Complete 
|  36|0x0000000082400000, 0x0000000082500000, 0x0000000082500000|100%|HC|  |TAMS 0x0000000082500000, 0x0000000082400000| Complete 
|  37|0x0000000082500000, 0x0000000082600000, 0x0000000082600000|100%| O|  |TAMS 0x0000000082600000, 0x0000000082500000| Untracked 
|  38|0x0000000082600000, 0x0000000082700000, 0x0000000082700000|100%| O|  |TAMS 0x0000000082700000, 0x0000000082600000| Untracked 
|  39|0x0000000082700000, 0x0000000082800000, 0x0000000082800000|100%|HS|  |TAMS 0x0000000082800000, 0x0000000082700000| Complete 
|  40|0x0000000082800000, 0x0000000082900000, 0x0000000082900000|100%|HS|  |TAMS 0x0000000082900000, 0x0000000082800000| Complete 
|  41|0x0000000082900000, 0x0000000082a00000, 0x0000000082a00000|100%|HC|  |TAMS 0x0000000082a00000, 0x0000000082900000| Complete 
|  42|0x0000000082a00000, 0x0000000082b00000, 0x0000000082b00000|100%|HC|  |TAMS 0x0000000082b00000, 0x0000000082a00000| Complete 
|  43|0x0000000082b00000, 0x0000000082c00000, 0x0000000082c00000|100%|HC|  |TAMS 0x0000000082c00000, 0x0000000082b00000| Complete 
|  44|0x0000000082c00000, 0x0000000082d00000, 0x0000000082d00000|100%|HC|  |TAMS 0x0000000082d00000, 0x0000000082c00000| Complete 
|  45|0x0000000082d00000, 0x0000000082e00000, 0x0000000082e00000|100%|HC|  |TAMS 0x0000000082e00000, 0x0000000082d00000| Complete 
|  46|0x0000000082e00000, 0x0000000082f00000, 0x0000000082f00000|100%|HC|  |TAMS 0x0000000082f00000, 0x0000000082e00000| Complete 
|  47|0x0000000082f00000, 0x0000000083000000, 0x0000000083000000|100%|HC|  |TAMS 0x0000000083000000, 0x0000000082f00000| Complete 
|  48|0x0000000083000000, 0x0000000083100000, 0x0000000083100000|100%|HC|  |TAMS 0x0000000083100000, 0x0000000083000000| Complete 
|  49|0x0000000083100000, 0x0000000083200000, 0x0000000083200000|100%|HC|  |TAMS 0x0000000083200000, 0x0000000083100000| Complete 
|  50|0x0000000083200000, 0x0000000083300000, 0x0000000083300000|100%|HS|  |TAMS 0x0000000083300000, 0x0000000083200000| Complete 
|  51|0x0000000083300000, 0x0000000083400000, 0x0000000083400000|100%|HC|  |TAMS 0x0000000083400000, 0x0000000083300000| Complete 
|  52|0x0000000083400000, 0x0000000083500000, 0x0000000083500000|100%| O|  |TAMS 0x0000000083500000, 0x0000000083400000| Untracked 
|  53|0x0000000083500000, 0x0000000083600000, 0x0000000083600000|100%| O|  |TAMS 0x0000000083600000, 0x0000000083500000| Untracked 
|  54|0x0000000083600000, 0x0000000083700000, 0x0000000083700000|100%| O|  |TAMS 0x0000000083700000, 0x0000000083600000| Untracked 
|  55|0x0000000083700000, 0x0000000083800000, 0x0000000083800000|100%| O|  |TAMS 0x0000000083800000, 0x0000000083700000| Untracked 
|  56|0x0000000083800000, 0x0000000083900000, 0x0000000083900000|100%| O|  |TAMS 0x0000000083900000, 0x0000000083800000| Untracked 
|  57|0x0000000083900000, 0x0000000083a00000, 0x0000000083a00000|100%| O|  |TAMS 0x0000000083a00000, 0x0000000083900000| Untracked 
|  58|0x0000000083a00000, 0x0000000083b00000, 0x0000000083b00000|100%| O|  |TAMS 0x0000000083b00000, 0x0000000083a00000| Untracked 
|  59|0x0000000083b00000, 0x0000000083c00000, 0x0000000083c00000|100%|HS|  |TAMS 0x0000000083c00000, 0x0000000083b00000| Complete 
|  60|0x0000000083c00000, 0x0000000083d00000, 0x0000000083d00000|100%|HC|  |TAMS 0x0000000083d00000, 0x0000000083c00000| Complete 
|  61|0x0000000083d00000, 0x0000000083e00000, 0x0000000083e00000|100%| O|  |TAMS 0x0000000083e00000, 0x0000000083d00000| Untracked 
|  62|0x0000000083e00000, 0x0000000083f00000, 0x0000000083f00000|100%| O|  |TAMS 0x0000000083f00000, 0x0000000083e00000| Untracked 
|  63|0x0000000083f00000, 0x0000000084000000, 0x0000000084000000|100%|HS|  |TAMS 0x0000000084000000, 0x0000000083f00000| Complete 
|  64|0x0000000084000000, 0x0000000084100000, 0x0000000084100000|100%|HS|  |TAMS 0x0000000084100000, 0x0000000084000000| Complete 
|  65|0x0000000084100000, 0x0000000084200000, 0x0000000084200000|100%|HC|  |TAMS 0x0000000084200000, 0x0000000084100000| Complete 
|  66|0x0000000084200000, 0x0000000084300000, 0x0000000084300000|100%|HC|  |TAMS 0x0000000084300000, 0x0000000084200000| Complete 
|  67|0x0000000084300000, 0x0000000084400000, 0x0000000084400000|100%|HC|  |TAMS 0x0000000084400000, 0x0000000084300000| Complete 
|  68|0x0000000084400000, 0x0000000084500000, 0x0000000084500000|100%|HC|  |TAMS 0x0000000084500000, 0x0000000084400000| Complete 
|  69|0x0000000084500000, 0x0000000084600000, 0x0000000084600000|100%|HC|  |TAMS 0x0000000084600000, 0x0000000084500000| Complete 
|  70|0x0000000084600000, 0x0000000084700000, 0x0000000084700000|100%|HC|  |TAMS 0x0000000084700000, 0x0000000084600000| Complete 
|  71|0x0000000084700000, 0x0000000084800000, 0x0000000084800000|100%|HC|  |TAMS 0x0000000084800000, 0x0000000084700000| Complete 
|  72|0x0000000084800000, 0x0000000084900000, 0x0000000084900000|100%|HC|  |TAMS 0x0000000084900000, 0x0000000084800000| Complete 
|  73|0x0000000084900000, 0x0000000084a00000, 0x0000000084a00000|100%|HC|  |TAMS 0x0000000084a00000, 0x0000000084900000| Complete 
|  74|0x0000000084a00000, 0x0000000084b00000, 0x0000000084b00000|100%|HC|  |TAMS 0x0000000084b00000, 0x0000000084a00000| Complete 
|  75|0x0000000084b00000, 0x0000000084c00000, 0x0000000084c00000|100%|HS|  |TAMS 0x0000000084c00000, 0x0000000084b00000| Complete 
|  76|0x0000000084c00000, 0x0000000084d00000, 0x0000000084d00000|100%|HC|  |TAMS 0x0000000084d00000, 0x0000000084c00000| Complete 
|  77|0x0000000084d00000, 0x0000000084e00000, 0x0000000084e00000|100%|HC|  |TAMS 0x0000000084e00000, 0x0000000084d00000| Complete 
|  78|0x0000000084e00000, 0x0000000084f00000, 0x0000000084f00000|100%| O|  |TAMS 0x0000000084f00000, 0x0000000084e00000| Untracked 
|  79|0x0000000084f00000, 0x0000000085000000, 0x0000000085000000|100%| O|  |TAMS 0x0000000085000000, 0x0000000084f00000| Untracked 
|  80|0x0000000085000000, 0x0000000085100000, 0x0000000085100000|100%|HS|  |TAMS 0x0000000085100000, 0x0000000085000000| Complete 
|  81|0x0000000085100000, 0x0000000085200000, 0x0000000085200000|100%|HC|  |TAMS 0x0000000085200000, 0x0000000085100000| Complete 
|  82|0x0000000085200000, 0x0000000085300000, 0x0000000085300000|100%|HS|  |TAMS 0x0000000085300000, 0x0000000085200000| Complete 
|  83|0x0000000085300000, 0x0000000085400000, 0x0000000085400000|100%|HC|  |TAMS 0x0000000085400000, 0x0000000085300000| Complete 
|  84|0x0000000085400000, 0x0000000085500000, 0x0000000085500000|100%|HC|  |TAMS 0x0000000085500000, 0x0000000085400000| Complete 
|  85|0x0000000085500000, 0x0000000085600000, 0x0000000085600000|100%| O|  |TAMS 0x0000000085600000, 0x0000000085500000| Untracked 
|  86|0x0000000085600000, 0x0000000085700000, 0x0000000085700000|100%| O|  |TAMS 0x0000000085700000, 0x0000000085600000| Untracked 
|  87|0x0000000085700000, 0x0000000085800000, 0x0000000085800000|100%| O|  |TAMS 0x0000000085800000, 0x0000000085700000| Untracked 
|  88|0x0000000085800000, 0x0000000085900000, 0x0000000085900000|100%| O|  |TAMS 0x0000000085900000, 0x0000000085800000| Untracked 
|  89|0x0000000085900000, 0x0000000085a00000, 0x0000000085a00000|100%| O|  |TAMS 0x0000000085a00000, 0x0000000085900000| Untracked 
|  90|0x0000000085a00000, 0x0000000085b00000, 0x0000000085b00000|100%|HS|  |TAMS 0x0000000085b00000, 0x0000000085a00000| Complete 
|  91|0x0000000085b00000, 0x0000000085c00000, 0x0000000085c00000|100%|HC|  |TAMS 0x0000000085c00000, 0x0000000085b00000| Complete 
|  92|0x0000000085c00000, 0x0000000085d00000, 0x0000000085d00000|100%|HC|  |TAMS 0x0000000085d00000, 0x0000000085c00000| Complete 
|  93|0x0000000085d00000, 0x0000000085e00000, 0x0000000085e00000|100%|HC|  |TAMS 0x0000000085e00000, 0x0000000085d00000| Complete 
|  94|0x0000000085e00000, 0x0000000085f00000, 0x0000000085f00000|100%|HC|  |TAMS 0x0000000085f00000, 0x0000000085e00000| Complete 
|  95|0x0000000085f00000, 0x0000000086000000, 0x0000000086000000|100%|HC|  |TAMS 0x0000000086000000, 0x0000000085f00000| Complete 
|  96|0x0000000086000000, 0x0000000086100000, 0x0000000086100000|100%| O|  |TAMS 0x0000000086100000, 0x0000000086000000| Untracked 
|  97|0x0000000086100000, 0x0000000086200000, 0x0000000086200000|100%| O|  |TAMS 0x0000000086200000, 0x0000000086100000| Untracked 
|  98|0x0000000086200000, 0x0000000086300000, 0x0000000086300000|100%| O|  |TAMS 0x0000000086300000, 0x0000000086200000| Untracked 
|  99|0x0000000086300000, 0x0000000086400000, 0x0000000086400000|100%| O|  |TAMS 0x0000000086400000, 0x0000000086300000| Untracked 
| 100|0x0000000086400000, 0x0000000086500000, 0x0000000086500000|100%| O|  |TAMS 0x0000000086500000, 0x0000000086400000| Untracked 
| 101|0x0000000086500000, 0x0000000086600000, 0x0000000086600000|100%| O|  |TAMS 0x0000000086600000, 0x0000000086500000| Untracked 
| 102|0x0000000086600000, 0x0000000086700000, 0x0000000086700000|100%|HS|  |TAMS 0x0000000086700000, 0x0000000086600000| Complete 
| 103|0x0000000086700000, 0x0000000086800000, 0x0000000086800000|100%|HC|  |TAMS 0x0000000086800000, 0x0000000086700000| Complete 
| 104|0x0000000086800000, 0x0000000086900000, 0x0000000086900000|100%| O|  |TAMS 0x0000000086900000, 0x0000000086800000| Untracked 
| 105|0x0000000086900000, 0x0000000086a00000, 0x0000000086a00000|100%| O|  |TAMS 0x0000000086a00000, 0x0000000086900000| Untracked 
| 106|0x0000000086a00000, 0x0000000086b00000, 0x0000000086b00000|100%| O|  |TAMS 0x0000000086b00000, 0x0000000086a00000| Untracked 
| 107|0x0000000086b00000, 0x0000000086c00000, 0x0000000086c00000|100%| O|  |TAMS 0x0000000086c00000, 0x0000000086b00000| Untracked 
| 108|0x0000000086c00000, 0x0000000086d00000, 0x0000000086d00000|100%| O|  |TAMS 0x0000000086d00000, 0x0000000086c00000| Untracked 
| 109|0x0000000086d00000, 0x0000000086dc6200, 0x0000000086e00000| 77%| O|  |TAMS 0x0000000086dc6200, 0x0000000086d00000| Updating 
| 110|0x0000000086e00000, 0x0000000086f00000, 0x0000000086f00000|100%|HS|  |TAMS 0x0000000086f00000, 0x0000000086e00000| Complete 
| 111|0x0000000086f00000, 0x0000000087000000, 0x0000000087000000|100%|HC|  |TAMS 0x0000000087000000, 0x0000000086f00000| Complete 
| 112|0x0000000087000000, 0x0000000087100000, 0x0000000087100000|100%|HC|  |TAMS 0x0000000087100000, 0x0000000087000000| Complete 
| 113|0x0000000087100000, 0x0000000087200000, 0x0000000087200000|100%|HC|  |TAMS 0x0000000087200000, 0x0000000087100000| Complete 
| 114|0x0000000087200000, 0x0000000087200000, 0x0000000087300000|  0%| F|  |TAMS 0x0000000087200000, 0x0000000087200000| Untracked 
| 115|0x0000000087300000, 0x0000000087300000, 0x0000000087400000|  0%| F|  |TAMS 0x0000000087300000, 0x0000000087300000| Untracked 
| 116|0x0000000087400000, 0x0000000087400000, 0x0000000087500000|  0%| F|  |TAMS 0x0000000087400000, 0x0000000087400000| Untracked 
| 117|0x0000000087500000, 0x0000000087500000, 0x0000000087600000|  0%| F|  |TAMS 0x0000000087500000, 0x0000000087500000| Untracked 
| 118|0x0000000087600000, 0x0000000087600000, 0x0000000087700000|  0%| F|  |TAMS 0x0000000087600000, 0x0000000087600000| Untracked 
| 119|0x0000000087700000, 0x0000000087700000, 0x0000000087800000|  0%| F|  |TAMS 0x0000000087700000, 0x0000000087700000| Untracked 
| 120|0x0000000087800000, 0x0000000087800000, 0x0000000087900000|  0%| F|  |TAMS 0x0000000087800000, 0x0000000087800000| Untracked 
| 121|0x0000000087900000, 0x0000000087900000, 0x0000000087a00000|  0%| F|  |TAMS 0x0000000087900000, 0x0000000087900000| Untracked 
| 122|0x0000000087a00000, 0x0000000087a00000, 0x0000000087b00000|  0%| F|  |TAMS 0x0000000087a00000, 0x0000000087a00000| Untracked 
| 123|0x0000000087b00000, 0x0000000087b00000, 0x0000000087c00000|  0%| F|  |TAMS 0x0000000087b00000, 0x0000000087b00000| Untracked 
| 124|0x0000000087c00000, 0x0000000087c00000, 0x0000000087d00000|  0%| F|  |TAMS 0x0000000087c00000, 0x0000000087c00000| Untracked 
| 125|0x0000000087d00000, 0x0000000087d00000, 0x0000000087e00000|  0%| F|  |TAMS 0x0000000087d00000, 0x0000000087d00000| Untracked 
| 126|0x0000000087e00000, 0x0000000087e00000, 0x0000000087f00000|  0%| F|  |TAMS 0x0000000087e00000, 0x0000000087e00000| Untracked 
| 127|0x0000000087f00000, 0x0000000087f00000, 0x0000000088000000|  0%| F|  |TAMS 0x0000000087f00000, 0x0000000087f00000| Untracked 
| 128|0x0000000088000000, 0x0000000088000000, 0x0000000088100000|  0%| F|  |TAMS 0x0000000088000000, 0x0000000088000000| Untracked 
| 129|0x0000000088100000, 0x0000000088100000, 0x0000000088200000|  0%| F|  |TAMS 0x0000000088100000, 0x0000000088100000| Untracked 
| 130|0x0000000088200000, 0x0000000088200000, 0x0000000088300000|  0%| F|  |TAMS 0x0000000088200000, 0x0000000088200000| Untracked 
| 131|0x0000000088300000, 0x0000000088300000, 0x0000000088400000|  0%| F|  |TAMS 0x0000000088300000, 0x0000000088300000| Untracked 
| 132|0x0000000088400000, 0x0000000088400000, 0x0000000088500000|  0%| F|  |TAMS 0x0000000088400000, 0x0000000088400000| Untracked 
| 133|0x0000000088500000, 0x0000000088500000, 0x0000000088600000|  0%| F|  |TAMS 0x0000000088500000, 0x0000000088500000| Untracked 
| 134|0x0000000088600000, 0x0000000088600000, 0x0000000088700000|  0%| F|  |TAMS 0x0000000088600000, 0x0000000088600000| Untracked 
| 135|0x0000000088700000, 0x0000000088700000, 0x0000000088800000|  0%| F|  |TAMS 0x0000000088700000, 0x0000000088700000| Untracked 
| 136|0x0000000088800000, 0x0000000088800000, 0x0000000088900000|  0%| F|  |TAMS 0x0000000088800000, 0x0000000088800000| Untracked 
| 137|0x0000000088900000, 0x0000000088900000, 0x0000000088a00000|  0%| F|  |TAMS 0x0000000088900000, 0x0000000088900000| Untracked 
| 138|0x0000000088a00000, 0x0000000088a00000, 0x0000000088b00000|  0%| F|  |TAMS 0x0000000088a00000, 0x0000000088a00000| Untracked 
| 139|0x0000000088b00000, 0x0000000088b00000, 0x0000000088c00000|  0%| F|  |TAMS 0x0000000088b00000, 0x0000000088b00000| Untracked 
| 140|0x0000000088c00000, 0x0000000088c00000, 0x0000000088d00000|  0%| F|  |TAMS 0x0000000088c00000, 0x0000000088c00000| Untracked 
| 141|0x0000000088d00000, 0x0000000088d00000, 0x0000000088e00000|  0%| F|  |TAMS 0x0000000088d00000, 0x0000000088d00000| Untracked 
| 142|0x0000000088e00000, 0x0000000088e00000, 0x0000000088f00000|  0%| F|  |TAMS 0x0000000088e00000, 0x0000000088e00000| Untracked 
| 143|0x0000000088f00000, 0x0000000088f00000, 0x0000000089000000|  0%| F|  |TAMS 0x0000000088f00000, 0x0000000088f00000| Untracked 
| 144|0x0000000089000000, 0x0000000089000000, 0x0000000089100000|  0%| F|  |TAMS 0x0000000089000000, 0x0000000089000000| Untracked 
| 145|0x0000000089100000, 0x0000000089100000, 0x0000000089200000|  0%| F|  |TAMS 0x0000000089100000, 0x0000000089100000| Untracked 
| 146|0x0000000089200000, 0x0000000089200000, 0x0000000089300000|  0%| F|  |TAMS 0x0000000089200000, 0x0000000089200000| Untracked 
| 147|0x0000000089300000, 0x0000000089300000, 0x0000000089400000|  0%| F|  |TAMS 0x0000000089300000, 0x0000000089300000| Untracked 
| 148|0x0000000089400000, 0x0000000089400000, 0x0000000089500000|  0%| F|  |TAMS 0x0000000089400000, 0x0000000089400000| Untracked 
| 149|0x0000000089500000, 0x0000000089500000, 0x0000000089600000|  0%| F|  |TAMS 0x0000000089500000, 0x0000000089500000| Untracked 
| 150|0x0000000089600000, 0x0000000089600000, 0x0000000089700000|  0%| F|  |TAMS 0x0000000089600000, 0x0000000089600000| Untracked 
| 151|0x0000000089700000, 0x00000000897831e0, 0x0000000089800000| 51%| S|CS|TAMS 0x0000000089700000, 0x0000000089700000| Complete 
| 152|0x0000000089800000, 0x0000000089900000, 0x0000000089900000|100%| S|CS|TAMS 0x0000000089800000, 0x0000000089800000| Complete 
| 153|0x0000000089900000, 0x0000000089a00000, 0x0000000089a00000|100%| S|CS|TAMS 0x0000000089900000, 0x0000000089900000| Complete 
| 154|0x0000000089a00000, 0x0000000089a00000, 0x0000000089b00000|  0%| F|  |TAMS 0x0000000089a00000, 0x0000000089a00000| Untracked 
| 155|0x0000000089b00000, 0x0000000089b00000, 0x0000000089c00000|  0%| F|  |TAMS 0x0000000089b00000, 0x0000000089b00000| Untracked 
| 156|0x0000000089c00000, 0x0000000089c00000, 0x0000000089d00000|  0%| F|  |TAMS 0x0000000089c00000, 0x0000000089c00000| Untracked 
| 157|0x0000000089d00000, 0x0000000089d00000, 0x0000000089e00000|  0%| F|  |TAMS 0x0000000089d00000, 0x0000000089d00000| Untracked 
| 158|0x0000000089e00000, 0x0000000089e00000, 0x0000000089f00000|  0%| F|  |TAMS 0x0000000089e00000, 0x0000000089e00000| Untracked 
| 159|0x0000000089f00000, 0x0000000089f00000, 0x000000008a000000|  0%| F|  |TAMS 0x0000000089f00000, 0x0000000089f00000| Untracked 
| 160|0x000000008a000000, 0x000000008a000000, 0x000000008a100000|  0%| F|  |TAMS 0x000000008a000000, 0x000000008a000000| Untracked 
| 161|0x000000008a100000, 0x000000008a100000, 0x000000008a200000|  0%| F|  |TAMS 0x000000008a100000, 0x000000008a100000| Untracked 
| 162|0x000000008a200000, 0x000000008a200000, 0x000000008a300000|  0%| F|  |TAMS 0x000000008a200000, 0x000000008a200000| Untracked 
| 163|0x000000008a300000, 0x000000008a300000, 0x000000008a400000|  0%| F|  |TAMS 0x000000008a300000, 0x000000008a300000| Untracked 
| 164|0x000000008a400000, 0x000000008a400000, 0x000000008a500000|  0%| F|  |TAMS 0x000000008a400000, 0x000000008a400000| Untracked 
| 165|0x000000008a500000, 0x000000008a500000, 0x000000008a600000|  0%| F|  |TAMS 0x000000008a500000, 0x000000008a500000| Untracked 
| 166|0x000000008a600000, 0x000000008a600000, 0x000000008a700000|  0%| F|  |TAMS 0x000000008a600000, 0x000000008a600000| Untracked 
| 167|0x000000008a700000, 0x000000008a700000, 0x000000008a800000|  0%| F|  |TAMS 0x000000008a700000, 0x000000008a700000| Untracked 
| 168|0x000000008a800000, 0x000000008a800000, 0x000000008a900000|  0%| F|  |TAMS 0x000000008a800000, 0x000000008a800000| Untracked 
| 169|0x000000008a900000, 0x000000008a900000, 0x000000008aa00000|  0%| F|  |TAMS 0x000000008a900000, 0x000000008a900000| Untracked 
| 170|0x000000008aa00000, 0x000000008aa00000, 0x000000008ab00000|  0%| F|  |TAMS 0x000000008aa00000, 0x000000008aa00000| Untracked 
| 171|0x000000008ab00000, 0x000000008ab00000, 0x000000008ac00000|  0%| F|  |TAMS 0x000000008ab00000, 0x000000008ab00000| Untracked 
| 172|0x000000008ac00000, 0x000000008ac00000, 0x000000008ad00000|  0%| F|  |TAMS 0x000000008ac00000, 0x000000008ac00000| Untracked 
| 173|0x000000008ad00000, 0x000000008ad00000, 0x000000008ae00000|  0%| F|  |TAMS 0x000000008ad00000, 0x000000008ad00000| Untracked 
| 174|0x000000008ae00000, 0x000000008ae00000, 0x000000008af00000|  0%| F|  |TAMS 0x000000008ae00000, 0x000000008ae00000| Untracked 
| 175|0x000000008af00000, 0x000000008af00000, 0x000000008b000000|  0%| F|  |TAMS 0x000000008af00000, 0x000000008af00000| Untracked 
| 176|0x000000008b000000, 0x000000008b000000, 0x000000008b100000|  0%| F|  |TAMS 0x000000008b000000, 0x000000008b000000| Untracked 
| 177|0x000000008b100000, 0x000000008b100000, 0x000000008b200000|  0%| F|  |TAMS 0x000000008b100000, 0x000000008b100000| Untracked 
| 178|0x000000008b200000, 0x000000008b200000, 0x000000008b300000|  0%| F|  |TAMS 0x000000008b200000, 0x000000008b200000| Untracked 
| 179|0x000000008b300000, 0x000000008b300000, 0x000000008b400000|  0%| F|  |TAMS 0x000000008b300000, 0x000000008b300000| Untracked 
| 180|0x000000008b400000, 0x000000008b400000, 0x000000008b500000|  0%| F|  |TAMS 0x000000008b400000, 0x000000008b400000| Untracked 
| 181|0x000000008b500000, 0x000000008b500000, 0x000000008b600000|  0%| F|  |TAMS 0x000000008b500000, 0x000000008b500000| Untracked 
| 182|0x000000008b600000, 0x000000008b600000, 0x000000008b700000|  0%| F|  |TAMS 0x000000008b600000, 0x000000008b600000| Untracked 
| 183|0x000000008b700000, 0x000000008b700000, 0x000000008b800000|  0%| F|  |TAMS 0x000000008b700000, 0x000000008b700000| Untracked 
| 184|0x000000008b800000, 0x000000008b800000, 0x000000008b900000|  0%| F|  |TAMS 0x000000008b800000, 0x000000008b800000| Untracked 
| 185|0x000000008b900000, 0x000000008b900000, 0x000000008ba00000|  0%| F|  |TAMS 0x000000008b900000, 0x000000008b900000| Untracked 
| 186|0x000000008ba00000, 0x000000008ba00000, 0x000000008bb00000|  0%| F|  |TAMS 0x000000008ba00000, 0x000000008ba00000| Untracked 
| 187|0x000000008bb00000, 0x000000008bb00000, 0x000000008bc00000|  0%| F|  |TAMS 0x000000008bb00000, 0x000000008bb00000| Untracked 
| 188|0x000000008bc00000, 0x000000008bc00000, 0x000000008bd00000|  0%| F|  |TAMS 0x000000008bc00000, 0x000000008bc00000| Untracked 
| 189|0x000000008bd00000, 0x000000008bd00000, 0x000000008be00000|  0%| F|  |TAMS 0x000000008bd00000, 0x000000008bd00000| Untracked 
| 190|0x000000008be00000, 0x000000008be00000, 0x000000008bf00000|  0%| F|  |TAMS 0x000000008be00000, 0x000000008be00000| Untracked 
| 191|0x000000008bf00000, 0x000000008bf00000, 0x000000008c000000|  0%| F|  |TAMS 0x000000008bf00000, 0x000000008bf00000| Untracked 
| 192|0x000000008c000000, 0x000000008c000000, 0x000000008c100000|  0%| F|  |TAMS 0x000000008c000000, 0x000000008c000000| Untracked 
| 193|0x000000008c100000, 0x000000008c100000, 0x000000008c200000|  0%| F|  |TAMS 0x000000008c100000, 0x000000008c100000| Untracked 
| 194|0x000000008c200000, 0x000000008c200000, 0x000000008c300000|  0%| F|  |TAMS 0x000000008c200000, 0x000000008c200000| Untracked 
| 195|0x000000008c300000, 0x000000008c300000, 0x000000008c400000|  0%| F|  |TAMS 0x000000008c300000, 0x000000008c300000| Untracked 
| 196|0x000000008c400000, 0x000000008c400000, 0x000000008c500000|  0%| F|  |TAMS 0x000000008c400000, 0x000000008c400000| Untracked 
| 197|0x000000008c500000, 0x000000008c500000, 0x000000008c600000|  0%| F|  |TAMS 0x000000008c500000, 0x000000008c500000| Untracked 
| 198|0x000000008c600000, 0x000000008c600000, 0x000000008c700000|  0%| F|  |TAMS 0x000000008c600000, 0x000000008c600000| Untracked 
| 199|0x000000008c700000, 0x000000008c700000, 0x000000008c800000|  0%| F|  |TAMS 0x000000008c700000, 0x000000008c700000| Untracked 
| 200|0x000000008c800000, 0x000000008c800000, 0x000000008c900000|  0%| F|  |TAMS 0x000000008c800000, 0x000000008c800000| Untracked 
| 201|0x000000008c900000, 0x000000008c972e48, 0x000000008ca00000| 44%| E|  |TAMS 0x000000008c900000, 0x000000008c900000| Complete 
| 202|0x000000008ca00000, 0x000000008cb00000, 0x000000008cb00000|100%| E|CS|TAMS 0x000000008ca00000, 0x000000008ca00000| Complete 
| 203|0x000000008cb00000, 0x000000008cc00000, 0x000000008cc00000|100%| E|CS|TAMS 0x000000008cb00000, 0x000000008cb00000| Complete 
| 204|0x000000008cc00000, 0x000000008cd00000, 0x000000008cd00000|100%| E|CS|TAMS 0x000000008cc00000, 0x000000008cc00000| Complete 
| 205|0x000000008cd00000, 0x000000008ce00000, 0x000000008ce00000|100%| E|CS|TAMS 0x000000008cd00000, 0x000000008cd00000| Complete 
| 206|0x000000008ce00000, 0x000000008cf00000, 0x000000008cf00000|100%| E|CS|TAMS 0x000000008ce00000, 0x000000008ce00000| Complete 
| 207|0x000000008cf00000, 0x000000008d000000, 0x000000008d000000|100%| E|CS|TAMS 0x000000008cf00000, 0x000000008cf00000| Complete 
| 208|0x000000008d000000, 0x000000008d100000, 0x000000008d100000|100%| E|CS|TAMS 0x000000008d000000, 0x000000008d000000| Complete 
| 209|0x000000008d100000, 0x000000008d200000, 0x000000008d200000|100%| E|CS|TAMS 0x000000008d100000, 0x000000008d100000| Complete 
| 210|0x000000008d200000, 0x000000008d300000, 0x000000008d300000|100%| E|CS|TAMS 0x000000008d200000, 0x000000008d200000| Complete 
| 211|0x000000008d300000, 0x000000008d400000, 0x000000008d400000|100%| E|CS|TAMS 0x000000008d300000, 0x000000008d300000| Complete 
| 212|0x000000008d400000, 0x000000008d500000, 0x000000008d500000|100%| E|CS|TAMS 0x000000008d400000, 0x000000008d400000| Complete 
| 213|0x000000008d500000, 0x000000008d600000, 0x000000008d600000|100%| E|CS|TAMS 0x000000008d500000, 0x000000008d500000| Complete 
| 214|0x000000008d600000, 0x000000008d700000, 0x000000008d700000|100%| E|CS|TAMS 0x000000008d600000, 0x000000008d600000| Complete 
| 215|0x000000008d700000, 0x000000008d800000, 0x000000008d800000|100%| E|CS|TAMS 0x000000008d700000, 0x000000008d700000| Complete 
| 216|0x000000008d800000, 0x000000008d900000, 0x000000008d900000|100%| E|CS|TAMS 0x000000008d800000, 0x000000008d800000| Complete 
| 217|0x000000008d900000, 0x000000008da00000, 0x000000008da00000|100%| E|CS|TAMS 0x000000008d900000, 0x000000008d900000| Complete 
| 218|0x000000008da00000, 0x000000008db00000, 0x000000008db00000|100%| E|CS|TAMS 0x000000008da00000, 0x000000008da00000| Complete 
| 219|0x000000008db00000, 0x000000008dc00000, 0x000000008dc00000|100%| E|CS|TAMS 0x000000008db00000, 0x000000008db00000| Complete 
| 220|0x000000008dc00000, 0x000000008dd00000, 0x000000008dd00000|100%| E|CS|TAMS 0x000000008dc00000, 0x000000008dc00000| Complete 
| 221|0x000000008dd00000, 0x000000008de00000, 0x000000008de00000|100%| E|CS|TAMS 0x000000008dd00000, 0x000000008dd00000| Complete 
| 222|0x000000008de00000, 0x000000008df00000, 0x000000008df00000|100%| E|CS|TAMS 0x000000008de00000, 0x000000008de00000| Complete 
| 223|0x000000008df00000, 0x000000008e000000, 0x000000008e000000|100%| E|CS|TAMS 0x000000008df00000, 0x000000008df00000| Complete 
| 224|0x000000008e000000, 0x000000008e100000, 0x000000008e100000|100%| E|  |TAMS 0x000000008e000000, 0x000000008e000000| Complete 
| 225|0x000000008e100000, 0x000000008e200000, 0x000000008e200000|100%| E|CS|TAMS 0x000000008e100000, 0x000000008e100000| Complete 
| 226|0x000000008e200000, 0x000000008e300000, 0x000000008e300000|100%| E|CS|TAMS 0x000000008e200000, 0x000000008e200000| Complete 
| 227|0x000000008e300000, 0x000000008e400000, 0x000000008e400000|100%| E|CS|TAMS 0x000000008e300000, 0x000000008e300000| Complete 
| 255|0x000000008ff00000, 0x0000000090000000, 0x0000000090000000|100%| E|CS|TAMS 0x000000008ff00000, 0x000000008ff00000| Complete 

Card table byte_map: [0x000001ca39310000,0x000001ca39710000] _byte_map_base: 0x000001ca38f10000

Marking Bits (Prev, Next): (CMBitMap*) 0x000001ca26767930, (CMBitMap*) 0x000001ca267678f0
 Prev Bits: [0x000001ca3bb10000, 0x000001ca3db10000)
 Next Bits: [0x000001ca39b10000, 0x000001ca3bb10000)

Polling page: 0x000001ca24700000

Metaspace:

Usage:
  Non-class:     58.85 MB used.
      Class:      8.91 MB used.
       Both:     67.75 MB used.

Virtual space:
  Non-class space:       64.00 MB reserved,      59.12 MB ( 92%) committed,  8 nodes.
      Class space:        1.00 GB reserved,       9.19 MB ( <1%) committed,  1 nodes.
             Both:        1.06 GB reserved,      68.31 MB (  6%) committed. 

Chunk freelists:
   Non-Class:  144.00 KB
       Class:  2.66 MB
        Both:  2.80 MB

MaxMetaspaceSize: unlimited
CompressedClassSpaceSize: 1.00 GB
Initial GC threshold: 21.00 MB
Current GC threshold: 113.75 MB
CDS: off
MetaspaceReclaimPolicy: balanced
 - commit_granule_bytes: 65536.
 - commit_granule_words: 8192.
 - virtual_space_node_default_size: 1048576.
 - enlarge_chunks_in_place: 1.
 - new_chunks_are_fully_committed: 0.
 - uncommit_free_chunks: 1.
 - use_allocation_guard: 0.
 - handle_deallocations: 1.


Internal statistics:

num_allocs_failed_limit: 3.
num_arena_births: 650.
num_arena_deaths: 2.
num_vsnodes_births: 9.
num_vsnodes_deaths: 0.
num_space_committed: 1093.
num_space_uncommitted: 0.
num_chunks_returned_to_freelist: 6.
num_chunks_taken_from_freelist: 2825.
num_chunk_merges: 3.
num_chunk_splits: 1836.
num_chunks_enlarged: 1226.
num_purges: 2.
num_inconsistent_stats: 0.

CodeHeap 'non-profiled nmethods': size=120000Kb used=4126Kb max_used=4126Kb free=115873Kb
 bounds [0x000001ca316b0000, 0x000001ca31ac0000, 0x000001ca38be0000]
CodeHeap 'profiled nmethods': size=120000Kb used=15092Kb max_used=15092Kb free=104907Kb
 bounds [0x000001ca29be0000, 0x000001ca2aaa0000, 0x000001ca31110000]
CodeHeap 'non-nmethods': size=5760Kb used=2384Kb max_used=2439Kb free=3375Kb
 bounds [0x000001ca31110000, 0x000001ca31380000, 0x000001ca316b0000]
 total_blobs=8547 nmethods=7634 adapters=824
 compilation: enabled
              stopped_count=0, restarted_count=0
 full_count=0

Compilation events (20 events):
Event: 15.051 Thread 0x000001ca41073710 8522       2       org.gradle.internal.snapshot.RegularFileSnapshot::getType (4 bytes)
Event: 15.051 Thread 0x000001ca41073710 nmethod 8522 0x000001ca2aa9a610 code [0x000001ca2aa9a7a0, 0x000001ca2aa9a8b8]
Event: 15.051 Thread 0x000001ca41073710 8527       2       java.util.concurrent.ThreadPoolExecutor$Worker::lock (6 bytes)
Event: 15.051 Thread 0x000001ca41073710 nmethod 8527 0x000001ca2aa9a990 code [0x000001ca2aa9ab20, 0x000001ca2aa9ac48]
Event: 15.051 Thread 0x000001ca41073710 8528       2       java.util.concurrent.ThreadPoolExecutor$Worker::tryAcquire (20 bytes)
Event: 15.051 Thread 0x000001ca41073710 nmethod 8528 0x000001ca2aa9ad10 code [0x000001ca2aa9aec0, 0x000001ca2aa9b088]
Event: 15.051 Thread 0x000001ca41073710 8521       2       org.gradle.internal.hash.Hashing$DefaultHasher::<init> (10 bytes)
Event: 15.052 Thread 0x000001ca41073710 nmethod 8521 0x000001ca2aa9b110 code [0x000001ca2aa9b2a0, 0x000001ca2aa9b3f8]
Event: 15.053 Thread 0x000001ca41073710 8529       2       org.gradle.internal.classpath.InstrumentingTransformer::access$7800 (4 bytes)
Event: 15.053 Thread 0x000001ca41073710 nmethod 8529 0x000001ca2aa9b490 code [0x000001ca2aa9b620, 0x000001ca2aa9b718]
Event: 15.053 Thread 0x000001ca41073710 8531       2       org.objectweb.asm.SymbolTable::addConstantDynamicOrInvokeDynamicReference (140 bytes)
Event: 15.054 Thread 0x000001ca41073710 nmethod 8531 0x000001ca2aa9b790 code [0x000001ca2aa9b9a0, 0x000001ca2aa9be48]
Event: 15.054 Thread 0x000001ca41073710 8530       2       org.objectweb.asm.SymbolTable::hash (19 bytes)
Event: 15.054 Thread 0x000001ca41073710 nmethod 8530 0x000001ca2aa9c190 code [0x000001ca2aa9c340, 0x000001ca2aa9c498]
Event: 15.054 Thread 0x000001ca41073710 8532       2       org.gradle.internal.classpath.InstrumentingTransformer::access$600 (4 bytes)
Event: 15.054 Thread 0x000001ca41073710 nmethod 8532 0x000001ca2aa9c610 code [0x000001ca2aa9c7a0, 0x000001ca2aa9c898]
Event: 15.054 Thread 0x000001ca41073710 8533       2       org.gradle.internal.classpath.InstrumentingBackwardsCompatibilityVisitor$BackwardCompatibilityMethodVisitor::visitInvokeDynamicInsn (31 bytes)
Event: 15.054 Thread 0x000001ca41073710 nmethod 8533 0x000001ca2aa9c910 code [0x000001ca2aa9cac0, 0x000001ca2aa9cc78]
Event: 15.054 Thread 0x000001ca41073710 8534       2       org.gradle.internal.classpath.InstrumentingBackwardsCompatibilityVisitor::access$300 (5 bytes)
Event: 15.054 Thread 0x000001ca41073710 nmethod 8534 0x000001ca2aa9ce10 code [0x000001ca2aa9cfa0, 0x000001ca2aa9d0a8]

GC Heap History (20 events):
Event: 5.199 GC heap before
{Heap before GC invocations=23 (full 0):
 garbage-first heap   total 153600K, used 113751K [0x0000000080000000, 0x0000000100000000)
  region size 1024K, 26 young (26624K), 3 survivors (3072K)
 Metaspace       used 48850K, committed 49344K, reserved 1097728K
  class space    used 6406K, committed 6656K, reserved 1048576K
}
Event: 5.203 GC heap after
{Heap after GC invocations=24 (full 0):
 garbage-first heap   total 153600K, used 91007K [0x0000000080000000, 0x0000000100000000)
  region size 1024K, 4 young (4096K), 4 survivors (4096K)
 Metaspace       used 48850K, committed 49344K, reserved 1097728K
  class space    used 6406K, committed 6656K, reserved 1048576K
}
Event: 5.248 GC heap before
{Heap before GC invocations=24 (full 0):
 garbage-first heap   total 153600K, used 94079K [0x0000000080000000, 0x0000000100000000)
  region size 1024K, 7 young (7168K), 4 survivors (4096K)
 Metaspace       used 48933K, committed 49408K, reserved 1097728K
  class space    used 6417K, committed 6656K, reserved 1048576K
}
Event: 5.252 GC heap after
{Heap after GC invocations=25 (full 0):
 garbage-first heap   total 153600K, used 91432K [0x0000000080000000, 0x0000000100000000)
  region size 1024K, 1 young (1024K), 1 survivors (1024K)
 Metaspace       used 48933K, committed 49408K, reserved 1097728K
  class space    used 6417K, committed 6656K, reserved 1048576K
}
Event: 5.423 GC heap before
{Heap before GC invocations=25 (full 0):
 garbage-first heap   total 153600K, used 101672K [0x0000000080000000, 0x0000000100000000)
  region size 1024K, 12 young (12288K), 1 survivors (1024K)
 Metaspace       used 50230K, committed 50688K, reserved 1097728K
  class space    used 6645K, committed 6848K, reserved 1048576K
}
Event: 5.425 GC heap after
{Heap after GC invocations=26 (full 0):
 garbage-first heap   total 234496K, used 91984K [0x0000000080000000, 0x0000000100000000)
  region size 1024K, 2 young (2048K), 2 survivors (2048K)
 Metaspace       used 50230K, committed 50688K, reserved 1097728K
  class space    used 6645K, committed 6848K, reserved 1048576K
}
Event: 6.683 GC heap before
{Heap before GC invocations=27 (full 0):
 garbage-first heap   total 234496K, used 169808K [0x0000000080000000, 0x0000000100000000)
  region size 1024K, 71 young (72704K), 2 survivors (2048K)
 Metaspace       used 60591K, committed 61184K, reserved 1105920K
  class space    used 8150K, committed 8448K, reserved 1048576K
}
Event: 6.692 GC heap after
{Heap after GC invocations=28 (full 0):
 garbage-first heap   total 234496K, used 104280K [0x0000000080000000, 0x0000000100000000)
  region size 1024K, 7 young (7168K), 7 survivors (7168K)
 Metaspace       used 60591K, committed 61184K, reserved 1105920K
  class space    used 8150K, committed 8448K, reserved 1048576K
}
Event: 14.420 GC heap before
{Heap before GC invocations=28 (full 0):
 garbage-first heap   total 234496K, used 173912K [0x0000000080000000, 0x0000000100000000)
  region size 1024K, 77 young (78848K), 7 survivors (7168K)
 Metaspace       used 68970K, committed 69568K, reserved 1114112K
  class space    used 9111K, committed 9408K, reserved 1048576K
}
Event: 14.427 GC heap after
{Heap after GC invocations=29 (full 0):
 garbage-first heap   total 234496K, used 110540K [0x0000000080000000, 0x0000000100000000)
  region size 1024K, 7 young (7168K), 7 survivors (7168K)
 Metaspace       used 68970K, committed 69568K, reserved 1114112K
  class space    used 9111K, committed 9408K, reserved 1048576K
}
Event: 14.551 GC heap before
{Heap before GC invocations=30 (full 0):
 garbage-first heap   total 234496K, used 142284K [0x0000000080000000, 0x0000000100000000)
  region size 1024K, 38 young (38912K), 7 survivors (7168K)
 Metaspace       used 69206K, committed 69824K, reserved 1114112K
  class space    used 9120K, committed 9408K, reserved 1048576K
}
Event: 14.554 GC heap after
{Heap after GC invocations=31 (full 0):
 garbage-first heap   total 234496K, used 111996K [0x0000000080000000, 0x0000000100000000)
  region size 1024K, 2 young (2048K), 2 survivors (2048K)
 Metaspace       used 69206K, committed 69824K, reserved 1114112K
  class space    used 9120K, committed 9408K, reserved 1048576K
}
Event: 14.679 GC heap before
{Heap before GC invocations=32 (full 0):
 garbage-first heap   total 234496K, used 158076K [0x0000000080000000, 0x0000000100000000)
  region size 1024K, 47 young (48128K), 2 survivors (2048K)
 Metaspace       used 69335K, committed 69952K, reserved 1114112K
  class space    used 9119K, committed 9408K, reserved 1048576K
}
Event: 14.682 GC heap after
{Heap after GC invocations=33 (full 0):
 garbage-first heap   total 234496K, used 113871K [0x0000000080000000, 0x0000000100000000)
  region size 1024K, 2 young (2048K), 2 survivors (2048K)
 Metaspace       used 69335K, committed 69952K, reserved 1114112K
  class space    used 9119K, committed 9408K, reserved 1048576K
}
Event: 14.793 GC heap before
{Heap before GC invocations=34 (full 0):
 garbage-first heap   total 234496K, used 163023K [0x0000000080000000, 0x0000000100000000)
  region size 1024K, 48 young (49152K), 2 survivors (2048K)
 Metaspace       used 69340K, committed 69952K, reserved 1114112K
  class space    used 9119K, committed 9408K, reserved 1048576K
}
Event: 14.795 GC heap after
{Heap after GC invocations=35 (full 0):
 garbage-first heap   total 234496K, used 113922K [0x0000000080000000, 0x0000000100000000)
  region size 1024K, 2 young (2048K), 2 survivors (2048K)
 Metaspace       used 69340K, committed 69952K, reserved 1114112K
  class space    used 9119K, committed 9408K, reserved 1048576K
}
Event: 14.949 GC heap before
{Heap before GC invocations=36 (full 0):
 garbage-first heap   total 234496K, used 196866K [0x0000000080000000, 0x0000000100000000)
  region size 1024K, 80 young (81920K), 2 survivors (2048K)
 Metaspace       used 69363K, committed 69952K, reserved 1114112K
  class space    used 9121K, committed 9408K, reserved 1048576K
}
Event: 14.952 GC heap after
{Heap after GC invocations=37 (full 0):
 garbage-first heap   total 234496K, used 118854K [0x0000000080000000, 0x0000000100000000)
  region size 1024K, 3 young (3072K), 3 survivors (3072K)
 Metaspace       used 69363K, committed 69952K, reserved 1114112K
  class space    used 9121K, committed 9408K, reserved 1048576K
}
Event: 15.046 GC heap before
{Heap before GC invocations=37 (full 0):
 garbage-first heap   total 234496K, used 195654K [0x0000000080000000, 0x0000000100000000)
  region size 1024K, 78 young (79872K), 3 survivors (3072K)
 Metaspace       used 69372K, committed 69952K, reserved 1114112K
  class space    used 9121K, committed 9408K, reserved 1048576K
}
Event: 15.048 GC heap after
{Heap after GC invocations=38 (full 0):
 garbage-first heap   total 234496K, used 119076K [0x0000000080000000, 0x0000000100000000)
  region size 1024K, 3 young (3072K), 3 survivors (3072K)
 Metaspace       used 69372K, committed 69952K, reserved 1114112K
  class space    used 9121K, committed 9408K, reserved 1048576K
}

Dll operation events (2 events):
Event: 0.005 Loaded shared library C:\Program Files\Android\Android Studio\jbr\bin\java.dll
Event: 0.352 Loaded shared library C:\Program Files\Android\Android Studio\jbr\bin\verify.dll

Deoptimization events (20 events):
Event: 14.544 Thread 0x000001ca43c23890 DEOPT PACKING pc=0x000001ca3172633c sp=0x00000034485fda30
Event: 14.544 Thread 0x000001ca43c23890 DEOPT UNPACKING pc=0x000001ca311669a3 sp=0x00000034485fd968 mode 2
Event: 14.584 Thread 0x000001ca43c23890 DEOPT PACKING pc=0x000001ca2a9e7d77 sp=0x00000034485fe100
Event: 14.584 Thread 0x000001ca43c23890 DEOPT UNPACKING pc=0x000001ca31167143 sp=0x00000034485fd600 mode 0
Event: 14.590 Thread 0x000001ca43c23890 Uncommon trap: trap_request=0xffffff45 fr.pc=0x000001ca3192cfb0 relative=0x0000000000000290
Event: 14.590 Thread 0x000001ca43c23890 Uncommon trap: reason=unstable_if action=reinterpret pc=0x000001ca3192cfb0 method=java.io.BufferedOutputStream.write([BII)V @ 6 c2
Event: 14.590 Thread 0x000001ca43c23890 DEOPT PACKING pc=0x000001ca3192cfb0 sp=0x00000034485fe350
Event: 14.590 Thread 0x000001ca43c23890 DEOPT UNPACKING pc=0x000001ca311669a3 sp=0x00000034485fe2f8 mode 2
Event: 14.645 Thread 0x000001ca478620a0 Uncommon trap: trap_request=0xffffff45 fr.pc=0x000001ca31a97e98 relative=0x0000000000000b58
Event: 14.645 Thread 0x000001ca478620a0 Uncommon trap: reason=unstable_if action=reinterpret pc=0x000001ca31a97e98 method=org.objectweb.asm.MethodWriter.visitLabel(Lorg/objectweb/asm/Label;)V @ 238 c2
Event: 14.645 Thread 0x000001ca478620a0 DEOPT PACKING pc=0x000001ca31a97e98 sp=0x00000034488fe050
Event: 14.645 Thread 0x000001ca478620a0 DEOPT UNPACKING pc=0x000001ca311669a3 sp=0x00000034488fe028 mode 2
Event: 14.702 Thread 0x000001ca478620a0 DEOPT PACKING pc=0x000001ca2a9e6dcf sp=0x00000034488fe580
Event: 14.702 Thread 0x000001ca478620a0 DEOPT UNPACKING pc=0x000001ca31167143 sp=0x00000034488fda40 mode 0
Event: 14.835 Thread 0x000001ca478620a0 DEOPT PACKING pc=0x000001ca2a9dc803 sp=0x00000034488fe730
Event: 14.835 Thread 0x000001ca478620a0 DEOPT UNPACKING pc=0x000001ca31167143 sp=0x00000034488fdce0 mode 0
Event: 14.859 Thread 0x000001ca478620a0 DEOPT PACKING pc=0x000001ca2aa5464e sp=0x00000034488fdeb0
Event: 14.859 Thread 0x000001ca478620a0 DEOPT UNPACKING pc=0x000001ca31167143 sp=0x00000034488fd360 mode 0
Event: 15.029 Thread 0x000001ca478620a0 DEOPT PACKING pc=0x000001ca2aa89e7b sp=0x00000034488fe030
Event: 15.029 Thread 0x000001ca478620a0 DEOPT UNPACKING pc=0x000001ca31167143 sp=0x00000034488fd548 mode 0

Classes unloaded (2 events):
Event: 14.604 Thread 0x000001ca41022040 Unloading class 0x00000001007cc560 '_BuildScript_$_run_closure1'
Event: 14.604 Thread 0x000001ca41022040 Unloading class 0x00000001007cc000 '_BuildScript_'

Classes redefined (0 events):
No events

Internal exceptions (20 events):
Event: 14.875 Thread 0x000001ca43c24700 Exception <a 'sun/nio/fs/WindowsException'{0x000000008ca1bfa0}> (0x000000008ca1bfa0) 
thrown [s\src\hotspot\share\prims\jni.cpp, line 517]
Event: 14.877 Thread 0x000001ca43c23890 Exception <a 'sun/nio/fs/WindowsException'{0x000000008cf689f8}> (0x000000008cf689f8) 
thrown [s\src\hotspot\share\prims\jni.cpp, line 517]
Event: 14.889 Thread 0x000001ca43c23890 Exception <a 'sun/nio/fs/WindowsException'{0x000000008c2139d0}> (0x000000008c2139d0) 
thrown [s\src\hotspot\share\prims\jni.cpp, line 517]
Event: 14.896 Thread 0x000001ca43c23890 Exception <a 'sun/nio/fs/WindowsException'{0x000000008c213b78}> (0x000000008c213b78) 
thrown [s\src\hotspot\share\prims\jni.cpp, line 517]
Event: 14.901 Thread 0x000001ca43c23890 Exception <a 'sun/nio/fs/WindowsException'{0x000000008c239770}> (0x000000008c239770) 
thrown [s\src\hotspot\share\prims\jni.cpp, line 517]
Event: 14.929 Thread 0x000001ca47864bf0 Exception <a 'sun/nio/fs/WindowsException'{0x000000008b0628f0}> (0x000000008b0628f0) 
thrown [s\src\hotspot\share\prims\jni.cpp, line 517]
Event: 14.930 Thread 0x000001ca47864bf0 Exception <a 'sun/nio/fs/WindowsException'{0x000000008b062ab0}> (0x000000008b062ab0) 
thrown [s\src\hotspot\share\prims\jni.cpp, line 517]
Event: 14.934 Thread 0x000001ca47864bf0 Exception <a 'sun/nio/fs/WindowsException'{0x000000008a220688}> (0x000000008a220688) 
thrown [s\src\hotspot\share\prims\jni.cpp, line 517]
Event: 14.952 Thread 0x000001ca43c22550 Exception <a 'sun/nio/fs/WindowsException'{0x000000008ffbe788}> (0x000000008ffbe788) 
thrown [s\src\hotspot\share\prims\jni.cpp, line 517]
Event: 14.959 Thread 0x000001ca478668d0 Exception <a 'sun/nio/fs/WindowsException'{0x000000008df509d0}> (0x000000008df509d0) 
thrown [s\src\hotspot\share\prims\jni.cpp, line 517]
Event: 15.028 Thread 0x000001ca47864bf0 Exception <a 'sun/nio/fs/WindowsException'{0x000000008abb0318}> (0x000000008abb0318) 
thrown [s\src\hotspot\share\prims\jni.cpp, line 517]
Event: 15.040 Thread 0x000001ca43c23890 Exception <a 'sun/nio/fs/WindowsException'{0x0000000089d28600}> (0x0000000089d28600) 
thrown [s\src\hotspot\share\prims\jni.cpp, line 517]
Event: 15.041 Thread 0x000001ca478668d0 Exception <a 'sun/nio/fs/WindowsException'{0x000000008df50be8}> (0x000000008df50be8) 
thrown [s\src\hotspot\share\prims\jni.cpp, line 517]
Event: 15.041 Thread 0x000001ca43c23890 Exception <a 'sun/nio/fs/WindowsException'{0x0000000089d287c0}> (0x0000000089d287c0) 
thrown [s\src\hotspot\share\prims\jni.cpp, line 517]
Event: 15.043 Thread 0x000001ca43c24700 Exception <a 'sun/nio/fs/WindowsException'{0x0000000089ba3c68}> (0x0000000089ba3c68) 
thrown [s\src\hotspot\share\prims\jni.cpp, line 517]
Event: 15.044 Thread 0x000001ca43c24700 Exception <a 'sun/nio/fs/WindowsException'{0x0000000089ba3e38}> (0x0000000089ba3e38) 
thrown [s\src\hotspot\share\prims\jni.cpp, line 517]
Event: 15.056 Thread 0x000001ca43c23890 Exception <a 'sun/nio/fs/WindowsException'{0x000000008e14da30}> (0x000000008e14da30) 
thrown [s\src\hotspot\share\prims\jni.cpp, line 517]
Event: 15.071 Thread 0x000001ca47864bf0 Exception <a 'sun/nio/fs/WindowsException'{0x000000008d935dc8}> (0x000000008d935dc8) 
thrown [s\src\hotspot\share\prims\jni.cpp, line 517]
Event: 15.100 Thread 0x000001ca43c23890 Exception <a 'sun/nio/fs/WindowsException'{0x000000008cab7780}> (0x000000008cab7780) 
thrown [s\src\hotspot\share\prims\jni.cpp, line 517]
Event: 15.101 Thread 0x000001ca43c23890 Exception <a 'sun/nio/fs/WindowsException'{0x000000008cab7950}> (0x000000008cab7950) 
thrown [s\src\hotspot\share\prims\jni.cpp, line 517]

VM Operations (20 events):
Event: 14.633 Executing VM operation: G1Concurrent done
Event: 14.679 Executing VM operation: G1TryInitiateConcMark
Event: 14.682 Executing VM operation: G1TryInitiateConcMark done
Event: 14.737 Executing VM operation: G1Concurrent
Event: 14.744 Executing VM operation: G1Concurrent done
Event: 14.765 Executing VM operation: G1Concurrent
Event: 14.766 Executing VM operation: G1Concurrent done
Event: 14.793 Executing VM operation: G1TryInitiateConcMark
Event: 14.795 Executing VM operation: G1TryInitiateConcMark done
Event: 14.850 Executing VM operation: G1Concurrent
Event: 14.855 Executing VM operation: G1Concurrent done
Event: 14.877 Executing VM operation: G1Concurrent
Event: 14.879 Executing VM operation: G1Concurrent done
Event: 14.949 Executing VM operation: G1CollectForAllocation
Event: 14.953 Executing VM operation: G1CollectForAllocation done
Event: 15.045 Executing VM operation: G1CollectForAllocation
Event: 15.046 Executing VM operation: G1CollectForAllocation done
Event: 15.046 Executing VM operation: G1CollectForAllocation
Event: 15.048 Executing VM operation: G1CollectForAllocation done
Event: 15.102 Executing VM operation: G1Concurrent

Events (20 events):
Event: 13.566 loading class java/util/concurrent/locks/ReentrantReadWriteLock$Sync$HoldCounter
Event: 13.566 loading class java/util/concurrent/locks/ReentrantReadWriteLock$Sync$HoldCounter done
Event: 13.567 Thread 0x000001ca421191a0 Thread added: 0x000001ca421191a0
Event: 13.723 Thread 0x000001ca421191a0 Thread exited: 0x000001ca421191a0
Event: 14.165 Thread 0x000001ca4107f600 flushing nmethod 0x000001ca2a5d7890
Event: 14.165 Thread 0x000001ca4107f600 flushing nmethod 0x000001ca2a5f3210
Event: 14.165 Thread 0x000001ca4107f600 flushing nmethod 0x000001ca2a5f5d90
Event: 14.165 Thread 0x000001ca4107f600 flushing nmethod 0x000001ca2a5fe390
Event: 14.165 Thread 0x000001ca4107f600 flushing nmethod 0x000001ca2a60d110
Event: 14.165 Thread 0x000001ca4107f600 flushing nmethod 0x000001ca2a60d710
Event: 14.165 Thread 0x000001ca4107f600 flushing nmethod 0x000001ca2a60e410
Event: 14.165 Thread 0x000001ca4107f600 flushing nmethod 0x000001ca2a60f710
Event: 14.429 loading class sun/security/ssl/Alert
Event: 14.429 loading class sun/security/ssl/Alert done
Event: 14.430 loading class sun/security/ssl/Alert$AlertConsumer
Event: 14.430 loading class sun/security/ssl/Alert$AlertConsumer done
Event: 14.430 loading class sun/security/ssl/Alert$Level
Event: 14.430 loading class sun/security/ssl/Alert$Level done
Event: 14.435 Thread 0x000001ca41a98ec0 Thread added: 0x000001ca41a98ec0
Event: 14.443 Thread 0x000001ca41565390 Thread added: 0x000001ca41565390


Dynamic libraries:
0x00007ff70c970000 - 0x00007ff70c97a000 	C:\Program Files\Android\Android Studio\jbr\bin\java.exe
0x00007ffadbc70000 - 0x00007ffadbe68000 	C:\WINDOWS\SYSTEM32\ntdll.dll
0x00007ffadb0a0000 - 0x00007ffadb15f000 	C:\WINDOWS\System32\KERNEL32.DLL
0x00007ffad9870000 - 0x00007ffad9b66000 	C:\WINDOWS\System32\KERNELBASE.dll
0x00007ffad95e0000 - 0x00007ffad96e0000 	C:\WINDOWS\System32\ucrtbase.dll
0x00007ffad0770000 - 0x00007ffad0787000 	C:\Program Files\Android\Android Studio\jbr\bin\jli.dll
0x00007ffad1590000 - 0x00007ffad15ab000 	C:\Program Files\Android\Android Studio\jbr\bin\VCRUNTIME140.dll
0x00007ffad9f10000 - 0x00007ffada0ad000 	C:\WINDOWS\System32\USER32.dll
0x00007ffad95b0000 - 0x00007ffad95d2000 	C:\WINDOWS\System32\win32u.dll
0x00007ffac74c0000 - 0x00007ffac775a000 	C:\WINDOWS\WinSxS\amd64_microsoft.windows.common-controls_6595b64144ccf1df_6.0.19041.1110_none_60b5254171f9507e\COMCTL32.dll
0x00007ffadbb50000 - 0x00007ffadbb7c000 	C:\WINDOWS\System32\GDI32.dll
0x00007ffad9dc0000 - 0x00007ffad9e5e000 	C:\WINDOWS\System32\msvcrt.dll
0x00007ffad96e0000 - 0x00007ffad97f5000 	C:\WINDOWS\System32\gdi32full.dll
0x00007ffad93d0000 - 0x00007ffad946d000 	C:\WINDOWS\System32\msvcp_win.dll
0x00007ffada240000 - 0x00007ffada270000 	C:\WINDOWS\System32\IMM32.DLL
0x00007ffad3cb0000 - 0x00007ffad3cbc000 	C:\Program Files\Android\Android Studio\jbr\bin\vcruntime140_1.dll
0x00007ffab5a40000 - 0x00007ffab5acd000 	C:\Program Files\Android\Android Studio\jbr\bin\msvcp140.dll
0x00007ffa5f570000 - 0x00007ffa601dd000 	C:\Program Files\Android\Android Studio\jbr\bin\server\jvm.dll
0x00007ffadaef0000 - 0x00007ffadaf9f000 	C:\WINDOWS\System32\ADVAPI32.dll
0x00007ffadb000000 - 0x00007ffadb09c000 	C:\WINDOWS\System32\sechost.dll
0x00007ffadabb0000 - 0x00007ffadacd6000 	C:\WINDOWS\System32\RPCRT4.dll
0x00007ffad3e70000 - 0x00007ffad3e79000 	C:\WINDOWS\SYSTEM32\WSOCK32.dll
0x00007ffabd0d0000 - 0x00007ffabd0f7000 	C:\WINDOWS\SYSTEM32\WINMM.dll
0x00007ffad12b0000 - 0x00007ffad12ba000 	C:\WINDOWS\SYSTEM32\VERSION.dll
0x00007ffadb280000 - 0x00007ffadb2eb000 	C:\WINDOWS\System32\WS2_32.dll
0x00007ffad7b90000 - 0x00007ffad7ba2000 	C:\WINDOWS\SYSTEM32\kernel.appcore.dll
0x00007ffad3e60000 - 0x00007ffad3e6a000 	C:\Program Files\Android\Android Studio\jbr\bin\jimage.dll
0x00007ffad71d0000 - 0x00007ffad73b4000 	C:\WINDOWS\SYSTEM32\DBGHELP.DLL
0x00007ffacfe70000 - 0x00007ffacfea4000 	C:\WINDOWS\SYSTEM32\dbgcore.DLL
0x00007ffad9470000 - 0x00007ffad94f2000 	C:\WINDOWS\System32\bcryptPrimitives.dll
0x00007ffad3b40000 - 0x00007ffad3b65000 	C:\Program Files\Android\Android Studio\jbr\bin\java.dll
0x00007ffad3b20000 - 0x00007ffad3b38000 	C:\Program Files\Android\Android Studio\jbr\bin\zip.dll
0x00007ffada450000 - 0x00007ffadab94000 	C:\WINDOWS\System32\SHELL32.dll
0x00007ffad73e0000 - 0x00007ffad7b73000 	C:\WINDOWS\SYSTEM32\windows.storage.dll
0x00007ffadb380000 - 0x00007ffadb6d4000 	C:\WINDOWS\System32\combase.dll
0x00007ffad8da0000 - 0x00007ffad8dce000 	C:\WINDOWS\SYSTEM32\Wldp.dll
0x00007ffadbb80000 - 0x00007ffadbc2d000 	C:\WINDOWS\System32\SHCORE.dll
0x00007ffada3f0000 - 0x00007ffada445000 	C:\WINDOWS\System32\shlwapi.dll
0x00007ffad9290000 - 0x00007ffad92af000 	C:\WINDOWS\SYSTEM32\profapi.dll
0x00007ffad3b00000 - 0x00007ffad3b19000 	C:\Program Files\Android\Android Studio\jbr\bin\net.dll
0x00007ffad0640000 - 0x00007ffad074a000 	C:\WINDOWS\SYSTEM32\WINHTTP.dll
0x00007ffad8b00000 - 0x00007ffad8b6a000 	C:\WINDOWS\system32\mswsock.dll
0x00007ffad36f0000 - 0x00007ffad3706000 	C:\Program Files\Android\Android Studio\jbr\bin\nio.dll
0x00007ffad36e0000 - 0x00007ffad36f0000 	C:\Program Files\Android\Android Studio\jbr\bin\verify.dll
0x00007ffad1270000 - 0x00007ffad1297000 	C:\Users\Anas\.gradle\native\68d5fa5c4cc2d200863cafc0d521ce42e7d3e7ee720ec0a83991735586a16f82\windows-amd64\native-platform.dll
0x00007ffa92e40000 - 0x00007ffa92f84000 	C:\Users\Anas\.gradle\native\e376f236ea51e6404a007f0833ffe2c6e607c4080706a723a18a27aeea778392\windows-amd64\native-platform-file-events.dll
0x00007ffad3e20000 - 0x00007ffad3e29000 	C:\Program Files\Android\Android Studio\jbr\bin\management.dll
0x00007ffad39b0000 - 0x00007ffad39bb000 	C:\Program Files\Android\Android Studio\jbr\bin\management_ext.dll
0x00007ffad9cd0000 - 0x00007ffad9cd8000 	C:\WINDOWS\System32\PSAPI.DLL
0x00007ffad8cf0000 - 0x00007ffad8d08000 	C:\WINDOWS\SYSTEM32\CRYPTSP.dll
0x00007ffad83b0000 - 0x00007ffad83e4000 	C:\WINDOWS\system32\rsaenh.dll
0x00007ffad9350000 - 0x00007ffad9377000 	C:\WINDOWS\System32\bcrypt.dll
0x00007ffad9210000 - 0x00007ffad923e000 	C:\WINDOWS\SYSTEM32\USERENV.dll
0x00007ffad8d10000 - 0x00007ffad8d1c000 	C:\WINDOWS\SYSTEM32\CRYPTBASE.dll
0x00007ffad87a0000 - 0x00007ffad87dc000 	C:\WINDOWS\SYSTEM32\IPHLPAPI.DLL
0x00007ffadaba0000 - 0x00007ffadaba8000 	C:\WINDOWS\System32\NSI.dll
0x00007ffad14a0000 - 0x00007ffad14b7000 	C:\WINDOWS\SYSTEM32\dhcpcsvc6.DLL
0x00007ffad2300000 - 0x00007ffad231d000 	C:\WINDOWS\SYSTEM32\dhcpcsvc.DLL
0x00007ffad87f0000 - 0x00007ffad88ba000 	C:\WINDOWS\SYSTEM32\DNSAPI.dll
0x00007ffacddb0000 - 0x00007ffacddb7000 	C:\WINDOWS\system32\wshunix.dll
0x00007ffac9780000 - 0x00007ffac978a000 	C:\Windows\System32\rasadhlp.dll
0x00007ffac9e40000 - 0x00007ffac9ec2000 	C:\WINDOWS\System32\fwpuclnt.dll

dbghelp: loaded successfully - version: 4.0.5 - missing functions: none
symbol engine: initialized successfully - sym options: 0x614 - pdb path: .;C:\Program Files\Android\Android Studio\jbr\bin;C:\WINDOWS\SYSTEM32;C:\WINDOWS\WinSxS\amd64_microsoft.windows.common-controls_6595b64144ccf1df_6.0.19041.1110_none_60b5254171f9507e;C:\Program Files\Android\Android Studio\jbr\bin\server;C:\Users\Anas\.gradle\native\68d5fa5c4cc2d200863cafc0d521ce42e7d3e7ee720ec0a83991735586a16f82\windows-amd64;C:\Users\Anas\.gradle\native\e376f236ea51e6404a007f0833ffe2c6e607c4080706a723a18a27aeea778392\windows-amd64

VM Arguments:
jvm_args: --add-opens=java.base/java.util=ALL-UNNAMED --add-opens=java.base/java.lang=ALL-UNNAMED --add-opens=java.base/java.lang.invoke=ALL-UNNAMED --add-opens=java.prefs/java.util.prefs=ALL-UNNAMED --add-opens=java.base/java.nio.charset=ALL-UNNAMED --add-opens=java.base/java.net=ALL-UNNAMED --add-opens=java.base/java.util.concurrent.atomic=ALL-UNNAMED -Xmx2048m -Dfile.encoding=UTF-8 -Duser.country=US -Duser.language=en -Duser.variant 
java_command: org.gradle.launcher.daemon.bootstrap.GradleDaemon 8.0
java_class_path (initial): C:\Users\Anas\.gradle\wrapper\dists\gradle-8.0-bin\ca5e32bp14vu59qr306oxotwh\gradle-8.0\lib\gradle-launcher-8.0.jar
Launcher Type: SUN_STANDARD

[Global flags]
     intx CICompilerCount                          = 4                                         {product} {ergonomic}
     uint ConcGCThreads                            = 2                                         {product} {ergonomic}
     uint G1ConcRefinementThreads                  = 8                                         {product} {ergonomic}
   size_t G1HeapRegionSize                         = 1048576                                   {product} {ergonomic}
    uintx GCDrainStackTargetSize                   = 64                                        {product} {ergonomic}
   size_t InitialHeapSize                          = 268435456                                 {product} {ergonomic}
   size_t MarkStackSize                            = 4194304                                   {product} {ergonomic}
   size_t MaxHeapSize                              = 2147483648                                {product} {command line}
   size_t MaxNewSize                               = 1287651328                                {product} {ergonomic}
   size_t MinHeapDeltaBytes                        = 1048576                                   {product} {ergonomic}
   size_t MinHeapSize                              = 8388608                                   {product} {ergonomic}
    uintx NonNMethodCodeHeapSize                   = 5839372                                {pd product} {ergonomic}
    uintx NonProfiledCodeHeapSize                  = 122909434                              {pd product} {ergonomic}
    uintx ProfiledCodeHeapSize                     = 122909434                              {pd product} {ergonomic}
    uintx ReservedCodeCacheSize                    = 251658240                              {pd product} {ergonomic}
     bool SegmentedCodeCache                       = true                                      {product} {ergonomic}
   size_t SoftMaxHeapSize                          = 2147483648                             {manageable} {ergonomic}
     bool UseCompressedClassPointers               = true                           {product lp64_product} {ergonomic}
     bool UseCompressedOops                        = true                           {product lp64_product} {ergonomic}
     bool UseG1GC                                  = true                                      {product} {ergonomic}
     bool UseLargePagesIndividualAllocation        = false                                  {pd product} {ergonomic}

Logging:
Log output configuration:
 #0: stdout all=warning uptime,level,tags
 #1: stderr all=off uptime,level,tags

Environment Variables:
JAVA_HOME=C:\Program Files\Java\jdk1.8.0_291
PATH=C:\Program Files\Eclipse Adoptium\jdk-17.0.2.8-hotspot\bin;C:\Program Files (x86)\Intel\iCLS Client\;C:\Program Files\Intel\iCLS Client\;C:\Windows\system32;C:\Windows;C:\Windows\System32\Wbem;C:\Windows\System32\WindowsPowerShell\v1.0\;C:\Program Files (x86)\NVIDIA Corporation\PhysX\Common;C:\Program Files (x86)\Intel\Intel(R) Management Engine Components\DAL;C:\Program Files\Intel\Intel(R) Management Engine Components\DAL;C:\Program Files (x86)\Intel\Intel(R) Management Engine Components\IPT;C:\Program Files\Intel\Intel(R) Management Engine Components\IPT;C:\WINDOWS\system32;C:\WINDOWS;C:\WINDOWS\System32\Wbem;C:\WINDOWS\System32\WindowsPowerShell\v1.0\;C:\WINDOWS\System32\OpenSSH\;C:\Program Files\NVIDIA Corporation\NVIDIA NvDLISR;C:\Program Files\kotlinc\bin;C:\Program Files\Git\cmd;C:\Windows\System32;C:\Program Files\Git\git-cmd.exe;D:\Flutter\flutter\bin;C:\Users\Anas\AppData\Local\Programs\Microsoft VS Code\bin;C:\Users\Anas\AppData\Local\GitHubDesktop\bin
USERNAME=Anas
OS=Windows_NT
PROCESSOR_IDENTIFIER=Intel64 Family 6 Model 158 Stepping 9, GenuineIntel
TMP=C:\Users\Anas\AppData\Local\Temp
TEMP=C:\Users\Anas\AppData\Local\Temp



---------------  S Y S T E M  ---------------

OS:
 Windows 10 , 64 bit Build 19041 (10.0.19041.3031)
OS uptime: 4 days 10:17 hours

CPU: total 8 (initial active 8) (4 cores per cpu, 2 threads per core) family 6 model 158 stepping 9 microcode 0xb4, cx8, cmov, fxsr, ht, mmx, 3dnowpref, sse, sse2, sse3, ssse3, sse4.1, sse4.2, popcnt, lzcnt, tsc, tscinvbit, avx, avx2, aes, erms, clmul, bmi1, bmi2, adx, fma, vzeroupper, clflush, clflushopt

Memory: 4k page, system-wide physical 16259M (2560M free)
TotalPageFile size 18307M (AvailPageFile size 5M)
current process WorkingSet (physical memory assigned to process): 457M, peak: 461M
current process commit charge ("private bytes"): 506M, peak: 521M

vm_info: OpenJDK 64-Bit Server VM (17.0.6+0-b2043.56-9586694) for windows-amd64 JRE (17.0.6+0-b2043.56-9586694), built on Feb  9 2023 20:06:20 by "androidbuild" with MS VC++ 16.10 / 16.11 (VS2019)

END.
